  [2m2026-06-13T12:46:25.285033Z[0m [32m INFO[0m [1;32mrch::hook[0m[32m: [32mSelected worker: ovh-a at ubuntu@51.222.245.56 (2 slots remaining after reservation, speed 50.0)[0m
    [2;3mat[0m rch/src/hook.rs:514 [2;3mon[0m ThreadId(1)

  [2m2026-06-13T12:46:25.494284Z[0m [32m INFO[0m [1;32mrch::hook[0m[32m: [32mStarting remote compilation pipeline for frankenredis-coralox-3uwif-appendix-20260613 (hash: 31b90ba9c2f23d60)[0m
    [2;3mat[0m rch/src/hook.rs:5994 [2;3mon[0m ThreadId(1)

  [2m2026-06-13T12:46:25.494356Z[0m [32m INFO[0m [1;32mrch::hook[0m[32m: [32mPrepared dependency sync manifest for 14 roots[0m
    [2;3mat[0m rch/src/hook.rs:6016 [2;3mon[0m ThreadId(1)

  [2m2026-06-13T12:46:27.920210Z[0m [32m INFO[0m [1;32mrch::hook[0m[32m: [32mSyncing project to worker ovh-a...[0m
    [2;3mat[0m rch/src/hook.rs:6046 [2;3mon[0m ThreadId(1)

  [2m2026-06-13T12:46:27.920295Z[0m [32m INFO[0m [1;32mrch::transfer[0m[32m: [32mSyncing /data/projects/.scratch/frankenredis-coralox-3uwif-appendix-20260613 -> /data/projects/.scratch/frankenredis-coralox-3uwif-appendix-20260613 on ovh-a[0m
    [2;3mat[0m rch/src/transfer.rs:1434 [2;3mon[0m ThreadId(1)

  [2m2026-06-13T12:46:30.732559Z[0m [32m INFO[0m [1;32mrch::transfer[0m[32m: [32mSync completed in 2812ms[0m
    [2;3mat[0m rch/src/transfer.rs:1503 [2;3mon[0m ThreadId(1)

  [2m2026-06-13T12:46:30.732651Z[0m [32m INFO[0m [1;32mrch::transfer[0m[32m: [32mSyncing /data/projects/.scratch/frankenredis-coralox-3uwif-appendix-20260613/crates/fr-bench -> /data/projects/.scratch/frankenredis-coralox-3uwif-appendix-20260613/crates/fr-bench on ovh-a[0m
    [2;3mat[0m rch/src/transfer.rs:1434 [2;3mon[0m ThreadId(1)

  [2m2026-06-13T12:46:31.205265Z[0m [32m INFO[0m [1;32mrch::transfer[0m[32m: [32mSync completed in 472ms[0m
    [2;3mat[0m rch/src/transfer.rs:1503 [2;3mon[0m ThreadId(1)

  [2m2026-06-13T12:46:31.205342Z[0m [32m INFO[0m [1;32mrch::transfer[0m[32m: [32mSyncing /data/projects/.scratch/frankenredis-coralox-3uwif-appendix-20260613/crates/fr-command -> /data/projects/.scratch/frankenredis-coralox-3uwif-appendix-20260613/crates/fr-command on ovh-a[0m
    [2;3mat[0m rch/src/transfer.rs:1434 [2;3mon[0m ThreadId(1)

  [2m2026-06-13T12:46:31.680676Z[0m [32m INFO[0m [1;32mrch::transfer[0m[32m: [32mSync completed in 475ms[0m
    [2;3mat[0m rch/src/transfer.rs:1503 [2;3mon[0m ThreadId(1)

  [2m2026-06-13T12:46:31.680772Z[0m [32m INFO[0m [1;32mrch::transfer[0m[32m: [32mSyncing /data/projects/.scratch/frankenredis-coralox-3uwif-appendix-20260613/crates/fr-config -> /data/projects/.scratch/frankenredis-coralox-3uwif-appendix-20260613/crates/fr-config on ovh-a[0m
    [2;3mat[0m rch/src/transfer.rs:1434 [2;3mon[0m ThreadId(1)

  [2m2026-06-13T12:46:32.154508Z[0m [32m INFO[0m [1;32mrch::transfer[0m[32m: [32mSync completed in 473ms[0m
    [2;3mat[0m rch/src/transfer.rs:1503 [2;3mon[0m ThreadId(1)

  [2m2026-06-13T12:46:32.154586Z[0m [32m INFO[0m [1;32mrch::transfer[0m[32m: [32mSyncing /data/projects/.scratch/frankenredis-coralox-3uwif-appendix-20260613/crates/fr-conformance -> /data/projects/.scratch/frankenredis-coralox-3uwif-appendix-20260613/crates/fr-conformance on ovh-a[0m
    [2;3mat[0m rch/src/transfer.rs:1434 [2;3mon[0m ThreadId(1)

  [2m2026-06-13T12:46:32.618527Z[0m [32m INFO[0m [1;32mrch::transfer[0m[32m: [32mSync completed in 463ms[0m
    [2;3mat[0m rch/src/transfer.rs:1503 [2;3mon[0m ThreadId(1)

  [2m2026-06-13T12:46:32.618617Z[0m [32m INFO[0m [1;32mrch::transfer[0m[32m: [32mSyncing /data/projects/.scratch/frankenredis-coralox-3uwif-appendix-20260613/crates/fr-eventloop -> /data/projects/.scratch/frankenredis-coralox-3uwif-appendix-20260613/crates/fr-eventloop on ovh-a[0m
    [2;3mat[0m rch/src/transfer.rs:1434 [2;3mon[0m ThreadId(1)

  [2m2026-06-13T12:46:33.085812Z[0m [32m INFO[0m [1;32mrch::transfer[0m[32m: [32mSync completed in 467ms[0m
    [2;3mat[0m rch/src/transfer.rs:1503 [2;3mon[0m ThreadId(1)

  [2m2026-06-13T12:46:33.085907Z[0m [32m INFO[0m [1;32mrch::transfer[0m[32m: [32mSyncing /data/projects/.scratch/frankenredis-coralox-3uwif-appendix-20260613/crates/fr-expire -> /data/projects/.scratch/frankenredis-coralox-3uwif-appendix-20260613/crates/fr-expire on ovh-a[0m
    [2;3mat[0m rch/src/transfer.rs:1434 [2;3mon[0m ThreadId(1)

  [2m2026-06-13T12:46:33.564761Z[0m [32m INFO[0m [1;32mrch::transfer[0m[32m: [32mSync completed in 478ms[0m
    [2;3mat[0m rch/src/transfer.rs:1503 [2;3mon[0m ThreadId(1)

  [2m2026-06-13T12:46:33.564871Z[0m [32m INFO[0m [1;32mrch::transfer[0m[32m: [32mSyncing /data/projects/.scratch/frankenredis-coralox-3uwif-appendix-20260613/crates/fr-persist -> /data/projects/.scratch/frankenredis-coralox-3uwif-appendix-20260613/crates/fr-persist on ovh-a[0m
    [2;3mat[0m rch/src/transfer.rs:1434 [2;3mon[0m ThreadId(1)

  [2m2026-06-13T12:46:34.044452Z[0m [32m INFO[0m [1;32mrch::transfer[0m[32m: [32mSync completed in 479ms[0m
    [2;3mat[0m rch/src/transfer.rs:1503 [2;3mon[0m ThreadId(1)

  [2m2026-06-13T12:46:34.044542Z[0m [32m INFO[0m [1;32mrch::transfer[0m[32m: [32mSyncing /data/projects/.scratch/frankenredis-coralox-3uwif-appendix-20260613/crates/fr-protocol -> /data/projects/.scratch/frankenredis-coralox-3uwif-appendix-20260613/crates/fr-protocol on ovh-a[0m
    [2;3mat[0m rch/src/transfer.rs:1434 [2;3mon[0m ThreadId(1)

  [2m2026-06-13T12:46:34.522668Z[0m [32m INFO[0m [1;32mrch::transfer[0m[32m: [32mSync completed in 478ms[0m
    [2;3mat[0m rch/src/transfer.rs:1503 [2;3mon[0m ThreadId(1)

  [2m2026-06-13T12:46:34.522760Z[0m [32m INFO[0m [1;32mrch::transfer[0m[32m: [32mSyncing /data/projects/.scratch/frankenredis-coralox-3uwif-appendix-20260613/crates/fr-repl -> /data/projects/.scratch/frankenredis-coralox-3uwif-appendix-20260613/crates/fr-repl on ovh-a[0m
    [2;3mat[0m rch/src/transfer.rs:1434 [2;3mon[0m ThreadId(1)

  [2m2026-06-13T12:46:34.997352Z[0m [32m INFO[0m [1;32mrch::transfer[0m[32m: [32mSync completed in 474ms[0m
    [2;3mat[0m rch/src/transfer.rs:1503 [2;3mon[0m ThreadId(1)

  [2m2026-06-13T12:46:34.997449Z[0m [32m INFO[0m [1;32mrch::transfer[0m[32m: [32mSyncing /data/projects/.scratch/frankenredis-coralox-3uwif-appendix-20260613/crates/fr-runtime -> /data/projects/.scratch/frankenredis-coralox-3uwif-appendix-20260613/crates/fr-runtime on ovh-a[0m
    [2;3mat[0m rch/src/transfer.rs:1434 [2;3mon[0m ThreadId(1)

  [2m2026-06-13T12:46:35.476462Z[0m [32m INFO[0m [1;32mrch::transfer[0m[32m: [32mSync completed in 478ms[0m
    [2;3mat[0m rch/src/transfer.rs:1503 [2;3mon[0m ThreadId(1)

  [2m2026-06-13T12:46:35.476561Z[0m [32m INFO[0m [1;32mrch::transfer[0m[32m: [32mSyncing /data/projects/.scratch/frankenredis-coralox-3uwif-appendix-20260613/crates/fr-sentinel -> /data/projects/.scratch/frankenredis-coralox-3uwif-appendix-20260613/crates/fr-sentinel on ovh-a[0m
    [2;3mat[0m rch/src/transfer.rs:1434 [2;3mon[0m ThreadId(1)

  [2m2026-06-13T12:46:35.929259Z[0m [32m INFO[0m [1;32mrch::transfer[0m[32m: [32mSync completed in 452ms[0m
    [2;3mat[0m rch/src/transfer.rs:1503 [2;3mon[0m ThreadId(1)

  [2m2026-06-13T12:46:35.929345Z[0m [32m INFO[0m [1;32mrch::transfer[0m[32m: [32mSyncing /data/projects/.scratch/frankenredis-coralox-3uwif-appendix-20260613/crates/fr-server -> /data/projects/.scratch/frankenredis-coralox-3uwif-appendix-20260613/crates/fr-server on ovh-a[0m
    [2;3mat[0m rch/src/transfer.rs:1434 [2;3mon[0m ThreadId(1)

  [2m2026-06-13T12:46:36.401760Z[0m [32m INFO[0m [1;32mrch::transfer[0m[32m: [32mSync completed in 472ms[0m
    [2;3mat[0m rch/src/transfer.rs:1503 [2;3mon[0m ThreadId(1)

  [2m2026-06-13T12:46:36.401853Z[0m [32m INFO[0m [1;32mrch::transfer[0m[32m: [32mSyncing /data/projects/.scratch/frankenredis-coralox-3uwif-appendix-20260613/crates/fr-store -> /data/projects/.scratch/frankenredis-coralox-3uwif-appendix-20260613/crates/fr-store on ovh-a[0m
    [2;3mat[0m rch/src/transfer.rs:1434 [2;3mon[0m ThreadId(1)

  [2m2026-06-13T12:46:36.926759Z[0m [32m INFO[0m [1;32mrch::transfer[0m[32m: [32mSync completed in 524ms[0m
    [2;3mat[0m rch/src/transfer.rs:1503 [2;3mon[0m ThreadId(1)

  [2m2026-06-13T12:46:36.926810Z[0m [32m INFO[0m [1;32mrch::hook[0m[32m: [32mSync complete: 94834 files, 4762106 bytes in 8997ms[0m
    [2;3mat[0m rch/src/hook.rs:6209 [2;3mon[0m ThreadId(1)

  [2m2026-06-13T12:46:38.378826Z[0m [32m INFO[0m [1;32mrch::hook[0m[32m: [32mExecuting command remotely: env cargo check -p fr-store --lib[0m
    [2;3mat[0m rch/src/hook.rs:6252 [2;3mon[0m ThreadId(1)

  [2m2026-06-13T12:46:38.378869Z[0m [32m INFO[0m [1;32mrch::transfer[0m[32m: [32mRewriting CARGO_TARGET_DIR for remote execution (worker-scoped path): /data/tmp/frankenredis-63c8x-check-target -> /data/projects/.scratch/frankenredis-coralox-3uwif-appendix-20260613/.rch-target-ovh-a-job-29884606035528196-1781354787920200982-0[0m
    [2;3mat[0m rch/src/transfer.rs:712 [2;3mon[0m ThreadId(1)

    Updating crates.io index
 Downloading crates ...
  Downloaded equivalent v1.0.2
  Downloaded foldhash v0.1.5
  Downloaded indexmap v2.14.0
  Downloaded serde_core v1.0.228
  Downloaded hashbrown v0.17.0
  Downloaded libc v0.2.185
   Compiling libc v0.2.185
    Checking fr-protocol v0.1.0 (/data/projects/.scratch/frankenredis-coralox-3uwif-appendix-20260613/crates/fr-protocol)
    Checking hashbrown v0.17.0
    Checking equivalent v1.0.2
    Checking foldhash v0.1.5
    Checking fr-expire v0.1.0 (/data/projects/.scratch/frankenredis-coralox-3uwif-appendix-20260613/crates/fr-expire)
    Checking fr-persist v0.1.0 (/data/projects/.scratch/frankenredis-coralox-3uwif-appendix-20260613/crates/fr-persist)
    Checking fr-sentinel v0.1.0 (/data/projects/.scratch/frankenredis-coralox-3uwif-appendix-20260613/crates/fr-sentinel)
    Checking indexmap v2.14.0
    Checking fr-store v0.1.0 (/data/projects/.scratch/frankenredis-coralox-3uwif-appendix-20260613/crates/fr-store)
    Finished `dev` profile [unoptimized + debuginfo] target(s) in 3.58s
  [2m2026-06-13T12:46:42.558960Z[0m [32m INFO[0m [1;32mrch::hook[0m[32m: [32mRemote command finished: exit=0 in 4180ms[0m
    [2;3mat[0m rch/src/hook.rs:6376 [2;3mon[0m ThreadId(1)

  [2m2026-06-13T12:46:42.559274Z[0m [32m INFO[0m [1;32mrch::hook[0m[32m: [32mRetrieving build artifacts...[0m
    [2;3mat[0m rch/src/hook.rs:6425 [2;3mon[0m ThreadId(1)

  [2m2026-06-13T12:46:42.559294Z[0m [32m INFO[0m [1;32mrch::transfer[0m[32m: [32mRetrieving artifacts from /data/projects/.scratch/frankenredis-coralox-3uwif-appendix-20260613 on ovh-a[0m
    [2;3mat[0m rch/src/transfer.rs:2106 [2;3mon[0m ThreadId(1)

  [2m2026-06-13T12:46:43.005885Z[0m [32m INFO[0m [1;32mrch::transfer[0m[32m: [32mArtifacts retrieved in 446ms (1 files, 1203 bytes)[0m
    [2;3mat[0m rch/src/transfer.rs:2145 [2;3mon[0m ThreadId(1)

  [2m2026-06-13T12:46:43.005913Z[0m [32m INFO[0m [1;32mrch::hook[0m[32m: [32mArtifacts retrieved: 1 files, 1203 bytes in 446ms[0m
    [2;3mat[0m rch/src/hook.rs:6458 [2;3mon[0m ThreadId(1)

  [2m2026-06-13T12:46:43.006028Z[0m [32m INFO[0m [1;32mrch::transfer[0m[32m: [32mRetrieving artifacts from /data/projects/.scratch/frankenredis-coralox-3uwif-appendix-20260613/.rch-target-ovh-a-job-29884606035528196-1781354787920200982-0 on ovh-a[0m
    [2;3mat[0m rch/src/transfer.rs:2106 [2;3mon[0m ThreadId(1)

  [2m2026-06-13T12:46:43.823116Z[0m [32m INFO[0m [1;32mrch::transfer[0m[32m: [32mArtifacts retrieved in 817ms (133 files, 2146 bytes)[0m
    [2;3mat[0m rch/src/transfer.rs:2145 [2;3mon[0m ThreadId(1)

  [2m2026-06-13T12:46:43.823156Z[0m [32m INFO[0m [1;32mrch::hook[0m[32m: [32mCustom CARGO_TARGET_DIR artifacts retrieved: 133 files, 2146 bytes in 817ms[0m
    [2;3mat[0m rch/src/hook.rs:6582 [2;3mon[0m ThreadId(1)

[RCH] remote ovh-a (18.5s)
