  [2m2026-06-14T03:13:10.862555Z[0m [32m INFO[0m [1;32mrch::hook[0m[32m: [32mSelected worker: vmi1152480 at root@109.205.181.92 (1 slots remaining after reservation, speed 50.0)[0m
    [2;3mat[0m rch/src/hook.rs:514 [2;3mon[0m ThreadId(1)

  [2m2026-06-14T03:13:11.243876Z[0m [32m INFO[0m [1;32mrch::hook[0m[32m: [32mStarting remote compilation pipeline for frankenredis-ohsk5.57-pass190-baseline-331491f35 (hash: 3cbf7b35f8268e60)[0m
    [2;3mat[0m rch/src/hook.rs:5994 [2;3mon[0m ThreadId(1)

  [2m2026-06-14T03:13:11.244208Z[0m [32m INFO[0m [1;32mrch::hook[0m[32m: [32mPrepared dependency sync manifest for 14 roots[0m
    [2;3mat[0m rch/src/hook.rs:6016 [2;3mon[0m ThreadId(1)

  [2m2026-06-14T03:13:15.329647Z[0m [32m INFO[0m [1;32mrch::hook[0m[32m: [32mSyncing project to worker vmi1152480...[0m
    [2;3mat[0m rch/src/hook.rs:6046 [2;3mon[0m ThreadId(1)

  [2m2026-06-14T03:13:15.329715Z[0m [32m INFO[0m [1;32mrch::transfer[0m[32m: [32mSyncing /data/projects/.scratch/frankenredis-ohsk5.57-pass190-baseline-331491f35 -> /data/projects/.scratch/frankenredis-ohsk5.57-pass190-baseline-331491f35 on vmi1152480[0m
    [2;3mat[0m rch/src/transfer.rs:1434 [2;3mon[0m ThreadId(1)

  [2m2026-06-14T03:13:47.222426Z[0m [32m INFO[0m [1;32mrch::transfer[0m[32m: [32mSync completed in 31892ms[0m
    [2;3mat[0m rch/src/transfer.rs:1503 [2;3mon[0m ThreadId(1)

  [2m2026-06-14T03:13:47.222493Z[0m [32m INFO[0m [1;32mrch::transfer[0m[32m: [32mSyncing /data/projects/.scratch/frankenredis-ohsk5.57-pass190-baseline-331491f35/crates/fr-bench -> /data/projects/.scratch/frankenredis-ohsk5.57-pass190-baseline-331491f35/crates/fr-bench on vmi1152480[0m
    [2;3mat[0m rch/src/transfer.rs:1434 [2;3mon[0m ThreadId(1)

  [2m2026-06-14T03:13:49.441760Z[0m [32m INFO[0m [1;32mrch::transfer[0m[32m: [32mSync completed in 2219ms[0m
    [2;3mat[0m rch/src/transfer.rs:1503 [2;3mon[0m ThreadId(1)

  [2m2026-06-14T03:13:49.441851Z[0m [32m INFO[0m [1;32mrch::transfer[0m[32m: [32mSyncing /data/projects/.scratch/frankenredis-ohsk5.57-pass190-baseline-331491f35/crates/fr-command -> /data/projects/.scratch/frankenredis-ohsk5.57-pass190-baseline-331491f35/crates/fr-command on vmi1152480[0m
    [2;3mat[0m rch/src/transfer.rs:1434 [2;3mon[0m ThreadId(1)

  [2m2026-06-14T03:13:51.847096Z[0m [32m INFO[0m [1;32mrch::transfer[0m[32m: [32mSync completed in 2405ms[0m
    [2;3mat[0m rch/src/transfer.rs:1503 [2;3mon[0m ThreadId(1)

  [2m2026-06-14T03:13:51.847178Z[0m [32m INFO[0m [1;32mrch::transfer[0m[32m: [32mSyncing /data/projects/.scratch/frankenredis-ohsk5.57-pass190-baseline-331491f35/crates/fr-config -> /data/projects/.scratch/frankenredis-ohsk5.57-pass190-baseline-331491f35/crates/fr-config on vmi1152480[0m
    [2;3mat[0m rch/src/transfer.rs:1434 [2;3mon[0m ThreadId(1)

  [2m2026-06-14T03:13:53.953066Z[0m [32m INFO[0m [1;32mrch::transfer[0m[32m: [32mSync completed in 2105ms[0m
    [2;3mat[0m rch/src/transfer.rs:1503 [2;3mon[0m ThreadId(1)

  [2m2026-06-14T03:13:53.953157Z[0m [32m INFO[0m [1;32mrch::transfer[0m[32m: [32mSyncing /data/projects/.scratch/frankenredis-ohsk5.57-pass190-baseline-331491f35/crates/fr-conformance -> /data/projects/.scratch/frankenredis-ohsk5.57-pass190-baseline-331491f35/crates/fr-conformance on vmi1152480[0m
    [2;3mat[0m rch/src/transfer.rs:1434 [2;3mon[0m ThreadId(1)

  [2m2026-06-14T03:13:56.165138Z[0m [32m INFO[0m [1;32mrch::transfer[0m[32m: [32mSync completed in 2211ms[0m
    [2;3mat[0m rch/src/transfer.rs:1503 [2;3mon[0m ThreadId(1)

  [2m2026-06-14T03:13:56.165289Z[0m [32m INFO[0m [1;32mrch::transfer[0m[32m: [32mSyncing /data/projects/.scratch/frankenredis-ohsk5.57-pass190-baseline-331491f35/crates/fr-eventloop -> /data/projects/.scratch/frankenredis-ohsk5.57-pass190-baseline-331491f35/crates/fr-eventloop on vmi1152480[0m
    [2;3mat[0m rch/src/transfer.rs:1434 [2;3mon[0m ThreadId(1)

  [2m2026-06-14T03:13:58.579272Z[0m [32m INFO[0m [1;32mrch::transfer[0m[32m: [32mSync completed in 2413ms[0m
    [2;3mat[0m rch/src/transfer.rs:1503 [2;3mon[0m ThreadId(1)

  [2m2026-06-14T03:13:58.579344Z[0m [32m INFO[0m [1;32mrch::transfer[0m[32m: [32mSyncing /data/projects/.scratch/frankenredis-ohsk5.57-pass190-baseline-331491f35/crates/fr-expire -> /data/projects/.scratch/frankenredis-ohsk5.57-pass190-baseline-331491f35/crates/fr-expire on vmi1152480[0m
    [2;3mat[0m rch/src/transfer.rs:1434 [2;3mon[0m ThreadId(1)

  [2m2026-06-14T03:14:00.853518Z[0m [32m INFO[0m [1;32mrch::transfer[0m[32m: [32mSync completed in 2274ms[0m
    [2;3mat[0m rch/src/transfer.rs:1503 [2;3mon[0m ThreadId(1)

  [2m2026-06-14T03:14:00.853603Z[0m [32m INFO[0m [1;32mrch::transfer[0m[32m: [32mSyncing /data/projects/.scratch/frankenredis-ohsk5.57-pass190-baseline-331491f35/crates/fr-persist -> /data/projects/.scratch/frankenredis-ohsk5.57-pass190-baseline-331491f35/crates/fr-persist on vmi1152480[0m
    [2;3mat[0m rch/src/transfer.rs:1434 [2;3mon[0m ThreadId(1)

  [2m2026-06-14T03:14:03.357878Z[0m [32m INFO[0m [1;32mrch::transfer[0m[32m: [32mSync completed in 2504ms[0m
    [2;3mat[0m rch/src/transfer.rs:1503 [2;3mon[0m ThreadId(1)

  [2m2026-06-14T03:14:03.357989Z[0m [32m INFO[0m [1;32mrch::transfer[0m[32m: [32mSyncing /data/projects/.scratch/frankenredis-ohsk5.57-pass190-baseline-331491f35/crates/fr-protocol -> /data/projects/.scratch/frankenredis-ohsk5.57-pass190-baseline-331491f35/crates/fr-protocol on vmi1152480[0m
    [2;3mat[0m rch/src/transfer.rs:1434 [2;3mon[0m ThreadId(1)

  [2m2026-06-14T03:14:05.684927Z[0m [32m INFO[0m [1;32mrch::transfer[0m[32m: [32mSync completed in 2326ms[0m
    [2;3mat[0m rch/src/transfer.rs:1503 [2;3mon[0m ThreadId(1)

  [2m2026-06-14T03:14:05.685046Z[0m [32m INFO[0m [1;32mrch::transfer[0m[32m: [32mSyncing /data/projects/.scratch/frankenredis-ohsk5.57-pass190-baseline-331491f35/crates/fr-repl -> /data/projects/.scratch/frankenredis-ohsk5.57-pass190-baseline-331491f35/crates/fr-repl on vmi1152480[0m
    [2;3mat[0m rch/src/transfer.rs:1434 [2;3mon[0m ThreadId(1)

  [2m2026-06-14T03:14:07.982455Z[0m [32m INFO[0m [1;32mrch::transfer[0m[32m: [32mSync completed in 2297ms[0m
    [2;3mat[0m rch/src/transfer.rs:1503 [2;3mon[0m ThreadId(1)

  [2m2026-06-14T03:14:07.982538Z[0m [32m INFO[0m [1;32mrch::transfer[0m[32m: [32mSyncing /data/projects/.scratch/frankenredis-ohsk5.57-pass190-baseline-331491f35/crates/fr-runtime -> /data/projects/.scratch/frankenredis-ohsk5.57-pass190-baseline-331491f35/crates/fr-runtime on vmi1152480[0m
    [2;3mat[0m rch/src/transfer.rs:1434 [2;3mon[0m ThreadId(1)

  [2m2026-06-14T03:14:10.082748Z[0m [32m INFO[0m [1;32mrch::transfer[0m[32m: [32mSync completed in 2100ms[0m
    [2;3mat[0m rch/src/transfer.rs:1503 [2;3mon[0m ThreadId(1)

  [2m2026-06-14T03:14:10.082835Z[0m [32m INFO[0m [1;32mrch::transfer[0m[32m: [32mSyncing /data/projects/.scratch/frankenredis-ohsk5.57-pass190-baseline-331491f35/crates/fr-sentinel -> /data/projects/.scratch/frankenredis-ohsk5.57-pass190-baseline-331491f35/crates/fr-sentinel on vmi1152480[0m
    [2;3mat[0m rch/src/transfer.rs:1434 [2;3mon[0m ThreadId(1)

  [2m2026-06-14T03:14:12.652669Z[0m [32m INFO[0m [1;32mrch::transfer[0m[32m: [32mSync completed in 2569ms[0m
    [2;3mat[0m rch/src/transfer.rs:1503 [2;3mon[0m ThreadId(1)

  [2m2026-06-14T03:14:12.652743Z[0m [32m INFO[0m [1;32mrch::transfer[0m[32m: [32mSyncing /data/projects/.scratch/frankenredis-ohsk5.57-pass190-baseline-331491f35/crates/fr-server -> /data/projects/.scratch/frankenredis-ohsk5.57-pass190-baseline-331491f35/crates/fr-server on vmi1152480[0m
    [2;3mat[0m rch/src/transfer.rs:1434 [2;3mon[0m ThreadId(1)

  [2m2026-06-14T03:14:14.941431Z[0m [32m INFO[0m [1;32mrch::transfer[0m[32m: [32mSync completed in 2288ms[0m
    [2;3mat[0m rch/src/transfer.rs:1503 [2;3mon[0m ThreadId(1)

  [2m2026-06-14T03:14:14.941512Z[0m [32m INFO[0m [1;32mrch::transfer[0m[32m: [32mSyncing /data/projects/.scratch/frankenredis-ohsk5.57-pass190-baseline-331491f35/crates/fr-store -> /data/projects/.scratch/frankenredis-ohsk5.57-pass190-baseline-331491f35/crates/fr-store on vmi1152480[0m
    [2;3mat[0m rch/src/transfer.rs:1434 [2;3mon[0m ThreadId(1)

  [2m2026-06-14T03:14:17.048448Z[0m [32m INFO[0m [1;32mrch::transfer[0m[32m: [32mSync completed in 2106ms[0m
    [2;3mat[0m rch/src/transfer.rs:1503 [2;3mon[0m ThreadId(1)

  [2m2026-06-14T03:14:17.048485Z[0m [32m INFO[0m [1;32mrch::hook[0m[32m: [32mSync complete: 93675 files, 55961378 bytes in 61709ms[0m
    [2;3mat[0m rch/src/hook.rs:6209 [2;3mon[0m ThreadId(1)

  [2m2026-06-14T03:14:23.324818Z[0m [32m INFO[0m [1;32mrch::hook[0m[32m: [32mExecuting command remotely: env 'CARGO_BUILD_JOBS=1' cargo build -j 1 --profile release-perf -p fr-server -p fr-bench[0m
    [2;3mat[0m rch/src/hook.rs:6252 [2;3mon[0m ThreadId(1)

  [2m2026-06-14T03:14:23.324857Z[0m [32m INFO[0m [1;32mrch::transfer[0m[32m: [32mRewriting CARGO_TARGET_DIR for remote execution (worker-scoped path): /data/projects/.scratch/frankenredis-ohsk5.57-pass190-baseline-331491f35/target-ohsk5-57-candidate -> /data/projects/.scratch/frankenredis-ohsk5.57-pass190-baseline-331491f35/.rch-target-vmi1152480-job-29884606035530500-1781406795329639162-0[0m
    [2;3mat[0m rch/src/transfer.rs:712 [2;3mon[0m ThreadId(1)

    Updating crates.io index
 Downloading crates ...
  Downloaded block-buffer v0.12.0
  Downloaded adler2 v2.0.1
  Downloaded base64 v0.21.7
  Downloaded autocfg v1.5.0
  Downloaded byteorder v1.5.0
  Downloaded mimalloc v0.1.49
  Downloaded cc v1.2.60
  Downloaded cfg-if v1.0.4
  Downloaded equivalent v1.0.2
  Downloaded hex v0.4.3
  Downloaded itoa v1.0.18
  Downloaded cpufeatures v0.3.0
  Downloaded digest v0.11.2
  Downloaded find-msvc-tools v0.1.9
  Downloaded foldhash v0.1.5
  Downloaded simd-adler32 v0.3.9
  Downloaded zmij v1.0.21
  Downloaded crypto-common v0.2.1
  Downloaded shlex v1.3.0
  Downloaded quote v1.0.45
  Downloaded sha2 v0.11.0
  Downloaded crc32fast v1.5.0
  Downloaded hybrid-array v0.4.10
  Downloaded num-traits v0.2.19
  Downloaded const-oid v0.10.2
  Downloaded serde_core v1.0.228
  Downloaded proc-macro2 v1.0.106
  Downloaded log v0.4.29
  Downloaded crossbeam-utils v0.8.21
  Downloaded miniz_oxide v0.8.9
  Downloaded serde_derive v1.0.228
  Downloaded unicode-ident v1.0.24
  Downloaded crossbeam-channel v0.5.15
  Downloaded flate2 v1.1.9
  Downloaded serde v1.0.228
  Downloaded memchr v2.8.0
  Downloaded typenum v1.20.0
  Downloaded minimal-lexical v0.2.1
  Downloaded mio v1.2.0
  Downloaded indexmap v2.14.0
  Downloaded nom v7.1.3
  Downloaded serde_json v1.0.149
  Downloaded hashbrown v0.17.0
  Downloaded syn v2.0.117
  Downloaded hdrhistogram v7.5.4
  Downloaded libmimalloc-sys v0.1.46
  Downloaded libc v0.2.185
   Compiling zmij v1.0.21
   Compiling serde_json v1.0.149
   Compiling serde_core v1.0.228
   Compiling typenum v1.20.0
   Compiling cfg-if v1.0.4
   Compiling hybrid-array v0.4.10
   Compiling fr-protocol v0.1.0 (/data/projects/.scratch/frankenredis-ohsk5.57-pass190-baseline-331491f35/crates/fr-protocol)
   Compiling memchr v2.8.0
   Compiling libc v0.2.185
   Compiling find-msvc-tools v0.1.9
   Compiling itoa v1.0.18
   Compiling proc-macro2 v1.0.106
   Compiling shlex v1.3.0
   Compiling cc v1.2.60
   Compiling block-buffer v0.12.0
   Compiling crypto-common v0.2.1
   Compiling const-oid v0.10.2
   Compiling equivalent v1.0.2
   Compiling quote v1.0.45
   Compiling unicode-ident v1.0.24
   Compiling hashbrown v0.17.0
   Compiling indexmap v2.14.0
   Compiling digest v0.11.2
   Compiling fr-command v0.1.0 (/data/projects/.scratch/frankenredis-ohsk5.57-pass190-baseline-331491f35/crates/fr-command)
   Compiling libmimalloc-sys v0.1.46
   Compiling fr-persist v0.1.0 (/data/projects/.scratch/frankenredis-ohsk5.57-pass190-baseline-331491f35/crates/fr-persist)
   Compiling fr-sentinel v0.1.0 (/data/projects/.scratch/frankenredis-ohsk5.57-pass190-baseline-331491f35/crates/fr-sentinel)
   Compiling foldhash v0.1.5
   Compiling crc32fast v1.5.0
   Compiling fr-expire v0.1.0 (/data/projects/.scratch/frankenredis-ohsk5.57-pass190-baseline-331491f35/crates/fr-expire)
   Compiling cpufeatures v0.3.0
   Compiling autocfg v1.5.0
   Compiling crossbeam-utils v0.8.21
   Compiling num-traits v0.2.19
   Compiling sha2 v0.11.0
   Compiling fr-store v0.1.0 (/data/projects/.scratch/frankenredis-ohsk5.57-pass190-baseline-331491f35/crates/fr-store)
   Compiling adler2 v2.0.1
   Compiling simd-adler32 v0.3.9
   Compiling miniz_oxide v0.8.9
   Compiling syn v2.0.117
   Compiling hex v0.4.3
   Compiling fr-repl v0.1.0 (/data/projects/.scratch/frankenredis-ohsk5.57-pass190-baseline-331491f35/crates/fr-repl)
   Compiling minimal-lexical v0.2.1
   Compiling serde v1.0.228
   Compiling fr-eventloop v0.1.0 (/data/projects/.scratch/frankenredis-ohsk5.57-pass190-baseline-331491f35/crates/fr-eventloop)
   Compiling log v0.4.29
   Compiling fr-config v0.1.0 (/data/projects/.scratch/frankenredis-ohsk5.57-pass190-baseline-331491f35/crates/fr-config)
   Compiling fr-runtime v0.1.0 (/data/projects/.scratch/frankenredis-ohsk5.57-pass190-baseline-331491f35/crates/fr-runtime)
   Compiling mio v1.2.0
   Compiling nom v7.1.3
   Compiling crossbeam-channel v0.5.15
   Compiling flate2 v1.1.9
   Compiling mimalloc v0.1.49
   Compiling serde_derive v1.0.228
   Compiling base64 v0.21.7
   Compiling byteorder v1.5.0
   Compiling hdrhistogram v7.5.4
   Compiling fr-server v0.1.0 (/data/projects/.scratch/frankenredis-ohsk5.57-pass190-baseline-331491f35/crates/fr-server)
   Compiling fr-bench v0.1.0 (/data/projects/.scratch/frankenredis-ohsk5.57-pass190-baseline-331491f35/crates/fr-bench)
    Finished `release-perf` profile [optimized + debuginfo] target(s) in 5m 56s
  [2m2026-06-14T03:20:22.724432Z[0m [32m INFO[0m [1;32mrch::hook[0m[32m: [32mRemote command finished: exit=0 in 359399ms[0m
    [2;3mat[0m rch/src/hook.rs:6376 [2;3mon[0m ThreadId(1)

  [2m2026-06-14T03:20:22.724764Z[0m [32m INFO[0m [1;32mrch::hook[0m[32m: [32mRetrieving build artifacts...[0m
    [2;3mat[0m rch/src/hook.rs:6425 [2;3mon[0m ThreadId(1)

  [2m2026-06-14T03:20:22.724788Z[0m [32m INFO[0m [1;32mrch::transfer[0m[32m: [32mRetrieving artifacts from /data/projects/.scratch/frankenredis-ohsk5.57-pass190-baseline-331491f35 on vmi1152480[0m
    [2;3mat[0m rch/src/transfer.rs:2106 [2;3mon[0m ThreadId(1)

  [2m2026-06-14T03:20:25.075127Z[0m [32m INFO[0m [1;32mrch::transfer[0m[32m: [32mArtifacts retrieved in 2350ms (1 files, 1235 bytes)[0m
    [2;3mat[0m rch/src/transfer.rs:2145 [2;3mon[0m ThreadId(1)

  [2m2026-06-14T03:20:25.075147Z[0m [32m INFO[0m [1;32mrch::hook[0m[32m: [32mArtifacts retrieved: 1 files, 1235 bytes in 2350ms[0m
    [2;3mat[0m rch/src/hook.rs:6458 [2;3mon[0m ThreadId(1)

  [2m2026-06-14T03:20:25.075265Z[0m [32m INFO[0m [1;32mrch::transfer[0m[32m: [32mRetrieving artifacts from /data/projects/.scratch/frankenredis-ohsk5.57-pass190-baseline-331491f35/.rch-target-vmi1152480-job-29884606035530500-1781406795329639162-0 on vmi1152480[0m
    [2;3mat[0m rch/src/transfer.rs:2106 [2;3mon[0m ThreadId(1)

  [2m2026-06-14T03:20:34.463024Z[0m [32m INFO[0m [1;32mrch::transfer[0m[32m: [32mArtifacts retrieved in 9387ms (795 files, 12930 bytes)[0m
    [2;3mat[0m rch/src/transfer.rs:2145 [2;3mon[0m ThreadId(1)

  [2m2026-06-14T03:20:34.463045Z[0m [32m INFO[0m [1;32mrch::hook[0m[32m: [32mCustom CARGO_TARGET_DIR artifacts retrieved: 795 files, 12930 bytes in 9387ms[0m
    [2;3mat[0m rch/src/hook.rs:6582 [2;3mon[0m ThreadId(1)

[RCH] remote vmi1152480 (443.6s)
