WARNING: Kernel address maps (/proc/{kallsyms,modules}) are restricted,
check /proc/sys/kernel/kptr_restrict and /proc/sys/kernel/perf_event_paranoid.

Samples in kernel functions may not be resolved if a suitable vmlinux
file is not found in the buildid cache or in the vmlinux path.

Samples in kernel modules won't be resolved at all.

If some relocation was applied (e.g. kexec) symbols may be misresolved
even with a suitable vmlinux or kallsyms file.

Couldn't record kernel reference relocation symbol
Symbol resolution may be skewed if relocation was used (e.g. kexec).
Check /proc/kallsyms permission or run as root.
FrankenRedis v0.1.0 ready (mode=strict, port=6651)
[ perf record: Woken up 6 times to write data ]
addr2line /tmp/rch_target_fr_ohsk5_p122_current/release-perf/frankenredis: unexpected record instead of sentineladdr2line /tmp/rch_target_fr_ohsk5_p122_current/release-perf/frankenredis: unexpected record instead of sentineladdr2line /tmp/rch_target_fr_ohsk5_p122_current/release-perf/frankenredis: unexpected record instead of sentineladdr2line /tmp/rch_target_fr_ohsk5_p122_current/release-perf/frankenredis: could not read first record
addr2line /tmp/rch_target_fr_ohsk5_p122_current/release-perf/frankenredis: unexpected record instead of sentineladdr2line /tmp/rch_target_fr_ohsk5_p122_current/release-perf/frankenredis: unexpected record instead of sentineladdr2line /tmp/rch_target_fr_ohsk5_p122_current/release-perf/frankenredis: unexpected record instead of sentineladdr2line /tmp/rch_target_fr_ohsk5_p122_current/release-perf/frankenredis: unexpected record instead of sentineladdr2line /tmp/rch_target_fr_ohsk5_p122_current/release-perf/frankenredis: could not read sentinel record
addr2line /tmp/rch_target_fr_ohsk5_p122_current/release-perf/frankenredis: could not read sentinel record
addr2line /tmp/rch_target_fr_ohsk5_p122_current/release-perf/frankenredis: unexpected record instead of sentineladdr2line /tmp/rch_target_fr_ohsk5_p122_current/release-perf/frankenredis: unexpected record instead of sentineladdr2line /tmp/rch_target_fr_ohsk5_p122_current/release-perf/frankenredis: unexpected record instead of sentineladdr2line /tmp/rch_target_fr_ohsk5_p122_current/release-perf/frankenredis: could not read sentinel record
addr2line /tmp/rch_target_fr_ohsk5_p122_current/release-perf/frankenredis: unexpected record instead of sentineladdr2line /tmp/rch_target_fr_ohsk5_p122_current/release-perf/frankenredis: could not read sentinel record
addr2line /tmp/rch_target_fr_ohsk5_p122_current/release-perf/frankenredis: unexpected record instead of sentineladdr2line /tmp/rch_target_fr_ohsk5_p122_current/release-perf/frankenredis: could not read sentinel record
addr2line /tmp/rch_target_fr_ohsk5_p122_current/release-perf/frankenredis: unexpected record instead of sentineladdr2line /tmp/rch_target_fr_ohsk5_p122_current/release-perf/frankenredis: could not read first record
addr2line /tmp/rch_target_fr_ohsk5_p122_current/release-perf/frankenredis: could not read first record
addr2line /tmp/rch_target_fr_ohsk5_p122_current/release-perf/frankenredis: could not read sentinel record
addr2line /tmp/rch_target_fr_ohsk5_p122_current/release-perf/frankenredis: could not read sentinel record
addr2line /tmp/rch_target_fr_ohsk5_p122_current/release-perf/frankenredis: could not read sentinel record
addr2line /tmp/rch_target_fr_ohsk5_p122_current/release-perf/frankenredis: could not read sentinel record
addr2line /tmp/rch_target_fr_ohsk5_p122_current/release-perf/frankenredis: could not read sentinel record
addr2line /tmp/rch_target_fr_ohsk5_p122_current/release-perf/frankenredis: could not read sentinel record
addr2line /tmp/rch_target_fr_ohsk5_p122_current/release-perf/frankenredis: could not read sentinel record
addr2line /tmp/rch_target_fr_ohsk5_p122_current/release-perf/frankenredis: unexpected record instead of sentineladdr2line /tmp/rch_target_fr_ohsk5_p122_current/release-perf/frankenredis: unexpected record instead of sentineladdr2line /tmp/rch_target_fr_ohsk5_p122_current/release-perf/frankenredis: could not read sentinel record
addr2line /tmp/rch_target_fr_ohsk5_p122_current/release-perf/frankenredis: could not read sentinel record
addr2line /tmp/rch_target_fr_ohsk5_p122_current/release-perf/frankenredis: unexpected record instead of sentineladdr2line /tmp/rch_target_fr_ohsk5_p122_current/release-perf/frankenredis: unexpected record instead of sentineladdr2line /tmp/rch_target_fr_ohsk5_p122_current/release-perf/frankenredis: could not read sentinel record
addr2line /tmp/rch_target_fr_ohsk5_p122_current/release-perf/frankenredis: could not read sentinel record
addr2line /tmp/rch_target_fr_ohsk5_p122_current/release-perf/frankenredis: could not read sentinel record
addr2line /tmp/rch_target_fr_ohsk5_p122_current/release-perf/frankenredis: unexpected record instead of sentineladdr2line /tmp/rch_target_fr_ohsk5_p122_current/release-perf/frankenredis: could not read sentinel record
addr2line /tmp/rch_target_fr_ohsk5_p122_current/release-perf/frankenredis: could not read sentinel record
addr2line /tmp/rch_target_fr_ohsk5_p122_current/release-perf/frankenredis: could not read sentinel record
addr2line /tmp/rch_target_fr_ohsk5_p122_current/release-perf/frankenredis: unexpected record instead of sentineladdr2line /tmp/rch_target_fr_ohsk5_p122_current/release-perf/frankenredis: could not read sentinel record
addr2line /tmp/rch_target_fr_ohsk5_p122_current/release-perf/frankenredis: unexpected record instead of sentineladdr2line /tmp/rch_target_fr_ohsk5_p122_current/release-perf/frankenredis: could not read sentinel record
addr2line /tmp/rch_target_fr_ohsk5_p122_current/release-perf/frankenredis: could not read sentinel record
addr2line /tmp/rch_target_fr_ohsk5_p122_current/release-perf/frankenredis: could not read sentinel record
addr2line /tmp/rch_target_fr_ohsk5_p122_current/release-perf/frankenredis: could not read first record
addr2line /tmp/rch_target_fr_ohsk5_p122_current/release-perf/frankenredis: unexpected record instead of sentineladdr2line /tmp/rch_target_fr_ohsk5_p122_current/release-perf/frankenredis: could not read sentinel record
addr2line /tmp/rch_target_fr_ohsk5_p122_current/release-perf/frankenredis: could not read sentinel record
addr2line /tmp/rch_target_fr_ohsk5_p122_current/release-perf/frankenredis: could not read sentinel record
addr2line /tmp/rch_target_fr_ohsk5_p122_current/release-perf/frankenredis: could not read sentinel record
addr2line /tmp/rch_target_fr_ohsk5_p122_current/release-perf/frankenredis: unexpected record instead of sentineladdr2line /tmp/rch_target_fr_ohsk5_p122_current/release-perf/frankenredis: could not read first record
addr2line /tmp/rch_target_fr_ohsk5_p122_current/release-perf/frankenredis: could not read sentinel record
addr2line /tmp/rch_target_fr_ohsk5_p122_current/release-perf/frankenredis: unexpected record instead of sentineladdr2line /tmp/rch_target_fr_ohsk5_p122_current/release-perf/frankenredis: unexpected record instead of sentineladdr2line /tmp/rch_target_fr_ohsk5_p122_current/release-perf/frankenredis: unexpected record instead of sentineladdr2line /tmp/rch_target_fr_ohsk5_p122_current/release-perf/frankenredis: unexpected record instead of sentineladdr2line /tmp/rch_target_fr_ohsk5_p122_current/release-perf/frankenredis: unexpected record instead of sentineladdr2line /tmp/rch_target_fr_ohsk5_p122_current/release-perf/frankenredis: could not read sentinel record
addr2line /tmp/rch_target_fr_ohsk5_p122_current/release-perf/frankenredis: could not read sentinel record
addr2line /tmp/rch_target_fr_ohsk5_p122_current/release-perf/frankenredis: could not read first record
addr2line /tmp/rch_target_fr_ohsk5_p122_current/release-perf/frankenredis: unexpected record instead of sentineladdr2line /tmp/rch_target_fr_ohsk5_p122_current/release-perf/frankenredis: could not read sentinel record
addr2line /tmp/rch_target_fr_ohsk5_p122_current/release-perf/frankenredis: could not read sentinel record
[ perf record: Captured and wrote 40.801 MB artifacts/optimization/frankenredis-ohsk5/pass122/profile/perf-get-p16-c50-3m.data (5289 samples) ]
