  [2m2026-06-13T13:06:23.917205Z[0m [32m INFO[0m [1;32mrch::hook[0m[32m: [32mSelected worker: ovh-a at ubuntu@51.222.245.56 (2 slots remaining after reservation, speed 50.0)[0m
    [2;3mat[0m rch/src/hook.rs:514 [2;3mon[0m ThreadId(1)

  [2m2026-06-13T13:06:24.122798Z[0m [32m INFO[0m [1;32mrch::hook[0m[32m: [32mStarting remote compilation pipeline for frankenredis-coralox-3uwif-appendix-20260613 (hash: 31b90ba9c2f23d60)[0m
    [2;3mat[0m rch/src/hook.rs:5994 [2;3mon[0m ThreadId(1)

  [2m2026-06-13T13:06:24.122835Z[0m [32m INFO[0m [1;32mrch::hook[0m[32m: [32mPrepared dependency sync manifest for 14 roots[0m
    [2;3mat[0m rch/src/hook.rs:6016 [2;3mon[0m ThreadId(1)

  [2m2026-06-13T13:06:26.437915Z[0m [32m INFO[0m [1;32mrch::hook[0m[32m: [32mSyncing project to worker ovh-a...[0m
    [2;3mat[0m rch/src/hook.rs:6046 [2;3mon[0m ThreadId(1)

  [2m2026-06-13T13:06:26.438021Z[0m [32m INFO[0m [1;32mrch::transfer[0m[32m: [32mSyncing /data/projects/.scratch/frankenredis-coralox-3uwif-appendix-20260613 -> /data/projects/.scratch/frankenredis-coralox-3uwif-appendix-20260613 on ovh-a[0m
    [2;3mat[0m rch/src/transfer.rs:1434 [2;3mon[0m ThreadId(1)

  [2m2026-06-13T13:06:28.870526Z[0m [32m INFO[0m [1;32mrch::transfer[0m[32m: [32mSync completed in 2432ms[0m
    [2;3mat[0m rch/src/transfer.rs:1503 [2;3mon[0m ThreadId(1)

  [2m2026-06-13T13:06:28.870598Z[0m [32m INFO[0m [1;32mrch::transfer[0m[32m: [32mSyncing /data/projects/.scratch/frankenredis-coralox-3uwif-appendix-20260613/crates/fr-bench -> /data/projects/.scratch/frankenredis-coralox-3uwif-appendix-20260613/crates/fr-bench on ovh-a[0m
    [2;3mat[0m rch/src/transfer.rs:1434 [2;3mon[0m ThreadId(1)

  [2m2026-06-13T13:06:29.333581Z[0m [32m INFO[0m [1;32mrch::transfer[0m[32m: [32mSync completed in 462ms[0m
    [2;3mat[0m rch/src/transfer.rs:1503 [2;3mon[0m ThreadId(1)

  [2m2026-06-13T13:06:29.333673Z[0m [32m INFO[0m [1;32mrch::transfer[0m[32m: [32mSyncing /data/projects/.scratch/frankenredis-coralox-3uwif-appendix-20260613/crates/fr-command -> /data/projects/.scratch/frankenredis-coralox-3uwif-appendix-20260613/crates/fr-command on ovh-a[0m
    [2;3mat[0m rch/src/transfer.rs:1434 [2;3mon[0m ThreadId(1)

  [2m2026-06-13T13:06:29.813501Z[0m [32m INFO[0m [1;32mrch::transfer[0m[32m: [32mSync completed in 479ms[0m
    [2;3mat[0m rch/src/transfer.rs:1503 [2;3mon[0m ThreadId(1)

  [2m2026-06-13T13:06:29.813613Z[0m [32m INFO[0m [1;32mrch::transfer[0m[32m: [32mSyncing /data/projects/.scratch/frankenredis-coralox-3uwif-appendix-20260613/crates/fr-config -> /data/projects/.scratch/frankenredis-coralox-3uwif-appendix-20260613/crates/fr-config on ovh-a[0m
    [2;3mat[0m rch/src/transfer.rs:1434 [2;3mon[0m ThreadId(1)

  [2m2026-06-13T13:06:30.281500Z[0m [32m INFO[0m [1;32mrch::transfer[0m[32m: [32mSync completed in 467ms[0m
    [2;3mat[0m rch/src/transfer.rs:1503 [2;3mon[0m ThreadId(1)

  [2m2026-06-13T13:06:30.281573Z[0m [32m INFO[0m [1;32mrch::transfer[0m[32m: [32mSyncing /data/projects/.scratch/frankenredis-coralox-3uwif-appendix-20260613/crates/fr-conformance -> /data/projects/.scratch/frankenredis-coralox-3uwif-appendix-20260613/crates/fr-conformance on ovh-a[0m
    [2;3mat[0m rch/src/transfer.rs:1434 [2;3mon[0m ThreadId(1)

  [2m2026-06-13T13:06:30.738084Z[0m [32m INFO[0m [1;32mrch::transfer[0m[32m: [32mSync completed in 456ms[0m
    [2;3mat[0m rch/src/transfer.rs:1503 [2;3mon[0m ThreadId(1)

  [2m2026-06-13T13:06:30.738167Z[0m [32m INFO[0m [1;32mrch::transfer[0m[32m: [32mSyncing /data/projects/.scratch/frankenredis-coralox-3uwif-appendix-20260613/crates/fr-eventloop -> /data/projects/.scratch/frankenredis-coralox-3uwif-appendix-20260613/crates/fr-eventloop on ovh-a[0m
    [2;3mat[0m rch/src/transfer.rs:1434 [2;3mon[0m ThreadId(1)

  [2m2026-06-13T13:06:31.210558Z[0m [32m INFO[0m [1;32mrch::transfer[0m[32m: [32mSync completed in 472ms[0m
    [2;3mat[0m rch/src/transfer.rs:1503 [2;3mon[0m ThreadId(1)

  [2m2026-06-13T13:06:31.210654Z[0m [32m INFO[0m [1;32mrch::transfer[0m[32m: [32mSyncing /data/projects/.scratch/frankenredis-coralox-3uwif-appendix-20260613/crates/fr-expire -> /data/projects/.scratch/frankenredis-coralox-3uwif-appendix-20260613/crates/fr-expire on ovh-a[0m
    [2;3mat[0m rch/src/transfer.rs:1434 [2;3mon[0m ThreadId(1)

  [2m2026-06-13T13:06:31.667233Z[0m [32m INFO[0m [1;32mrch::transfer[0m[32m: [32mSync completed in 456ms[0m
    [2;3mat[0m rch/src/transfer.rs:1503 [2;3mon[0m ThreadId(1)

  [2m2026-06-13T13:06:31.667335Z[0m [32m INFO[0m [1;32mrch::transfer[0m[32m: [32mSyncing /data/projects/.scratch/frankenredis-coralox-3uwif-appendix-20260613/crates/fr-persist -> /data/projects/.scratch/frankenredis-coralox-3uwif-appendix-20260613/crates/fr-persist on ovh-a[0m
    [2;3mat[0m rch/src/transfer.rs:1434 [2;3mon[0m ThreadId(1)

  [2m2026-06-13T13:06:32.140397Z[0m [32m INFO[0m [1;32mrch::transfer[0m[32m: [32mSync completed in 473ms[0m
    [2;3mat[0m rch/src/transfer.rs:1503 [2;3mon[0m ThreadId(1)

  [2m2026-06-13T13:06:32.140505Z[0m [32m INFO[0m [1;32mrch::transfer[0m[32m: [32mSyncing /data/projects/.scratch/frankenredis-coralox-3uwif-appendix-20260613/crates/fr-protocol -> /data/projects/.scratch/frankenredis-coralox-3uwif-appendix-20260613/crates/fr-protocol on ovh-a[0m
    [2;3mat[0m rch/src/transfer.rs:1434 [2;3mon[0m ThreadId(1)

  [2m2026-06-13T13:06:32.617489Z[0m [32m INFO[0m [1;32mrch::transfer[0m[32m: [32mSync completed in 476ms[0m
    [2;3mat[0m rch/src/transfer.rs:1503 [2;3mon[0m ThreadId(1)

  [2m2026-06-13T13:06:32.617580Z[0m [32m INFO[0m [1;32mrch::transfer[0m[32m: [32mSyncing /data/projects/.scratch/frankenredis-coralox-3uwif-appendix-20260613/crates/fr-repl -> /data/projects/.scratch/frankenredis-coralox-3uwif-appendix-20260613/crates/fr-repl on ovh-a[0m
    [2;3mat[0m rch/src/transfer.rs:1434 [2;3mon[0m ThreadId(1)

  [2m2026-06-13T13:06:33.098331Z[0m [32m INFO[0m [1;32mrch::transfer[0m[32m: [32mSync completed in 480ms[0m
    [2;3mat[0m rch/src/transfer.rs:1503 [2;3mon[0m ThreadId(1)

  [2m2026-06-13T13:06:33.098414Z[0m [32m INFO[0m [1;32mrch::transfer[0m[32m: [32mSyncing /data/projects/.scratch/frankenredis-coralox-3uwif-appendix-20260613/crates/fr-runtime -> /data/projects/.scratch/frankenredis-coralox-3uwif-appendix-20260613/crates/fr-runtime on ovh-a[0m
    [2;3mat[0m rch/src/transfer.rs:1434 [2;3mon[0m ThreadId(1)

  [2m2026-06-13T13:06:33.563603Z[0m [32m INFO[0m [1;32mrch::transfer[0m[32m: [32mSync completed in 465ms[0m
    [2;3mat[0m rch/src/transfer.rs:1503 [2;3mon[0m ThreadId(1)

  [2m2026-06-13T13:06:33.563711Z[0m [32m INFO[0m [1;32mrch::transfer[0m[32m: [32mSyncing /data/projects/.scratch/frankenredis-coralox-3uwif-appendix-20260613/crates/fr-sentinel -> /data/projects/.scratch/frankenredis-coralox-3uwif-appendix-20260613/crates/fr-sentinel on ovh-a[0m
    [2;3mat[0m rch/src/transfer.rs:1434 [2;3mon[0m ThreadId(1)

  [2m2026-06-13T13:06:34.039638Z[0m [32m INFO[0m [1;32mrch::transfer[0m[32m: [32mSync completed in 475ms[0m
    [2;3mat[0m rch/src/transfer.rs:1503 [2;3mon[0m ThreadId(1)

  [2m2026-06-13T13:06:34.039726Z[0m [32m INFO[0m [1;32mrch::transfer[0m[32m: [32mSyncing /data/projects/.scratch/frankenredis-coralox-3uwif-appendix-20260613/crates/fr-server -> /data/projects/.scratch/frankenredis-coralox-3uwif-appendix-20260613/crates/fr-server on ovh-a[0m
    [2;3mat[0m rch/src/transfer.rs:1434 [2;3mon[0m ThreadId(1)

  [2m2026-06-13T13:06:34.504354Z[0m [32m INFO[0m [1;32mrch::transfer[0m[32m: [32mSync completed in 464ms[0m
    [2;3mat[0m rch/src/transfer.rs:1503 [2;3mon[0m ThreadId(1)

  [2m2026-06-13T13:06:34.504457Z[0m [32m INFO[0m [1;32mrch::transfer[0m[32m: [32mSyncing /data/projects/.scratch/frankenredis-coralox-3uwif-appendix-20260613/crates/fr-store -> /data/projects/.scratch/frankenredis-coralox-3uwif-appendix-20260613/crates/fr-store on ovh-a[0m
    [2;3mat[0m rch/src/transfer.rs:1434 [2;3mon[0m ThreadId(1)

  [2m2026-06-13T13:06:34.975413Z[0m [32m INFO[0m [1;32mrch::transfer[0m[32m: [32mSync completed in 470ms[0m
    [2;3mat[0m rch/src/transfer.rs:1503 [2;3mon[0m ThreadId(1)

  [2m2026-06-13T13:06:34.975463Z[0m [32m INFO[0m [1;32mrch::hook[0m[32m: [32mSync complete: 94891 files, 4757356 bytes in 8527ms[0m
    [2;3mat[0m rch/src/hook.rs:6209 [2;3mon[0m ThreadId(1)

  [2m2026-06-13T13:06:36.433080Z[0m [32m INFO[0m [1;32mrch::hook[0m[32m: [32mExecuting command remotely: env cargo build --release -p fr-server -p fr-bench[0m
    [2;3mat[0m rch/src/hook.rs:6252 [2;3mon[0m ThreadId(1)

  [2m2026-06-13T13:06:36.433127Z[0m [32m INFO[0m [1;32mrch::transfer[0m[32m: [32mRewriting CARGO_TARGET_DIR for remote execution (worker-scoped path): /data/tmp/frankenredis-yjedr-candidate-target -> /data/projects/.scratch/frankenredis-coralox-3uwif-appendix-20260613/.rch-target-ovh-a-job-29884606035528242-1781355986437907996-0[0m
    [2;3mat[0m rch/src/transfer.rs:712 [2;3mon[0m ThreadId(1)

    Updating crates.io index
 Downloading crates ...
  Downloaded byteorder v1.5.0
  Downloaded itoa v1.0.18
  Downloaded proc-macro2 v1.0.106
  Downloaded adler2 v2.0.1
  Downloaded serde v1.0.228
  Downloaded shlex v1.3.0
  Downloaded hybrid-array v0.4.10
  Downloaded zmij v1.0.21
  Downloaded equivalent v1.0.2
  Downloaded simd-adler32 v0.3.9
  Downloaded hex v0.4.3
  Downloaded cfg-if v1.0.4
  Downloaded crypto-common v0.2.1
  Downloaded mimalloc v0.1.49
  Downloaded block-buffer v0.12.0
  Downloaded cpufeatures v0.3.0
  Downloaded typenum v1.20.0
  Downloaded foldhash v0.1.5
  Downloaded digest v0.11.2
  Downloaded autocfg v1.5.0
  Downloaded crc32fast v1.5.0
  Downloaded mio v1.2.0
  Downloaded quote v1.0.45
  Downloaded crossbeam-utils v0.8.21
  Downloaded unicode-ident v1.0.24
  Downloaded serde_core v1.0.228
  Downloaded sha2 v0.11.0
  Downloaded num-traits v0.2.19
  Downloaded serde_derive v1.0.228
  Downloaded log v0.4.29
  Downloaded find-msvc-tools v0.1.9
  Downloaded minimal-lexical v0.2.1
  Downloaded miniz_oxide v0.8.9
  Downloaded const-oid v0.10.2
  Downloaded cc v1.2.60
  Downloaded base64 v0.21.7
  Downloaded flate2 v1.1.9
  Downloaded memchr v2.8.0
  Downloaded crossbeam-channel v0.5.15
  Downloaded indexmap v2.14.0
  Downloaded nom v7.1.3
  Downloaded hashbrown v0.17.0
  Downloaded serde_json v1.0.149
  Downloaded libmimalloc-sys v0.1.46
  Downloaded syn v2.0.117
  Downloaded hdrhistogram v7.5.4
  Downloaded libc v0.2.185
   Compiling zmij v1.0.21
   Compiling serde_json v1.0.149
   Compiling serde_core v1.0.228
   Compiling typenum v1.20.0
   Compiling cfg-if v1.0.4
   Compiling memchr v2.8.0
   Compiling libc v0.2.185
   Compiling fr-protocol v0.1.0 (/data/projects/.scratch/frankenredis-coralox-3uwif-appendix-20260613/crates/fr-protocol)
   Compiling find-msvc-tools v0.1.9
   Compiling itoa v1.0.18
   Compiling shlex v1.3.0
   Compiling proc-macro2 v1.0.106
   Compiling quote v1.0.45
   Compiling equivalent v1.0.2
   Compiling hashbrown v0.17.0
   Compiling unicode-ident v1.0.24
   Compiling cc v1.2.60
   Compiling const-oid v0.10.2
   Compiling fr-expire v0.1.0 (/data/projects/.scratch/frankenredis-coralox-3uwif-appendix-20260613/crates/fr-expire)
   Compiling cpufeatures v0.3.0
   Compiling crc32fast v1.5.0
   Compiling autocfg v1.5.0
   Compiling fr-sentinel v0.1.0 (/data/projects/.scratch/frankenredis-coralox-3uwif-appendix-20260613/crates/fr-sentinel)
   Compiling fr-persist v0.1.0 (/data/projects/.scratch/frankenredis-coralox-3uwif-appendix-20260613/crates/fr-persist)
   Compiling crossbeam-utils v0.8.21
   Compiling foldhash v0.1.5
   Compiling simd-adler32 v0.3.9
   Compiling indexmap v2.14.0
   Compiling adler2 v2.0.1
   Compiling num-traits v0.2.19
   Compiling miniz_oxide v0.8.9
   Compiling syn v2.0.117
   Compiling log v0.4.29
   Compiling serde v1.0.228
   Compiling hybrid-array v0.4.10
   Compiling minimal-lexical v0.2.1
   Compiling hex v0.4.3
   Compiling fr-config v0.1.0 (/data/projects/.scratch/frankenredis-coralox-3uwif-appendix-20260613/crates/fr-config)
   Compiling fr-eventloop v0.1.0 (/data/projects/.scratch/frankenredis-coralox-3uwif-appendix-20260613/crates/fr-eventloop)
   Compiling fr-repl v0.1.0 (/data/projects/.scratch/frankenredis-coralox-3uwif-appendix-20260613/crates/fr-repl)
   Compiling mio v1.2.0
   Compiling flate2 v1.1.9
   Compiling nom v7.1.3
   Compiling crossbeam-channel v0.5.15
   Compiling fr-store v0.1.0 (/data/projects/.scratch/frankenredis-coralox-3uwif-appendix-20260613/crates/fr-store)
   Compiling block-buffer v0.12.0
   Compiling crypto-common v0.2.1
   Compiling libmimalloc-sys v0.1.46
   Compiling base64 v0.21.7
   Compiling byteorder v1.5.0
   Compiling digest v0.11.2
   Compiling sha2 v0.11.0
   Compiling serde_derive v1.0.228
   Compiling hdrhistogram v7.5.4
   Compiling fr-command v0.1.0 (/data/projects/.scratch/frankenredis-coralox-3uwif-appendix-20260613/crates/fr-command)
   Compiling fr-bench v0.1.0 (/data/projects/.scratch/frankenredis-coralox-3uwif-appendix-20260613/crates/fr-bench)
   Compiling mimalloc v0.1.49
warning: value assigned to `limit_offset` is never read
     --> crates/fr-command/src/lib.rs:26964:13
      |
26964 |             limit_offset = 0;
      |             ^^^^^^^^^^^^^^^^ this value is reassigned later and never used
...
27047 |         limit_offset = 0;
      |         ---------------- `limit_offset` is overwritten here before the previous value is read
      |
      = note: `#[warn(unused_assignments)]` (part of `#[warn(unused)]`) on by default

warning: value assigned to `limit_count` is never read
     --> crates/fr-command/src/lib.rs:26965:13
      |
26965 |             limit_count = -1;
      |             ^^^^^^^^^^^^^^^^ this value is reassigned later and never used
...
27048 |         limit_count = -1;
      |         ---------------- `limit_count` is overwritten here before the previous value is read

   Compiling fr-runtime v0.1.0 (/data/projects/.scratch/frankenredis-coralox-3uwif-appendix-20260613/crates/fr-runtime)
warning: method `is_zpop` is never used
   --> crates/fr-runtime/src/lib.rs:365:8
    |
341 | impl PlainKeyedPopCmd {
    | --------------------- method in this implementation
...
365 |     fn is_zpop(self) -> bool {
    |        ^^^^^^^
    |
    = note: `#[warn(dead_code)]` (part of `#[warn(unused)]`) on by default

   Compiling fr-server v0.1.0 (/data/projects/.scratch/frankenredis-coralox-3uwif-appendix-20260613/crates/fr-server)
warning: `fr-command` (lib) generated 2 warnings
warning: `fr-runtime` (lib) generated 1 warning
    Finished `release` profile [optimized] target(s) in 21.55s
  [2m2026-06-13T13:06:58.738365Z[0m [32m INFO[0m [1;32mrch::hook[0m[32m: [32mRemote command finished: exit=0 in 22305ms[0m
    [2;3mat[0m rch/src/hook.rs:6376 [2;3mon[0m ThreadId(1)

  [2m2026-06-13T13:06:58.738691Z[0m [32m INFO[0m [1;32mrch::hook[0m[32m: [32mRetrieving build artifacts...[0m
    [2;3mat[0m rch/src/hook.rs:6425 [2;3mon[0m ThreadId(1)

  [2m2026-06-13T13:06:58.738710Z[0m [32m INFO[0m [1;32mrch::transfer[0m[32m: [32mRetrieving artifacts from /data/projects/.scratch/frankenredis-coralox-3uwif-appendix-20260613 on ovh-a[0m
    [2;3mat[0m rch/src/transfer.rs:2106 [2;3mon[0m ThreadId(1)

  [2m2026-06-13T13:06:59.171114Z[0m [32m INFO[0m [1;32mrch::transfer[0m[32m: [32mArtifacts retrieved in 432ms (1 files, 1203 bytes)[0m
    [2;3mat[0m rch/src/transfer.rs:2145 [2;3mon[0m ThreadId(1)

  [2m2026-06-13T13:06:59.171147Z[0m [32m INFO[0m [1;32mrch::hook[0m[32m: [32mArtifacts retrieved: 1 files, 1203 bytes in 432ms[0m
    [2;3mat[0m rch/src/hook.rs:6458 [2;3mon[0m ThreadId(1)

  [2m2026-06-13T13:06:59.171258Z[0m [32m INFO[0m [1;32mrch::transfer[0m[32m: [32mRetrieving artifacts from /data/projects/.scratch/frankenredis-coralox-3uwif-appendix-20260613/.rch-target-ovh-a-job-29884606035528242-1781355986437907996-0 on ovh-a[0m
    [2;3mat[0m rch/src/transfer.rs:2106 [2;3mon[0m ThreadId(1)

  [2m2026-06-13T13:07:00.238171Z[0m [32m INFO[0m [1;32mrch::transfer[0m[32m: [32mArtifacts retrieved in 1066ms (797 files, 12968 bytes)[0m
    [2;3mat[0m rch/src/transfer.rs:2145 [2;3mon[0m ThreadId(1)

  [2m2026-06-13T13:07:00.238213Z[0m [32m INFO[0m [1;32mrch::hook[0m[32m: [32mCustom CARGO_TARGET_DIR artifacts retrieved: 797 files, 12968 bytes in 1066ms[0m
    [2;3mat[0m rch/src/hook.rs:6582 [2;3mon[0m ThreadId(1)

[RCH] remote ovh-a (36.3s)
