  [2m2026-06-13T12:27:36.825064Z[0m [32m INFO[0m [1;32mrch::hook[0m[32m: [32mSelected worker: ovh-a at ubuntu@51.222.245.56 (2 slots remaining after reservation, speed 50.0)[0m
    [2;3mat[0m rch/src/hook.rs:514 [2;3mon[0m ThreadId(1)

  [2m2026-06-13T12:27:37.041456Z[0m [32m INFO[0m [1;32mrch::hook[0m[32m: [32mStarting remote compilation pipeline for frankenredis-coralox-3uwif-appendix-20260613 (hash: 31b90ba9c2f23d60)[0m
    [2;3mat[0m rch/src/hook.rs:5994 [2;3mon[0m ThreadId(1)

  [2m2026-06-13T12:27:37.041501Z[0m [32m INFO[0m [1;32mrch::hook[0m[32m: [32mPrepared dependency sync manifest for 14 roots[0m
    [2;3mat[0m rch/src/hook.rs:6016 [2;3mon[0m ThreadId(1)

  [2m2026-06-13T12:27:39.438566Z[0m [32m INFO[0m [1;32mrch::hook[0m[32m: [32mSyncing project to worker ovh-a...[0m
    [2;3mat[0m rch/src/hook.rs:6046 [2;3mon[0m ThreadId(1)

  [2m2026-06-13T12:27:39.438638Z[0m [32m INFO[0m [1;32mrch::transfer[0m[32m: [32mSyncing /data/projects/.scratch/frankenredis-coralox-3uwif-appendix-20260613 -> /data/projects/.scratch/frankenredis-coralox-3uwif-appendix-20260613 on ovh-a[0m
    [2;3mat[0m rch/src/transfer.rs:1434 [2;3mon[0m ThreadId(1)

  [2m2026-06-13T12:27:41.841101Z[0m [32m INFO[0m [1;32mrch::transfer[0m[32m: [32mSync completed in 2402ms[0m
    [2;3mat[0m rch/src/transfer.rs:1503 [2;3mon[0m ThreadId(1)

  [2m2026-06-13T12:27:41.841182Z[0m [32m INFO[0m [1;32mrch::transfer[0m[32m: [32mSyncing /data/projects/.scratch/frankenredis-coralox-3uwif-appendix-20260613/crates/fr-bench -> /data/projects/.scratch/frankenredis-coralox-3uwif-appendix-20260613/crates/fr-bench on ovh-a[0m
    [2;3mat[0m rch/src/transfer.rs:1434 [2;3mon[0m ThreadId(1)

  [2m2026-06-13T12:27:42.313143Z[0m [32m INFO[0m [1;32mrch::transfer[0m[32m: [32mSync completed in 471ms[0m
    [2;3mat[0m rch/src/transfer.rs:1503 [2;3mon[0m ThreadId(1)

  [2m2026-06-13T12:27:42.313225Z[0m [32m INFO[0m [1;32mrch::transfer[0m[32m: [32mSyncing /data/projects/.scratch/frankenredis-coralox-3uwif-appendix-20260613/crates/fr-command -> /data/projects/.scratch/frankenredis-coralox-3uwif-appendix-20260613/crates/fr-command on ovh-a[0m
    [2;3mat[0m rch/src/transfer.rs:1434 [2;3mon[0m ThreadId(1)

  [2m2026-06-13T12:27:42.762160Z[0m [32m INFO[0m [1;32mrch::transfer[0m[32m: [32mSync completed in 448ms[0m
    [2;3mat[0m rch/src/transfer.rs:1503 [2;3mon[0m ThreadId(1)

  [2m2026-06-13T12:27:42.762249Z[0m [32m INFO[0m [1;32mrch::transfer[0m[32m: [32mSyncing /data/projects/.scratch/frankenredis-coralox-3uwif-appendix-20260613/crates/fr-config -> /data/projects/.scratch/frankenredis-coralox-3uwif-appendix-20260613/crates/fr-config on ovh-a[0m
    [2;3mat[0m rch/src/transfer.rs:1434 [2;3mon[0m ThreadId(1)

  [2m2026-06-13T12:27:43.255911Z[0m [32m INFO[0m [1;32mrch::transfer[0m[32m: [32mSync completed in 493ms[0m
    [2;3mat[0m rch/src/transfer.rs:1503 [2;3mon[0m ThreadId(1)

  [2m2026-06-13T12:27:43.256000Z[0m [32m INFO[0m [1;32mrch::transfer[0m[32m: [32mSyncing /data/projects/.scratch/frankenredis-coralox-3uwif-appendix-20260613/crates/fr-conformance -> /data/projects/.scratch/frankenredis-coralox-3uwif-appendix-20260613/crates/fr-conformance on ovh-a[0m
    [2;3mat[0m rch/src/transfer.rs:1434 [2;3mon[0m ThreadId(1)

  [2m2026-06-13T12:27:43.720949Z[0m [32m INFO[0m [1;32mrch::transfer[0m[32m: [32mSync completed in 464ms[0m
    [2;3mat[0m rch/src/transfer.rs:1503 [2;3mon[0m ThreadId(1)

  [2m2026-06-13T12:27:43.721035Z[0m [32m INFO[0m [1;32mrch::transfer[0m[32m: [32mSyncing /data/projects/.scratch/frankenredis-coralox-3uwif-appendix-20260613/crates/fr-eventloop -> /data/projects/.scratch/frankenredis-coralox-3uwif-appendix-20260613/crates/fr-eventloop on ovh-a[0m
    [2;3mat[0m rch/src/transfer.rs:1434 [2;3mon[0m ThreadId(1)

  [2m2026-06-13T12:27:44.284219Z[0m [32m INFO[0m [1;32mrch::transfer[0m[32m: [32mSync completed in 563ms[0m
    [2;3mat[0m rch/src/transfer.rs:1503 [2;3mon[0m ThreadId(1)

  [2m2026-06-13T12:27:44.284306Z[0m [32m INFO[0m [1;32mrch::transfer[0m[32m: [32mSyncing /data/projects/.scratch/frankenredis-coralox-3uwif-appendix-20260613/crates/fr-expire -> /data/projects/.scratch/frankenredis-coralox-3uwif-appendix-20260613/crates/fr-expire on ovh-a[0m
    [2;3mat[0m rch/src/transfer.rs:1434 [2;3mon[0m ThreadId(1)

  [2m2026-06-13T12:27:44.794682Z[0m [32m INFO[0m [1;32mrch::transfer[0m[32m: [32mSync completed in 510ms[0m
    [2;3mat[0m rch/src/transfer.rs:1503 [2;3mon[0m ThreadId(1)

  [2m2026-06-13T12:27:44.794773Z[0m [32m INFO[0m [1;32mrch::transfer[0m[32m: [32mSyncing /data/projects/.scratch/frankenredis-coralox-3uwif-appendix-20260613/crates/fr-persist -> /data/projects/.scratch/frankenredis-coralox-3uwif-appendix-20260613/crates/fr-persist on ovh-a[0m
    [2;3mat[0m rch/src/transfer.rs:1434 [2;3mon[0m ThreadId(1)

  [2m2026-06-13T12:27:45.423010Z[0m [32m INFO[0m [1;32mrch::transfer[0m[32m: [32mSync completed in 628ms[0m
    [2;3mat[0m rch/src/transfer.rs:1503 [2;3mon[0m ThreadId(1)

  [2m2026-06-13T12:27:45.423098Z[0m [32m INFO[0m [1;32mrch::transfer[0m[32m: [32mSyncing /data/projects/.scratch/frankenredis-coralox-3uwif-appendix-20260613/crates/fr-protocol -> /data/projects/.scratch/frankenredis-coralox-3uwif-appendix-20260613/crates/fr-protocol on ovh-a[0m
    [2;3mat[0m rch/src/transfer.rs:1434 [2;3mon[0m ThreadId(1)

  [2m2026-06-13T12:27:46.047553Z[0m [32m INFO[0m [1;32mrch::transfer[0m[32m: [32mSync completed in 624ms[0m
    [2;3mat[0m rch/src/transfer.rs:1503 [2;3mon[0m ThreadId(1)

  [2m2026-06-13T12:27:46.047656Z[0m [32m INFO[0m [1;32mrch::transfer[0m[32m: [32mSyncing /data/projects/.scratch/frankenredis-coralox-3uwif-appendix-20260613/crates/fr-repl -> /data/projects/.scratch/frankenredis-coralox-3uwif-appendix-20260613/crates/fr-repl on ovh-a[0m
    [2;3mat[0m rch/src/transfer.rs:1434 [2;3mon[0m ThreadId(1)

  [2m2026-06-13T12:27:46.563592Z[0m [32m INFO[0m [1;32mrch::transfer[0m[32m: [32mSync completed in 515ms[0m
    [2;3mat[0m rch/src/transfer.rs:1503 [2;3mon[0m ThreadId(1)

  [2m2026-06-13T12:27:46.563681Z[0m [32m INFO[0m [1;32mrch::transfer[0m[32m: [32mSyncing /data/projects/.scratch/frankenredis-coralox-3uwif-appendix-20260613/crates/fr-runtime -> /data/projects/.scratch/frankenredis-coralox-3uwif-appendix-20260613/crates/fr-runtime on ovh-a[0m
    [2;3mat[0m rch/src/transfer.rs:1434 [2;3mon[0m ThreadId(1)

  [2m2026-06-13T12:27:47.130350Z[0m [32m INFO[0m [1;32mrch::transfer[0m[32m: [32mSync completed in 566ms[0m
    [2;3mat[0m rch/src/transfer.rs:1503 [2;3mon[0m ThreadId(1)

  [2m2026-06-13T12:27:47.130437Z[0m [32m INFO[0m [1;32mrch::transfer[0m[32m: [32mSyncing /data/projects/.scratch/frankenredis-coralox-3uwif-appendix-20260613/crates/fr-sentinel -> /data/projects/.scratch/frankenredis-coralox-3uwif-appendix-20260613/crates/fr-sentinel on ovh-a[0m
    [2;3mat[0m rch/src/transfer.rs:1434 [2;3mon[0m ThreadId(1)

  [2m2026-06-13T12:27:47.685336Z[0m [32m INFO[0m [1;32mrch::transfer[0m[32m: [32mSync completed in 554ms[0m
    [2;3mat[0m rch/src/transfer.rs:1503 [2;3mon[0m ThreadId(1)

  [2m2026-06-13T12:27:47.685425Z[0m [32m INFO[0m [1;32mrch::transfer[0m[32m: [32mSyncing /data/projects/.scratch/frankenredis-coralox-3uwif-appendix-20260613/crates/fr-server -> /data/projects/.scratch/frankenredis-coralox-3uwif-appendix-20260613/crates/fr-server on ovh-a[0m
    [2;3mat[0m rch/src/transfer.rs:1434 [2;3mon[0m ThreadId(1)

  [2m2026-06-13T12:27:48.570602Z[0m [32m INFO[0m [1;32mrch::transfer[0m[32m: [32mSync completed in 885ms[0m
    [2;3mat[0m rch/src/transfer.rs:1503 [2;3mon[0m ThreadId(1)

  [2m2026-06-13T12:27:48.570692Z[0m [32m INFO[0m [1;32mrch::transfer[0m[32m: [32mSyncing /data/projects/.scratch/frankenredis-coralox-3uwif-appendix-20260613/crates/fr-store -> /data/projects/.scratch/frankenredis-coralox-3uwif-appendix-20260613/crates/fr-store on ovh-a[0m
    [2;3mat[0m rch/src/transfer.rs:1434 [2;3mon[0m ThreadId(1)

  [2m2026-06-13T12:27:49.128051Z[0m [32m INFO[0m [1;32mrch::transfer[0m[32m: [32mSync completed in 557ms[0m
    [2;3mat[0m rch/src/transfer.rs:1503 [2;3mon[0m ThreadId(1)

  [2m2026-06-13T12:27:49.128099Z[0m [32m INFO[0m [1;32mrch::hook[0m[32m: [32mSync complete: 94783 files, 4760884 bytes in 9680ms[0m
    [2;3mat[0m rch/src/hook.rs:6209 [2;3mon[0m ThreadId(1)

  [2m2026-06-13T12:27:51.035230Z[0m [32m INFO[0m [1;32mrch::hook[0m[32m: [32mExecuting command remotely: env cargo check -p fr-store --lib[0m
    [2;3mat[0m rch/src/hook.rs:6252 [2;3mon[0m ThreadId(1)

  [2m2026-06-13T12:27:51.035279Z[0m [32m INFO[0m [1;32mrch::transfer[0m[32m: [32mRewriting CARGO_TARGET_DIR for remote execution (worker-scoped path): /data/tmp/frankenredis-cms7p-check-store-target -> /data/projects/.scratch/frankenredis-coralox-3uwif-appendix-20260613/.rch-target-ovh-a-job-29884606035528153-1781353659438559301-0[0m
    [2;3mat[0m rch/src/transfer.rs:712 [2;3mon[0m ThreadId(1)

    Updating crates.io index
 Downloading crates ...
  Downloaded indexmap v2.14.0
  Downloaded serde_core v1.0.228
  Downloaded foldhash v0.1.5
  Downloaded hashbrown v0.17.0
  Downloaded equivalent v1.0.2
  Downloaded libc v0.2.185
    Checking fr-protocol v0.1.0 (/data/projects/.scratch/frankenredis-coralox-3uwif-appendix-20260613/crates/fr-protocol)
   Compiling libc v0.2.185
    Checking equivalent v1.0.2
    Checking hashbrown v0.17.0
    Checking foldhash v0.1.5
    Checking fr-expire v0.1.0 (/data/projects/.scratch/frankenredis-coralox-3uwif-appendix-20260613/crates/fr-expire)
    Checking fr-sentinel v0.1.0 (/data/projects/.scratch/frankenredis-coralox-3uwif-appendix-20260613/crates/fr-sentinel)
    Checking fr-persist v0.1.0 (/data/projects/.scratch/frankenredis-coralox-3uwif-appendix-20260613/crates/fr-persist)
    Checking indexmap v2.14.0
    Checking fr-store v0.1.0 (/data/projects/.scratch/frankenredis-coralox-3uwif-appendix-20260613/crates/fr-store)
    Finished `dev` profile [unoptimized + debuginfo] target(s) in 3.81s
  [2m2026-06-13T12:27:55.696125Z[0m [32m INFO[0m [1;32mrch::hook[0m[32m: [32mRemote command finished: exit=0 in 4660ms[0m
    [2;3mat[0m rch/src/hook.rs:6376 [2;3mon[0m ThreadId(1)

  [2m2026-06-13T12:27:55.696472Z[0m [32m INFO[0m [1;32mrch::hook[0m[32m: [32mRetrieving build artifacts...[0m
    [2;3mat[0m rch/src/hook.rs:6425 [2;3mon[0m ThreadId(1)

  [2m2026-06-13T12:27:55.696500Z[0m [32m INFO[0m [1;32mrch::transfer[0m[32m: [32mRetrieving artifacts from /data/projects/.scratch/frankenredis-coralox-3uwif-appendix-20260613 on ovh-a[0m
    [2;3mat[0m rch/src/transfer.rs:2106 [2;3mon[0m ThreadId(1)

  [2m2026-06-13T12:27:56.305181Z[0m [32m INFO[0m [1;32mrch::transfer[0m[32m: [32mArtifacts retrieved in 608ms (1 files, 1203 bytes)[0m
    [2;3mat[0m rch/src/transfer.rs:2145 [2;3mon[0m ThreadId(1)

  [2m2026-06-13T12:27:56.305213Z[0m [32m INFO[0m [1;32mrch::hook[0m[32m: [32mArtifacts retrieved: 1 files, 1203 bytes in 608ms[0m
    [2;3mat[0m rch/src/hook.rs:6458 [2;3mon[0m ThreadId(1)

  [2m2026-06-13T12:27:56.305315Z[0m [32m INFO[0m [1;32mrch::transfer[0m[32m: [32mRetrieving artifacts from /data/projects/.scratch/frankenredis-coralox-3uwif-appendix-20260613/.rch-target-ovh-a-job-29884606035528153-1781353659438559301-0 on ovh-a[0m
    [2;3mat[0m rch/src/transfer.rs:2106 [2;3mon[0m ThreadId(1)

  [2m2026-06-13T12:27:57.483110Z[0m [32m INFO[0m [1;32mrch::transfer[0m[32m: [32mArtifacts retrieved in 1177ms (133 files, 2146 bytes)[0m
    [2;3mat[0m rch/src/transfer.rs:2145 [2;3mon[0m ThreadId(1)

  [2m2026-06-13T12:27:57.483147Z[0m [32m INFO[0m [1;32mrch::hook[0m[32m: [32mCustom CARGO_TARGET_DIR artifacts retrieved: 133 files, 2146 bytes in 1177ms[0m
    [2;3mat[0m rch/src/hook.rs:6582 [2;3mon[0m ThreadId(1)

[RCH] remote ovh-a (20.7s)
