addr2line /home/ubuntu/.debug/.build-id/0c/4600a61933ee91bacf6818c352a6b5cfbd72ef/elf: unexpected record instead of sentineladdr2line /home/ubuntu/.debug/.build-id/0c/4600a61933ee91bacf6818c352a6b5cfbd72ef/elf: unexpected record instead of sentineladdr2line /home/ubuntu/.debug/.build-id/0c/4600a61933ee91bacf6818c352a6b5cfbd72ef/elf: unexpected record instead of sentineladdr2line /home/ubuntu/.debug/.build-id/0c/4600a61933ee91bacf6818c352a6b5cfbd72ef/elf: unexpected record instead of sentineladdr2line /home/ubuntu/.debug/.build-id/0c/4600a61933ee91bacf6818c352a6b5cfbd72ef/elf: could not read sentinel record
addr2line /home/ubuntu/.debug/.build-id/0c/4600a61933ee91bacf6818c352a6b5cfbd72ef/elf: could not read sentinel record
addr2line /home/ubuntu/.debug/.build-id/0c/4600a61933ee91bacf6818c352a6b5cfbd72ef/elf: unexpected record instead of sentineladdr2line /home/ubuntu/.debug/.build-id/0c/4600a61933ee91bacf6818c352a6b5cfbd72ef/elf: unexpected record instead of sentineladdr2line /home/ubuntu/.debug/.build-id/0c/4600a61933ee91bacf6818c352a6b5cfbd72ef/elf: unexpected record instead of sentineladdr2line /home/ubuntu/.debug/.build-id/0c/4600a61933ee91bacf6818c352a6b5cfbd72ef/elf: unexpected record instead of sentineladdr2line /home/ubuntu/.debug/.build-id/0c/4600a61933ee91bacf6818c352a6b5cfbd72ef/elf: could not read sentinel record
addr2line /home/ubuntu/.debug/.build-id/0c/4600a61933ee91bacf6818c352a6b5cfbd72ef/elf: unexpected record instead of sentineladdr2line /home/ubuntu/.debug/.build-id/0c/4600a61933ee91bacf6818c352a6b5cfbd72ef/elf: could not read sentinel record
addr2line /home/ubuntu/.debug/.build-id/0c/4600a61933ee91bacf6818c352a6b5cfbd72ef/elf: could not read sentinel record
addr2line /home/ubuntu/.debug/.build-id/0c/4600a61933ee91bacf6818c352a6b5cfbd72ef/elf: unexpected record instead of sentineladdr2line /home/ubuntu/.debug/.build-id/0c/4600a61933ee91bacf6818c352a6b5cfbd72ef/elf: could not read sentinel record
addr2line /home/ubuntu/.debug/.build-id/0c/4600a61933ee91bacf6818c352a6b5cfbd72ef/elf: could not read first record
addr2line /home/ubuntu/.debug/.build-id/0c/4600a61933ee91bacf6818c352a6b5cfbd72ef/elf: unexpected record instead of sentineladdr2line /home/ubuntu/.debug/.build-id/0c/4600a61933ee91bacf6818c352a6b5cfbd72ef/elf: unexpected record instead of sentineladdr2line /home/ubuntu/.debug/.build-id/0c/4600a61933ee91bacf6818c352a6b5cfbd72ef/elf: could not read sentinel record
addr2line /home/ubuntu/.debug/.build-id/0c/4600a61933ee91bacf6818c352a6b5cfbd72ef/elf: unexpected record instead of sentineladdr2line /home/ubuntu/.debug/.build-id/0c/4600a61933ee91bacf6818c352a6b5cfbd72ef/elf: unexpected record instead of sentineladdr2line /home/ubuntu/.debug/.build-id/0c/4600a61933ee91bacf6818c352a6b5cfbd72ef/elf: unexpected record instead of sentineladdr2line /home/ubuntu/.debug/.build-id/0c/4600a61933ee91bacf6818c352a6b5cfbd72ef/elf: unexpected record instead of sentineladdr2line /home/ubuntu/.debug/.build-id/0c/4600a61933ee91bacf6818c352a6b5cfbd72ef/elf: unexpected record instead of sentineladdr2line /home/ubuntu/.debug/.build-id/0c/4600a61933ee91bacf6818c352a6b5cfbd72ef/elf: could not read sentinel record
addr2line /home/ubuntu/.debug/.build-id/0c/4600a61933ee91bacf6818c352a6b5cfbd72ef/elf: unexpected record instead of sentineladdr2line /home/ubuntu/.debug/.build-id/0c/4600a61933ee91bacf6818c352a6b5cfbd72ef/elf: could not read sentinel record
addr2line /home/ubuntu/.debug/.build-id/0c/4600a61933ee91bacf6818c352a6b5cfbd72ef/elf: could not read sentinel record
addr2line /home/ubuntu/.debug/.build-id/0c/4600a61933ee91bacf6818c352a6b5cfbd72ef/elf: could not read first record
addr2line /home/ubuntu/.debug/.build-id/0c/4600a61933ee91bacf6818c352a6b5cfbd72ef/elf: unexpected record instead of sentineladdr2line /home/ubuntu/.debug/.build-id/0c/4600a61933ee91bacf6818c352a6b5cfbd72ef/elf: could not read sentinel record
addr2line /home/ubuntu/.debug/.build-id/0c/4600a61933ee91bacf6818c352a6b5cfbd72ef/elf: unexpected record instead of sentineladdr2line /home/ubuntu/.debug/.build-id/0c/4600a61933ee91bacf6818c352a6b5cfbd72ef/elf: unexpected record instead of sentineladdr2line /home/ubuntu/.debug/.build-id/0c/4600a61933ee91bacf6818c352a6b5cfbd72ef/elf: could not read sentinel record
addr2line /home/ubuntu/.debug/.build-id/0c/4600a61933ee91bacf6818c352a6b5cfbd72ef/elf: could not read first record
addr2line /home/ubuntu/.debug/.build-id/0c/4600a61933ee91bacf6818c352a6b5cfbd72ef/elf: could not read sentinel record
addr2line /home/ubuntu/.debug/.build-id/0c/4600a61933ee91bacf6818c352a6b5cfbd72ef/elf: unexpected record instead of sentineladdr2line /home/ubuntu/.debug/.build-id/0c/4600a61933ee91bacf6818c352a6b5cfbd72ef/elf: could not read sentinel record
addr2line /home/ubuntu/.debug/.build-id/0c/4600a61933ee91bacf6818c352a6b5cfbd72ef/elf: could not read sentinel record
addr2line /home/ubuntu/.debug/.build-id/0c/4600a61933ee91bacf6818c352a6b5cfbd72ef/elf: unexpected record instead of sentineladdr2line /home/ubuntu/.debug/.build-id/0c/4600a61933ee91bacf6818c352a6b5cfbd72ef/elf: could not read sentinel record
addr2line /home/ubuntu/.debug/.build-id/0c/4600a61933ee91bacf6818c352a6b5cfbd72ef/elf: could not read sentinel record
addr2line /home/ubuntu/.debug/.build-id/0c/4600a61933ee91bacf6818c352a6b5cfbd72ef/elf: unexpected record instead of sentineladdr2line /home/ubuntu/.debug/.build-id/0c/4600a61933ee91bacf6818c352a6b5cfbd72ef/elf: unexpected record instead of sentineladdr2line /home/ubuntu/.debug/.build-id/0c/4600a61933ee91bacf6818c352a6b5cfbd72ef/elf: could not read sentinel record
addr2line /home/ubuntu/.debug/.build-id/0c/4600a61933ee91bacf6818c352a6b5cfbd72ef/elf: could not read sentinel record
addr2line /home/ubuntu/.debug/.build-id/0c/4600a61933ee91bacf6818c352a6b5cfbd72ef/elf: unexpected record instead of sentineladdr2line /home/ubuntu/.debug/.build-id/0c/4600a61933ee91bacf6818c352a6b5cfbd72ef/elf: could not read sentinel record
addr2line /home/ubuntu/.debug/.build-id/0c/4600a61933ee91bacf6818c352a6b5cfbd72ef/elf: unexpected record instead of sentineladdr2line /home/ubuntu/.debug/.build-id/0c/4600a61933ee91bacf6818c352a6b5cfbd72ef/elf: unexpected record instead of sentineladdr2line /home/ubuntu/.debug/.build-id/0c/4600a61933ee91bacf6818c352a6b5cfbd72ef/elf: unexpected record instead of sentineladdr2line /home/ubuntu/.debug/.build-id/0c/4600a61933ee91bacf6818c352a6b5cfbd72ef/elf: could not read first record
addr2line /home/ubuntu/.debug/.build-id/0c/4600a61933ee91bacf6818c352a6b5cfbd72ef/elf: could not read sentinel record
addr2line /home/ubuntu/.debug/.build-id/0c/4600a61933ee91bacf6818c352a6b5cfbd72ef/elf: could not read first record
addr2line /home/ubuntu/.debug/.build-id/0c/4600a61933ee91bacf6818c352a6b5cfbd72ef/elf: could not read sentinel record
addr2line /home/ubuntu/.debug/.build-id/0c/4600a61933ee91bacf6818c352a6b5cfbd72ef/elf: could not read first record
addr2line /home/ubuntu/.debug/.build-id/0c/4600a61933ee91bacf6818c352a6b5cfbd72ef/elf: unexpected record instead of sentineladdr2line /home/ubuntu/.debug/.build-id/0c/4600a61933ee91bacf6818c352a6b5cfbd72ef/elf: could not read sentinel record
addr2line /home/ubuntu/.debug/.build-id/0c/4600a61933ee91bacf6818c352a6b5cfbd72ef/elf: could not read sentinel record
addr2line /home/ubuntu/.debug/.build-id/0c/4600a61933ee91bacf6818c352a6b5cfbd72ef/elf: unexpected record instead of sentineladdr2line /home/ubuntu/.debug/.build-id/0c/4600a61933ee91bacf6818c352a6b5cfbd72ef/elf: unexpected record instead of sentineladdr2line /home/ubuntu/.debug/.build-id/0c/4600a61933ee91bacf6818c352a6b5cfbd72ef/elf: unexpected record instead of sentineladdr2line /home/ubuntu/.debug/.build-id/0c/4600a61933ee91bacf6818c352a6b5cfbd72ef/elf: could not read first record
addr2line /home/ubuntu/.debug/.build-id/0c/4600a61933ee91bacf6818c352a6b5cfbd72ef/elf: unexpected record instead of sentineladdr2line /home/ubuntu/.debug/.build-id/0c/4600a61933ee91bacf6818c352a6b5cfbd72ef/elf: unexpected record instead of sentineladdr2line /home/ubuntu/.debug/.build-id/0c/4600a61933ee91bacf6818c352a6b5cfbd72ef/elf: could not read first record
addr2line /home/ubuntu/.debug/.build-id/0c/4600a61933ee91bacf6818c352a6b5cfbd72ef/elf: could not read sentinel record
addr2line /home/ubuntu/.debug/.build-id/0c/4600a61933ee91bacf6818c352a6b5cfbd72ef/elf: could not read first record
addr2line /home/ubuntu/.debug/.build-id/0c/4600a61933ee91bacf6818c352a6b5cfbd72ef/elf: could not read sentinel record
addr2line /home/ubuntu/.debug/.build-id/0c/4600a61933ee91bacf6818c352a6b5cfbd72ef/elf: unexpected record instead of sentineladdr2line /home/ubuntu/.debug/.build-id/0c/4600a61933ee91bacf6818c352a6b5cfbd72ef/elf: unexpected record instead of sentineladdr2line /home/ubuntu/.debug/.build-id/0c/4600a61933ee91bacf6818c352a6b5cfbd72ef/elf: could not read sentinel record
addr2line /home/ubuntu/.debug/.build-id/0c/4600a61933ee91bacf6818c352a6b5cfbd72ef/elf: unexpected record instead of sentineladdr2line /home/ubuntu/.debug/.build-id/0c/4600a61933ee91bacf6818c352a6b5cfbd72ef/elf: could not read first record
addr2line /home/ubuntu/.debug/.build-id/0c/4600a61933ee91bacf6818c352a6b5cfbd72ef/elf: unexpected record instead of sentineladdr2line /home/ubuntu/.debug/.build-id/0c/4600a61933ee91bacf6818c352a6b5cfbd72ef/elf: could not read sentinel record
addr2line /home/ubuntu/.debug/.build-id/0c/4600a61933ee91bacf6818c352a6b5cfbd72ef/elf: unexpected record instead of sentineladdr2line /home/ubuntu/.debug/.build-id/0c/4600a61933ee91bacf6818c352a6b5cfbd72ef/elf: could not read sentinel record
addr2line /home/ubuntu/.debug/.build-id/0c/4600a61933ee91bacf6818c352a6b5cfbd72ef/elf: could not read sentinel record
addr2line /home/ubuntu/.debug/.build-id/0c/4600a61933ee91bacf6818c352a6b5cfbd72ef/elf: unexpected record instead of sentineladdr2line /home/ubuntu/.debug/.build-id/0c/4600a61933ee91bacf6818c352a6b5cfbd72ef/elf: could not read sentinel record
addr2line /home/ubuntu/.debug/.build-id/0c/4600a61933ee91bacf6818c352a6b5cfbd72ef/elf: could not read sentinel record
addr2line /home/ubuntu/.debug/.build-id/0c/4600a61933ee91bacf6818c352a6b5cfbd72ef/elf: unexpected record instead of sentineladdr2line /home/ubuntu/.debug/.build-id/0c/4600a61933ee91bacf6818c352a6b5cfbd72ef/elf: unexpected record instead of sentineladdr2line /home/ubuntu/.debug/.build-id/0c/4600a61933ee91bacf6818c352a6b5cfbd72ef/elf: could not read sentinel record
addr2line /home/ubuntu/.debug/.build-id/0c/4600a61933ee91bacf6818c352a6b5cfbd72ef/elf: unexpected record instead of sentineladdr2line /home/ubuntu/.debug/.build-id/0c/4600a61933ee91bacf6818c352a6b5cfbd72ef/elf: unexpected record instead of sentineladdr2line /home/ubuntu/.debug/.build-id/0c/4600a61933ee91bacf6818c352a6b5cfbd72ef/elf: could not read sentinel record
addr2line /home/ubuntu/.debug/.build-id/0c/4600a61933ee91bacf6818c352a6b5cfbd72ef/elf: unexpected record instead of sentineladdr2line /home/ubuntu/.debug/.build-id/0c/4600a61933ee91bacf6818c352a6b5cfbd72ef/elf: could not read sentinel record
addr2line /home/ubuntu/.debug/.build-id/0c/4600a61933ee91bacf6818c352a6b5cfbd72ef/elf: unexpected record instead of sentineladdr2line /home/ubuntu/.debug/.build-id/0c/4600a61933ee91bacf6818c352a6b5cfbd72ef/elf: unexpected record instead of sentineladdr2line /home/ubuntu/.debug/.build-id/0c/4600a61933ee91bacf6818c352a6b5cfbd72ef/elf: could not read sentinel record
addr2line /home/ubuntu/.debug/.build-id/0c/4600a61933ee91bacf6818c352a6b5cfbd72ef/elf: could not read sentinel record
addr2line /home/ubuntu/.debug/.build-id/0c/4600a61933ee91bacf6818c352a6b5cfbd72ef/elf: unexpected record instead of sentineladdr2line /home/ubuntu/.debug/.build-id/0c/4600a61933ee91bacf6818c352a6b5cfbd72ef/elf: could not read sentinel record
addr2line /home/ubuntu/.debug/.build-id/0c/4600a61933ee91bacf6818c352a6b5cfbd72ef/elf: unexpected record instead of sentineladdr2line /home/ubuntu/.debug/.build-id/0c/4600a61933ee91bacf6818c352a6b5cfbd72ef/elf: unexpected record instead of sentineladdr2line /home/ubuntu/.debug/.build-id/0c/4600a61933ee91bacf6818c352a6b5cfbd72ef/elf: unexpected record instead of sentineladdr2line /home/ubuntu/.debug/.build-id/0c/4600a61933ee91bacf6818c352a6b5cfbd72ef/elf: could not read sentinel record
addr2line /home/ubuntu/.debug/.build-id/0c/4600a61933ee91bacf6818c352a6b5cfbd72ef/elf: unexpected record instead of sentineladdr2line /home/ubuntu/.debug/.build-id/0c/4600a61933ee91bacf6818c352a6b5cfbd72ef/elf: unexpected record instead of sentineladdr2line /home/ubuntu/.debug/.build-id/0c/4600a61933ee91bacf6818c352a6b5cfbd72ef/elf: unexpected record instead of sentineladdr2line /home/ubuntu/.debug/.build-id/0c/4600a61933ee91bacf6818c352a6b5cfbd72ef/elf: unexpected record instead of sentineladdr2line /home/ubuntu/.debug/.build-id/0c/4600a61933ee91bacf6818c352a6b5cfbd72ef/elf: unexpected record instead of sentineladdr2line /home/ubuntu/.debug/.build-id/0c/4600a61933ee91bacf6818c352a6b5cfbd72ef/elf: could not read first record
addr2line /home/ubuntu/.debug/.build-id/0c/4600a61933ee91bacf6818c352a6b5cfbd72ef/elf: unexpected record instead of sentineladdr2line /home/ubuntu/.debug/.build-id/0c/4600a61933ee91bacf6818c352a6b5cfbd72ef/elf: could not read sentinel record
addr2line /home/ubuntu/.debug/.build-id/0c/4600a61933ee91bacf6818c352a6b5cfbd72ef/elf: unexpected record instead of sentineladdr2line /home/ubuntu/.debug/.build-id/0c/4600a61933ee91bacf6818c352a6b5cfbd72ef/elf: unexpected record instead of sentineladdr2line /home/ubuntu/.debug/.build-id/0c/4600a61933ee91bacf6818c352a6b5cfbd72ef/elf: could not read sentinel record
addr2line /home/ubuntu/.debug/.build-id/0c/4600a61933ee91bacf6818c352a6b5cfbd72ef/elf: could not read sentinel record
addr2line /home/ubuntu/.debug/.build-id/0c/4600a61933ee91bacf6818c352a6b5cfbd72ef/elf: could not read sentinel record
addr2line /home/ubuntu/.debug/.build-id/0c/4600a61933ee91bacf6818c352a6b5cfbd72ef/elf: unexpected record instead of sentineladdr2line /home/ubuntu/.debug/.build-id/0c/4600a61933ee91bacf6818c352a6b5cfbd72ef/elf: could not read sentinel record
addr2line /home/ubuntu/.debug/.build-id/0c/4600a61933ee91bacf6818c352a6b5cfbd72ef/elf: could not read sentinel record
addr2line /home/ubuntu/.debug/.build-id/0c/4600a61933ee91bacf6818c352a6b5cfbd72ef/elf: unexpected record instead of sentineladdr2line /home/ubuntu/.debug/.build-id/0c/4600a61933ee91bacf6818c352a6b5cfbd72ef/elf: could not read sentinel record
addr2line /home/ubuntu/.debug/.build-id/0c/4600a61933ee91bacf6818c352a6b5cfbd72ef/elf: could not read sentinel record
addr2line /home/ubuntu/.debug/.build-id/0c/4600a61933ee91bacf6818c352a6b5cfbd72ef/elf: could not read first record
addr2line /home/ubuntu/.debug/.build-id/0c/4600a61933ee91bacf6818c352a6b5cfbd72ef/elf: unexpected record instead of sentineladdr2line /home/ubuntu/.debug/.build-id/0c/4600a61933ee91bacf6818c352a6b5cfbd72ef/elf: unexpected record instead of sentinelWarning:
Kernel address maps (/proc/{kallsyms,modules}) were restricted.

Check /proc/sys/kernel/kptr_restrict before running 'perf record'.

As no suitable kallsyms nor vmlinux was found, kernel samples
can't be resolved.

Samples in kernel modules can't be resolved as well.

