WARNING: Kernel address maps (/proc/{kallsyms,modules}) are restricted,
check /proc/sys/kernel/kptr_restrict and /proc/sys/kernel/perf_event_paranoid.

Samples in kernel functions may not be resolved if a suitable vmlinux
file is not found in the buildid cache or in the vmlinux path.

Samples in kernel modules won't be resolved at all.

If some relocation was applied (e.g. kexec) symbols may be misresolved
even with a suitable vmlinux or kallsyms file.

Couldn't record kernel reference relocation symbol
Symbol resolution may be skewed if relocation was used (e.g. kexec).
Check /proc/kallsyms permission or run as root.
Gnuplot not found, using plotters backend
Testing keyed_write_vs_redis/SADD_12v/redis-7.2.4
Success
Testing keyed_write_vs_redis/SADD_12v/frankenredis
Success
Testing keyed_write_vs_redis/SADD_12v/frankenredis-orig
Success

[ perf record: Woken up 31 times to write data ]
Warning:
Processed 486 events and lost 1 chunks!

Check IO/CPU overload!

[ perf record: Captured and wrote 9.783 MB perf.data (166 samples) ]
writing flamegraph to "artifacts/optimization/frankenredis-ohsk5-dispatch-floor-9-18/20260710T0145Z/flamegraph_sadd12_candidate_control_redis.svg"
