  [2m2026-06-13T12:08:22.066601Z[0m [32m INFO[0m [1;32mrch::hook[0m[32m: [32mSelected worker: vmi1156319 at root@178.18.254.243 (2 slots remaining after reservation, speed 50.0)[0m
    [2;3mat[0m rch/src/hook.rs:514 [2;3mon[0m ThreadId(1)

  [2m2026-06-13T12:08:22.274090Z[0m [32m INFO[0m [1;32mrch::hook[0m[32m: [32mStarting remote compilation pipeline for frankenredis-coralox-3uwif-appendix-20260613 (hash: 31b90ba9c2f23d60)[0m
    [2;3mat[0m rch/src/hook.rs:5994 [2;3mon[0m ThreadId(1)

  [2m2026-06-13T12:08:22.274137Z[0m [32m INFO[0m [1;32mrch::hook[0m[32m: [32mPrepared dependency sync manifest for 14 roots[0m
    [2;3mat[0m rch/src/hook.rs:6016 [2;3mon[0m ThreadId(1)

  [2m2026-06-13T12:08:25.674021Z[0m [32m INFO[0m [1;32mrch::hook[0m[32m: [32mSyncing project to worker vmi1156319...[0m
    [2;3mat[0m rch/src/hook.rs:6046 [2;3mon[0m ThreadId(1)

  [2m2026-06-13T12:08:25.674083Z[0m [32m INFO[0m [1;32mrch::transfer[0m[32m: [32mSyncing /data/projects/.scratch/frankenredis-coralox-3uwif-appendix-20260613 -> /data/projects/.scratch/frankenredis-coralox-3uwif-appendix-20260613 on vmi1156319[0m
    [2;3mat[0m rch/src/transfer.rs:1434 [2;3mon[0m ThreadId(1)

  [2m2026-06-13T12:08:45.482527Z[0m [32m INFO[0m [1;32mrch::transfer[0m[32m: [32mSync completed in 19808ms[0m
    [2;3mat[0m rch/src/transfer.rs:1503 [2;3mon[0m ThreadId(1)

  [2m2026-06-13T12:08:45.482611Z[0m [32m INFO[0m [1;32mrch::transfer[0m[32m: [32mSyncing /data/projects/.scratch/frankenredis-coralox-3uwif-appendix-20260613/crates/fr-bench -> /data/projects/.scratch/frankenredis-coralox-3uwif-appendix-20260613/crates/fr-bench on vmi1156319[0m
    [2;3mat[0m rch/src/transfer.rs:1434 [2;3mon[0m ThreadId(1)

  [2m2026-06-13T12:08:47.530461Z[0m [32m INFO[0m [1;32mrch::transfer[0m[32m: [32mSync completed in 2047ms[0m
    [2;3mat[0m rch/src/transfer.rs:1503 [2;3mon[0m ThreadId(1)

  [2m2026-06-13T12:08:47.530546Z[0m [32m INFO[0m [1;32mrch::transfer[0m[32m: [32mSyncing /data/projects/.scratch/frankenredis-coralox-3uwif-appendix-20260613/crates/fr-command -> /data/projects/.scratch/frankenredis-coralox-3uwif-appendix-20260613/crates/fr-command on vmi1156319[0m
    [2;3mat[0m rch/src/transfer.rs:1434 [2;3mon[0m ThreadId(1)

  [2m2026-06-13T12:08:49.513085Z[0m [32m INFO[0m [1;32mrch::transfer[0m[32m: [32mSync completed in 1982ms[0m
    [2;3mat[0m rch/src/transfer.rs:1503 [2;3mon[0m ThreadId(1)

  [2m2026-06-13T12:08:49.513167Z[0m [32m INFO[0m [1;32mrch::transfer[0m[32m: [32mSyncing /data/projects/.scratch/frankenredis-coralox-3uwif-appendix-20260613/crates/fr-config -> /data/projects/.scratch/frankenredis-coralox-3uwif-appendix-20260613/crates/fr-config on vmi1156319[0m
    [2;3mat[0m rch/src/transfer.rs:1434 [2;3mon[0m ThreadId(1)

  [2m2026-06-13T12:08:51.535104Z[0m [32m INFO[0m [1;32mrch::transfer[0m[32m: [32mSync completed in 2021ms[0m
    [2;3mat[0m rch/src/transfer.rs:1503 [2;3mon[0m ThreadId(1)

  [2m2026-06-13T12:08:51.535183Z[0m [32m INFO[0m [1;32mrch::transfer[0m[32m: [32mSyncing /data/projects/.scratch/frankenredis-coralox-3uwif-appendix-20260613/crates/fr-conformance -> /data/projects/.scratch/frankenredis-coralox-3uwif-appendix-20260613/crates/fr-conformance on vmi1156319[0m
    [2;3mat[0m rch/src/transfer.rs:1434 [2;3mon[0m ThreadId(1)

  [2m2026-06-13T12:08:53.536108Z[0m [32m INFO[0m [1;32mrch::transfer[0m[32m: [32mSync completed in 2000ms[0m
    [2;3mat[0m rch/src/transfer.rs:1503 [2;3mon[0m ThreadId(1)

  [2m2026-06-13T12:08:53.536227Z[0m [32m INFO[0m [1;32mrch::transfer[0m[32m: [32mSyncing /data/projects/.scratch/frankenredis-coralox-3uwif-appendix-20260613/crates/fr-eventloop -> /data/projects/.scratch/frankenredis-coralox-3uwif-appendix-20260613/crates/fr-eventloop on vmi1156319[0m
    [2;3mat[0m rch/src/transfer.rs:1434 [2;3mon[0m ThreadId(1)

  [2m2026-06-13T12:08:55.526034Z[0m [32m INFO[0m [1;32mrch::transfer[0m[32m: [32mSync completed in 1989ms[0m
    [2;3mat[0m rch/src/transfer.rs:1503 [2;3mon[0m ThreadId(1)

  [2m2026-06-13T12:08:55.526136Z[0m [32m INFO[0m [1;32mrch::transfer[0m[32m: [32mSyncing /data/projects/.scratch/frankenredis-coralox-3uwif-appendix-20260613/crates/fr-expire -> /data/projects/.scratch/frankenredis-coralox-3uwif-appendix-20260613/crates/fr-expire on vmi1156319[0m
    [2;3mat[0m rch/src/transfer.rs:1434 [2;3mon[0m ThreadId(1)

  [2m2026-06-13T12:08:57.504500Z[0m [32m INFO[0m [1;32mrch::transfer[0m[32m: [32mSync completed in 1978ms[0m
    [2;3mat[0m rch/src/transfer.rs:1503 [2;3mon[0m ThreadId(1)

  [2m2026-06-13T12:08:57.504597Z[0m [32m INFO[0m [1;32mrch::transfer[0m[32m: [32mSyncing /data/projects/.scratch/frankenredis-coralox-3uwif-appendix-20260613/crates/fr-persist -> /data/projects/.scratch/frankenredis-coralox-3uwif-appendix-20260613/crates/fr-persist on vmi1156319[0m
    [2;3mat[0m rch/src/transfer.rs:1434 [2;3mon[0m ThreadId(1)

  [2m2026-06-13T12:08:59.448465Z[0m [32m INFO[0m [1;32mrch::transfer[0m[32m: [32mSync completed in 1943ms[0m
    [2;3mat[0m rch/src/transfer.rs:1503 [2;3mon[0m ThreadId(1)

  [2m2026-06-13T12:08:59.448570Z[0m [32m INFO[0m [1;32mrch::transfer[0m[32m: [32mSyncing /data/projects/.scratch/frankenredis-coralox-3uwif-appendix-20260613/crates/fr-protocol -> /data/projects/.scratch/frankenredis-coralox-3uwif-appendix-20260613/crates/fr-protocol on vmi1156319[0m
    [2;3mat[0m rch/src/transfer.rs:1434 [2;3mon[0m ThreadId(1)

  [2m2026-06-13T12:09:01.620800Z[0m [32m INFO[0m [1;32mrch::transfer[0m[32m: [32mSync completed in 2172ms[0m
    [2;3mat[0m rch/src/transfer.rs:1503 [2;3mon[0m ThreadId(1)

  [2m2026-06-13T12:09:01.620907Z[0m [32m INFO[0m [1;32mrch::transfer[0m[32m: [32mSyncing /data/projects/.scratch/frankenredis-coralox-3uwif-appendix-20260613/crates/fr-repl -> /data/projects/.scratch/frankenredis-coralox-3uwif-appendix-20260613/crates/fr-repl on vmi1156319[0m
    [2;3mat[0m rch/src/transfer.rs:1434 [2;3mon[0m ThreadId(1)

  [2m2026-06-13T12:09:04.041357Z[0m [32m INFO[0m [1;32mrch::transfer[0m[32m: [32mSync completed in 2420ms[0m
    [2;3mat[0m rch/src/transfer.rs:1503 [2;3mon[0m ThreadId(1)

  [2m2026-06-13T12:09:04.041444Z[0m [32m INFO[0m [1;32mrch::transfer[0m[32m: [32mSyncing /data/projects/.scratch/frankenredis-coralox-3uwif-appendix-20260613/crates/fr-runtime -> /data/projects/.scratch/frankenredis-coralox-3uwif-appendix-20260613/crates/fr-runtime on vmi1156319[0m
    [2;3mat[0m rch/src/transfer.rs:1434 [2;3mon[0m ThreadId(1)

  [2m2026-06-13T12:09:06.236735Z[0m [32m INFO[0m [1;32mrch::transfer[0m[32m: [32mSync completed in 2195ms[0m
    [2;3mat[0m rch/src/transfer.rs:1503 [2;3mon[0m ThreadId(1)

  [2m2026-06-13T12:09:06.236816Z[0m [32m INFO[0m [1;32mrch::transfer[0m[32m: [32mSyncing /data/projects/.scratch/frankenredis-coralox-3uwif-appendix-20260613/crates/fr-sentinel -> /data/projects/.scratch/frankenredis-coralox-3uwif-appendix-20260613/crates/fr-sentinel on vmi1156319[0m
    [2;3mat[0m rch/src/transfer.rs:1434 [2;3mon[0m ThreadId(1)

  [2m2026-06-13T12:09:08.411092Z[0m [32m INFO[0m [1;32mrch::transfer[0m[32m: [32mSync completed in 2174ms[0m
    [2;3mat[0m rch/src/transfer.rs:1503 [2;3mon[0m ThreadId(1)

  [2m2026-06-13T12:09:08.411178Z[0m [32m INFO[0m [1;32mrch::transfer[0m[32m: [32mSyncing /data/projects/.scratch/frankenredis-coralox-3uwif-appendix-20260613/crates/fr-server -> /data/projects/.scratch/frankenredis-coralox-3uwif-appendix-20260613/crates/fr-server on vmi1156319[0m
    [2;3mat[0m rch/src/transfer.rs:1434 [2;3mon[0m ThreadId(1)

  [2m2026-06-13T12:09:10.406142Z[0m [32m INFO[0m [1;32mrch::transfer[0m[32m: [32mSync completed in 1994ms[0m
    [2;3mat[0m rch/src/transfer.rs:1503 [2;3mon[0m ThreadId(1)

  [2m2026-06-13T12:09:10.406229Z[0m [32m INFO[0m [1;32mrch::transfer[0m[32m: [32mSyncing /data/projects/.scratch/frankenredis-coralox-3uwif-appendix-20260613/crates/fr-store -> /data/projects/.scratch/frankenredis-coralox-3uwif-appendix-20260613/crates/fr-store on vmi1156319[0m
    [2;3mat[0m rch/src/transfer.rs:1434 [2;3mon[0m ThreadId(1)

  [2m2026-06-13T12:09:12.379587Z[0m [32m INFO[0m [1;32mrch::transfer[0m[32m: [32mSync completed in 1973ms[0m
    [2;3mat[0m rch/src/transfer.rs:1503 [2;3mon[0m ThreadId(1)

  [2m2026-06-13T12:09:12.379640Z[0m [32m INFO[0m [1;32mrch::hook[0m[32m: [32mSync complete: 94719 files, 120254523 bytes in 46696ms[0m
    [2;3mat[0m rch/src/hook.rs:6209 [2;3mon[0m ThreadId(1)

  [2m2026-06-13T12:09:16.975202Z[0m [32m INFO[0m [1;32mrch::hook[0m[32m: [32mExecuting command remotely: env cargo build --release -p fr-server -p fr-bench[0m
    [2;3mat[0m rch/src/hook.rs:6252 [2;3mon[0m ThreadId(1)

  [2m2026-06-13T12:09:16.975249Z[0m [32m INFO[0m [1;32mrch::transfer[0m[32m: [32mRewriting CARGO_TARGET_DIR for remote execution (worker-scoped path): /data/tmp/frankenredis-cms7p-baseline-target -> /data/projects/.scratch/frankenredis-coralox-3uwif-appendix-20260613/.rch-target-vmi1156319-job-29884606035528106-1781352505674013651-0[0m
    [2;3mat[0m rch/src/transfer.rs:712 [2;3mon[0m ThreadId(1)

    Updating crates.io index
 Downloading crates ...
  Downloaded adler2 v2.0.1
  Downloaded crossbeam-utils v0.8.21
  Downloaded crc32fast v1.5.0
  Downloaded crypto-common v0.2.1
  Downloaded hex v0.4.3
  Downloaded cfg-if v1.0.4
  Downloaded hashbrown v0.17.0
  Downloaded itoa v1.0.18
  Downloaded cpufeatures v0.3.0
  Downloaded block-buffer v0.12.0
  Downloaded equivalent v1.0.2
  Downloaded mimalloc v0.1.49
  Downloaded byteorder v1.5.0
  Downloaded simd-adler32 v0.3.9
  Downloaded autocfg v1.5.0
  Downloaded digest v0.11.2
  Downloaded foldhash v0.1.5
  Downloaded find-msvc-tools v0.1.9
  Downloaded shlex v1.3.0
  Downloaded zmij v1.0.21
  Downloaded const-oid v0.10.2
  Downloaded quote v1.0.45
  Downloaded sha2 v0.11.0
  Downloaded hybrid-array v0.4.10
  Downloaded serde_core v1.0.228
  Downloaded log v0.4.29
  Downloaded serde_derive v1.0.228
  Downloaded unicode-ident v1.0.24
  Downloaded num-traits v0.2.19
  Downloaded miniz_oxide v0.8.9
  Downloaded base64 v0.21.7
  Downloaded flate2 v1.1.9
  Downloaded proc-macro2 v1.0.106
  Downloaded serde v1.0.228
  Downloaded cc v1.2.60
  Downloaded minimal-lexical v0.2.1
  Downloaded crossbeam-channel v0.5.15
  Downloaded typenum v1.20.0
  Downloaded indexmap v2.14.0
  Downloaded memchr v2.8.0
  Downloaded mio v1.2.0
  Downloaded nom v7.1.3
  Downloaded serde_json v1.0.149
  Downloaded hdrhistogram v7.5.4
  Downloaded syn v2.0.117
  Downloaded libmimalloc-sys v0.1.46
  Downloaded libc v0.2.185
   Compiling zmij v1.0.21
   Compiling serde_json v1.0.149
   Compiling typenum v1.20.0
   Compiling serde_core v1.0.228
   Compiling cfg-if v1.0.4
   Compiling memchr v2.8.0
   Compiling libc v0.2.185
   Compiling fr-protocol v0.1.0 (/data/projects/.scratch/frankenredis-coralox-3uwif-appendix-20260613/crates/fr-protocol)
   Compiling itoa v1.0.18
   Compiling find-msvc-tools v0.1.9
   Compiling shlex v1.3.0
   Compiling proc-macro2 v1.0.106
   Compiling cc v1.2.60
   Compiling hybrid-array v0.4.10
   Compiling const-oid v0.10.2
   Compiling equivalent v1.0.2
   Compiling unicode-ident v1.0.24
   Compiling hashbrown v0.17.0
   Compiling quote v1.0.45
   Compiling crypto-common v0.2.1
   Compiling block-buffer v0.12.0
   Compiling fr-persist v0.1.0 (/data/projects/.scratch/frankenredis-coralox-3uwif-appendix-20260613/crates/fr-persist)
   Compiling fr-sentinel v0.1.0 (/data/projects/.scratch/frankenredis-coralox-3uwif-appendix-20260613/crates/fr-sentinel)
   Compiling indexmap v2.14.0
   Compiling crc32fast v1.5.0
   Compiling libmimalloc-sys v0.1.46
   Compiling digest v0.11.2
   Compiling crossbeam-utils v0.8.21
   Compiling cpufeatures v0.3.0
   Compiling foldhash v0.1.5
   Compiling fr-expire v0.1.0 (/data/projects/.scratch/frankenredis-coralox-3uwif-appendix-20260613/crates/fr-expire)
   Compiling autocfg v1.5.0
   Compiling fr-store v0.1.0 (/data/projects/.scratch/frankenredis-coralox-3uwif-appendix-20260613/crates/fr-store)
   Compiling sha2 v0.11.0
   Compiling num-traits v0.2.19
   Compiling simd-adler32 v0.3.9
   Compiling fr-command v0.1.0 (/data/projects/.scratch/frankenredis-coralox-3uwif-appendix-20260613/crates/fr-command)
   Compiling adler2 v2.0.1
   Compiling miniz_oxide v0.8.9
   Compiling syn v2.0.117
   Compiling fr-repl v0.1.0 (/data/projects/.scratch/frankenredis-coralox-3uwif-appendix-20260613/crates/fr-repl)
   Compiling log v0.4.29
   Compiling fr-eventloop v0.1.0 (/data/projects/.scratch/frankenredis-coralox-3uwif-appendix-20260613/crates/fr-eventloop)
   Compiling minimal-lexical v0.2.1
   Compiling fr-config v0.1.0 (/data/projects/.scratch/frankenredis-coralox-3uwif-appendix-20260613/crates/fr-config)
   Compiling serde v1.0.228
   Compiling hex v0.4.3
   Compiling nom v7.1.3
   Compiling mio v1.2.0
   Compiling crossbeam-channel v0.5.15
   Compiling serde_derive v1.0.228
   Compiling flate2 v1.1.9
   Compiling byteorder v1.5.0
   Compiling mimalloc v0.1.49
   Compiling base64 v0.21.7
   Compiling hdrhistogram v7.5.4
   Compiling fr-bench v0.1.0 (/data/projects/.scratch/frankenredis-coralox-3uwif-appendix-20260613/crates/fr-bench)
warning: value assigned to `limit_offset` is never read
     --> crates/fr-command/src/lib.rs:26964:13
      |
26964 |             limit_offset = 0;
      |             ^^^^^^^^^^^^^^^^ this value is reassigned later and never used
...
27047 |         limit_offset = 0;
      |         ---------------- `limit_offset` is overwritten here before the previous value is read
      |
      = note: `#[warn(unused_assignments)]` (part of `#[warn(unused)]`) on by default

warning: value assigned to `limit_count` is never read
     --> crates/fr-command/src/lib.rs:26965:13
      |
26965 |             limit_count = -1;
      |             ^^^^^^^^^^^^^^^^ this value is reassigned later and never used
...
27048 |         limit_count = -1;
      |         ---------------- `limit_count` is overwritten here before the previous value is read

   Compiling fr-runtime v0.1.0 (/data/projects/.scratch/frankenredis-coralox-3uwif-appendix-20260613/crates/fr-runtime)
warning: method `is_zpop` is never used
   --> crates/fr-runtime/src/lib.rs:365:8
    |
341 | impl PlainKeyedPopCmd {
    | --------------------- method in this implementation
...
365 |     fn is_zpop(self) -> bool {
    |        ^^^^^^^
    |
    = note: `#[warn(dead_code)]` (part of `#[warn(unused)]`) on by default

   Compiling fr-server v0.1.0 (/data/projects/.scratch/frankenredis-coralox-3uwif-appendix-20260613/crates/fr-server)
warning: `fr-command` (lib) generated 2 warnings
warning: `fr-runtime` (lib) generated 1 warning
    Finished `release` profile [optimized] target(s) in 56.91s
  [2m2026-06-13T12:10:15.735095Z[0m [32m INFO[0m [1;32mrch::hook[0m[32m: [32mRemote command finished: exit=0 in 58759ms[0m
    [2;3mat[0m rch/src/hook.rs:6376 [2;3mon[0m ThreadId(1)

  [2m2026-06-13T12:10:15.735505Z[0m [32m INFO[0m [1;32mrch::hook[0m[32m: [32mRetrieving build artifacts...[0m
    [2;3mat[0m rch/src/hook.rs:6425 [2;3mon[0m ThreadId(1)

  [2m2026-06-13T12:10:15.735543Z[0m [32m INFO[0m [1;32mrch::transfer[0m[32m: [32mRetrieving artifacts from /data/projects/.scratch/frankenredis-coralox-3uwif-appendix-20260613 on vmi1156319[0m
    [2;3mat[0m rch/src/transfer.rs:2106 [2;3mon[0m ThreadId(1)

  [2m2026-06-13T12:10:17.760949Z[0m [32m INFO[0m [1;32mrch::transfer[0m[32m: [32mArtifacts retrieved in 2025ms (1 files, 1203 bytes)[0m
    [2;3mat[0m rch/src/transfer.rs:2145 [2;3mon[0m ThreadId(1)

  [2m2026-06-13T12:10:17.760986Z[0m [32m INFO[0m [1;32mrch::hook[0m[32m: [32mArtifacts retrieved: 1 files, 1203 bytes in 2025ms[0m
    [2;3mat[0m rch/src/hook.rs:6458 [2;3mon[0m ThreadId(1)

  [2m2026-06-13T12:10:17.761115Z[0m [32m INFO[0m [1;32mrch::transfer[0m[32m: [32mRetrieving artifacts from /data/projects/.scratch/frankenredis-coralox-3uwif-appendix-20260613/.rch-target-vmi1156319-job-29884606035528106-1781352505674013651-0 on vmi1156319[0m
    [2;3mat[0m rch/src/transfer.rs:2106 [2;3mon[0m ThreadId(1)

  [2m2026-06-13T12:10:22.772014Z[0m [32m INFO[0m [1;32mrch::transfer[0m[32m: [32mArtifacts retrieved in 5010ms (797 files, 12968 bytes)[0m
    [2;3mat[0m rch/src/transfer.rs:2145 [2;3mon[0m ThreadId(1)

  [2m2026-06-13T12:10:22.772041Z[0m [32m INFO[0m [1;32mrch::hook[0m[32m: [32mCustom CARGO_TARGET_DIR artifacts retrieved: 797 files, 12968 bytes in 5010ms[0m
    [2;3mat[0m rch/src/hook.rs:6582 [2;3mon[0m ThreadId(1)

[RCH] remote vmi1156319 (120.7s)
