  [2m2026-06-13T12:06:44.328795Z[0m [32m INFO[0m [1;32mrch::hook[0m[32m: [32mSelected worker: vmi1149989 at root@212.90.121.76 (4 slots remaining after reservation, speed 50.0)[0m
    [2;3mat[0m rch/src/hook.rs:514 [2;3mon[0m ThreadId(1)

  [2m2026-06-13T12:06:44.486034Z[0m [32m INFO[0m [1;32mrch::hook[0m[32m: [32mStarting remote compilation pipeline for frankenredis-coralox-3uwif-appendix-20260613 (hash: 31b90ba9c2f23d60)[0m
    [2;3mat[0m rch/src/hook.rs:5994 [2;3mon[0m ThreadId(1)

  [2m2026-06-13T12:06:44.486108Z[0m [32m INFO[0m [1;32mrch::hook[0m[32m: [32mPrepared dependency sync manifest for 14 roots[0m
    [2;3mat[0m rch/src/hook.rs:6016 [2;3mon[0m ThreadId(1)

  [2m2026-06-13T12:06:47.939592Z[0m [32m INFO[0m [1;32mrch::hook[0m[32m: [32mSyncing project to worker vmi1149989...[0m
    [2;3mat[0m rch/src/hook.rs:6046 [2;3mon[0m ThreadId(1)

  [2m2026-06-13T12:06:47.939667Z[0m [32m INFO[0m [1;32mrch::transfer[0m[32m: [32mSyncing /data/projects/.scratch/frankenredis-coralox-3uwif-appendix-20260613 -> /data/projects/.scratch/frankenredis-coralox-3uwif-appendix-20260613 on vmi1149989[0m
    [2;3mat[0m rch/src/transfer.rs:1434 [2;3mon[0m ThreadId(1)

  [2m2026-06-13T12:06:58.109577Z[0m [32m INFO[0m [1;32mrch::transfer[0m[32m: [32mSync completed in 10169ms[0m
    [2;3mat[0m rch/src/transfer.rs:1503 [2;3mon[0m ThreadId(1)

  [2m2026-06-13T12:06:58.109675Z[0m [32m INFO[0m [1;32mrch::transfer[0m[32m: [32mSyncing /data/projects/.scratch/frankenredis-coralox-3uwif-appendix-20260613/crates/fr-bench -> /data/projects/.scratch/frankenredis-coralox-3uwif-appendix-20260613/crates/fr-bench on vmi1149989[0m
    [2;3mat[0m rch/src/transfer.rs:1434 [2;3mon[0m ThreadId(1)

  [2m2026-06-13T12:06:59.964389Z[0m [32m INFO[0m [1;32mrch::transfer[0m[32m: [32mSync completed in 1854ms[0m
    [2;3mat[0m rch/src/transfer.rs:1503 [2;3mon[0m ThreadId(1)

  [2m2026-06-13T12:06:59.964484Z[0m [32m INFO[0m [1;32mrch::transfer[0m[32m: [32mSyncing /data/projects/.scratch/frankenredis-coralox-3uwif-appendix-20260613/crates/fr-command -> /data/projects/.scratch/frankenredis-coralox-3uwif-appendix-20260613/crates/fr-command on vmi1149989[0m
    [2;3mat[0m rch/src/transfer.rs:1434 [2;3mon[0m ThreadId(1)

  [2m2026-06-13T12:07:01.772918Z[0m [32m INFO[0m [1;32mrch::transfer[0m[32m: [32mSync completed in 1808ms[0m
    [2;3mat[0m rch/src/transfer.rs:1503 [2;3mon[0m ThreadId(1)

  [2m2026-06-13T12:07:01.773018Z[0m [32m INFO[0m [1;32mrch::transfer[0m[32m: [32mSyncing /data/projects/.scratch/frankenredis-coralox-3uwif-appendix-20260613/crates/fr-config -> /data/projects/.scratch/frankenredis-coralox-3uwif-appendix-20260613/crates/fr-config on vmi1149989[0m
    [2;3mat[0m rch/src/transfer.rs:1434 [2;3mon[0m ThreadId(1)

  [2m2026-06-13T12:07:03.659073Z[0m [32m INFO[0m [1;32mrch::transfer[0m[32m: [32mSync completed in 1886ms[0m
    [2;3mat[0m rch/src/transfer.rs:1503 [2;3mon[0m ThreadId(1)

  [2m2026-06-13T12:07:03.659179Z[0m [32m INFO[0m [1;32mrch::transfer[0m[32m: [32mSyncing /data/projects/.scratch/frankenredis-coralox-3uwif-appendix-20260613/crates/fr-conformance -> /data/projects/.scratch/frankenredis-coralox-3uwif-appendix-20260613/crates/fr-conformance on vmi1149989[0m
    [2;3mat[0m rch/src/transfer.rs:1434 [2;3mon[0m ThreadId(1)

  [2m2026-06-13T12:07:05.472846Z[0m [32m INFO[0m [1;32mrch::transfer[0m[32m: [32mSync completed in 1813ms[0m
    [2;3mat[0m rch/src/transfer.rs:1503 [2;3mon[0m ThreadId(1)

  [2m2026-06-13T12:07:05.472954Z[0m [32m INFO[0m [1;32mrch::transfer[0m[32m: [32mSyncing /data/projects/.scratch/frankenredis-coralox-3uwif-appendix-20260613/crates/fr-eventloop -> /data/projects/.scratch/frankenredis-coralox-3uwif-appendix-20260613/crates/fr-eventloop on vmi1149989[0m
    [2;3mat[0m rch/src/transfer.rs:1434 [2;3mon[0m ThreadId(1)

  [2m2026-06-13T12:07:07.353460Z[0m [32m INFO[0m [1;32mrch::transfer[0m[32m: [32mSync completed in 1880ms[0m
    [2;3mat[0m rch/src/transfer.rs:1503 [2;3mon[0m ThreadId(1)

  [2m2026-06-13T12:07:07.353567Z[0m [32m INFO[0m [1;32mrch::transfer[0m[32m: [32mSyncing /data/projects/.scratch/frankenredis-coralox-3uwif-appendix-20260613/crates/fr-expire -> /data/projects/.scratch/frankenredis-coralox-3uwif-appendix-20260613/crates/fr-expire on vmi1149989[0m
    [2;3mat[0m rch/src/transfer.rs:1434 [2;3mon[0m ThreadId(1)

  [2m2026-06-13T12:07:09.191289Z[0m [32m INFO[0m [1;32mrch::transfer[0m[32m: [32mSync completed in 1837ms[0m
    [2;3mat[0m rch/src/transfer.rs:1503 [2;3mon[0m ThreadId(1)

  [2m2026-06-13T12:07:09.191403Z[0m [32m INFO[0m [1;32mrch::transfer[0m[32m: [32mSyncing /data/projects/.scratch/frankenredis-coralox-3uwif-appendix-20260613/crates/fr-persist -> /data/projects/.scratch/frankenredis-coralox-3uwif-appendix-20260613/crates/fr-persist on vmi1149989[0m
    [2;3mat[0m rch/src/transfer.rs:1434 [2;3mon[0m ThreadId(1)

  [2m2026-06-13T12:07:11.047434Z[0m [32m INFO[0m [1;32mrch::transfer[0m[32m: [32mSync completed in 1856ms[0m
    [2;3mat[0m rch/src/transfer.rs:1503 [2;3mon[0m ThreadId(1)

  [2m2026-06-13T12:07:11.047569Z[0m [32m INFO[0m [1;32mrch::transfer[0m[32m: [32mSyncing /data/projects/.scratch/frankenredis-coralox-3uwif-appendix-20260613/crates/fr-protocol -> /data/projects/.scratch/frankenredis-coralox-3uwif-appendix-20260613/crates/fr-protocol on vmi1149989[0m
    [2;3mat[0m rch/src/transfer.rs:1434 [2;3mon[0m ThreadId(1)

  [2m2026-06-13T12:07:12.897710Z[0m [32m INFO[0m [1;32mrch::transfer[0m[32m: [32mSync completed in 1850ms[0m
    [2;3mat[0m rch/src/transfer.rs:1503 [2;3mon[0m ThreadId(1)

  [2m2026-06-13T12:07:12.897815Z[0m [32m INFO[0m [1;32mrch::transfer[0m[32m: [32mSyncing /data/projects/.scratch/frankenredis-coralox-3uwif-appendix-20260613/crates/fr-repl -> /data/projects/.scratch/frankenredis-coralox-3uwif-appendix-20260613/crates/fr-repl on vmi1149989[0m
    [2;3mat[0m rch/src/transfer.rs:1434 [2;3mon[0m ThreadId(1)

  [2m2026-06-13T12:07:14.759556Z[0m [32m INFO[0m [1;32mrch::transfer[0m[32m: [32mSync completed in 1861ms[0m
    [2;3mat[0m rch/src/transfer.rs:1503 [2;3mon[0m ThreadId(1)

  [2m2026-06-13T12:07:14.759654Z[0m [32m INFO[0m [1;32mrch::transfer[0m[32m: [32mSyncing /data/projects/.scratch/frankenredis-coralox-3uwif-appendix-20260613/crates/fr-runtime -> /data/projects/.scratch/frankenredis-coralox-3uwif-appendix-20260613/crates/fr-runtime on vmi1149989[0m
    [2;3mat[0m rch/src/transfer.rs:1434 [2;3mon[0m ThreadId(1)

  [2m2026-06-13T12:07:16.596005Z[0m [32m INFO[0m [1;32mrch::transfer[0m[32m: [32mSync completed in 1836ms[0m
    [2;3mat[0m rch/src/transfer.rs:1503 [2;3mon[0m ThreadId(1)

  [2m2026-06-13T12:07:16.596107Z[0m [32m INFO[0m [1;32mrch::transfer[0m[32m: [32mSyncing /data/projects/.scratch/frankenredis-coralox-3uwif-appendix-20260613/crates/fr-sentinel -> /data/projects/.scratch/frankenredis-coralox-3uwif-appendix-20260613/crates/fr-sentinel on vmi1149989[0m
    [2;3mat[0m rch/src/transfer.rs:1434 [2;3mon[0m ThreadId(1)

  [2m2026-06-13T12:07:18.444830Z[0m [32m INFO[0m [1;32mrch::transfer[0m[32m: [32mSync completed in 1848ms[0m
    [2;3mat[0m rch/src/transfer.rs:1503 [2;3mon[0m ThreadId(1)

  [2m2026-06-13T12:07:18.444913Z[0m [32m INFO[0m [1;32mrch::transfer[0m[32m: [32mSyncing /data/projects/.scratch/frankenredis-coralox-3uwif-appendix-20260613/crates/fr-server -> /data/projects/.scratch/frankenredis-coralox-3uwif-appendix-20260613/crates/fr-server on vmi1149989[0m
    [2;3mat[0m rch/src/transfer.rs:1434 [2;3mon[0m ThreadId(1)

  [2m2026-06-13T12:07:20.235746Z[0m [32m INFO[0m [1;32mrch::transfer[0m[32m: [32mSync completed in 1790ms[0m
    [2;3mat[0m rch/src/transfer.rs:1503 [2;3mon[0m ThreadId(1)

  [2m2026-06-13T12:07:20.235835Z[0m [32m INFO[0m [1;32mrch::transfer[0m[32m: [32mSyncing /data/projects/.scratch/frankenredis-coralox-3uwif-appendix-20260613/crates/fr-store -> /data/projects/.scratch/frankenredis-coralox-3uwif-appendix-20260613/crates/fr-store on vmi1149989[0m
    [2;3mat[0m rch/src/transfer.rs:1434 [2;3mon[0m ThreadId(1)

  [2m2026-06-13T12:07:22.087677Z[0m [32m INFO[0m [1;32mrch::transfer[0m[32m: [32mSync completed in 1851ms[0m
    [2;3mat[0m rch/src/transfer.rs:1503 [2;3mon[0m ThreadId(1)

  [2m2026-06-13T12:07:22.087723Z[0m [32m INFO[0m [1;32mrch::hook[0m[32m: [32mSync complete: 92431 files, 55579127 bytes in 34139ms[0m
    [2;3mat[0m rch/src/hook.rs:6209 [2;3mon[0m ThreadId(1)

  [2m2026-06-13T12:07:26.207176Z[0m [32m INFO[0m [1;32mrch::hook[0m[32m: [32mExecuting command remotely: env cargo build --release -p fr-server -p fr-bench[0m
    [2;3mat[0m rch/src/hook.rs:6252 [2;3mon[0m ThreadId(1)

  [2m2026-06-13T12:07:26.207232Z[0m [32m INFO[0m [1;32mrch::transfer[0m[32m: [32mRewriting CARGO_TARGET_DIR for remote execution (worker-scoped path): /data/tmp/frankenredis-cms7p-baseline-target -> /data/projects/.scratch/frankenredis-coralox-3uwif-appendix-20260613/.rch-target-vmi1149989-job-29884606035528098-1781352407939584767-0[0m
    [2;3mat[0m rch/src/transfer.rs:712 [2;3mon[0m ThreadId(1)

    Updating crates.io index
 Downloading crates ...
  Downloaded block-buffer v0.12.0
  Downloaded autocfg v1.5.0
  Downloaded adler2 v2.0.1
  Downloaded cc v1.2.60
  Downloaded cfg-if v1.0.4
  Downloaded equivalent v1.0.2
  Downloaded crypto-common v0.2.1
  Downloaded mimalloc v0.1.49
  Downloaded cpufeatures v0.3.0
  Downloaded itoa v1.0.18
  Downloaded byteorder v1.5.0
  Downloaded hex v0.4.3
  Downloaded foldhash v0.1.5
  Downloaded find-msvc-tools v0.1.9
  Downloaded digest v0.11.2
  Downloaded shlex v1.3.0
  Downloaded simd-adler32 v0.3.9
  Downloaded zmij v1.0.21
  Downloaded quote v1.0.45
  Downloaded crossbeam-utils v0.8.21
  Downloaded sha2 v0.11.0
  Downloaded hybrid-array v0.4.10
  Downloaded crc32fast v1.5.0
  Downloaded const-oid v0.10.2
  Downloaded log v0.4.29
  Downloaded serde_core v1.0.228
  Downloaded serde_derive v1.0.228
  Downloaded proc-macro2 v1.0.106
  Downloaded num-traits v0.2.19
  Downloaded unicode-ident v1.0.24
  Downloaded miniz_oxide v0.8.9
  Downloaded base64 v0.21.7
  Downloaded crossbeam-channel v0.5.15
  Downloaded flate2 v1.1.9
  Downloaded memchr v2.8.0
  Downloaded minimal-lexical v0.2.1
  Downloaded serde v1.0.228
  Downloaded typenum v1.20.0
  Downloaded mio v1.2.0
  Downloaded nom v7.1.3
  Downloaded hashbrown v0.17.0
  Downloaded indexmap v2.14.0
  Downloaded serde_json v1.0.149
  Downloaded syn v2.0.117
  Downloaded hdrhistogram v7.5.4
  Downloaded libmimalloc-sys v0.1.46
  Downloaded libc v0.2.185
   Compiling zmij v1.0.21
   Compiling serde_json v1.0.149
   Compiling serde_core v1.0.228
   Compiling cfg-if v1.0.4
   Compiling typenum v1.20.0
   Compiling libc v0.2.185
   Compiling fr-protocol v0.1.0 (/data/projects/.scratch/frankenredis-coralox-3uwif-appendix-20260613/crates/fr-protocol)
   Compiling memchr v2.8.0
   Compiling proc-macro2 v1.0.106
   Compiling find-msvc-tools v0.1.9
   Compiling itoa v1.0.18
   Compiling shlex v1.3.0
   Compiling cc v1.2.60
   Compiling hybrid-array v0.4.10
   Compiling const-oid v0.10.2
   Compiling unicode-ident v1.0.24
   Compiling quote v1.0.45
   Compiling equivalent v1.0.2
   Compiling hashbrown v0.17.0
   Compiling fr-sentinel v0.1.0 (/data/projects/.scratch/frankenredis-coralox-3uwif-appendix-20260613/crates/fr-sentinel)
   Compiling block-buffer v0.12.0
   Compiling crypto-common v0.2.1
   Compiling fr-persist v0.1.0 (/data/projects/.scratch/frankenredis-coralox-3uwif-appendix-20260613/crates/fr-persist)
   Compiling fr-expire v0.1.0 (/data/projects/.scratch/frankenredis-coralox-3uwif-appendix-20260613/crates/fr-expire)
   Compiling autocfg v1.5.0
   Compiling cpufeatures v0.3.0
   Compiling crossbeam-utils v0.8.21
   Compiling foldhash v0.1.5
   Compiling libmimalloc-sys v0.1.46
   Compiling crc32fast v1.5.0
   Compiling digest v0.11.2
   Compiling indexmap v2.14.0
   Compiling num-traits v0.2.19
   Compiling sha2 v0.11.0
   Compiling adler2 v2.0.1
   Compiling simd-adler32 v0.3.9
   Compiling syn v2.0.117
   Compiling miniz_oxide v0.8.9
   Compiling fr-store v0.1.0 (/data/projects/.scratch/frankenredis-coralox-3uwif-appendix-20260613/crates/fr-store)
   Compiling fr-eventloop v0.1.0 (/data/projects/.scratch/frankenredis-coralox-3uwif-appendix-20260613/crates/fr-eventloop)
   Compiling fr-command v0.1.0 (/data/projects/.scratch/frankenredis-coralox-3uwif-appendix-20260613/crates/fr-command)
   Compiling log v0.4.29
   Compiling hex v0.4.3
   Compiling fr-config v0.1.0 (/data/projects/.scratch/frankenredis-coralox-3uwif-appendix-20260613/crates/fr-config)
   Compiling minimal-lexical v0.2.1
   Compiling fr-repl v0.1.0 (/data/projects/.scratch/frankenredis-coralox-3uwif-appendix-20260613/crates/fr-repl)
error: failed to run custom build command for `fr-command v0.1.0 (/data/projects/.scratch/frankenredis-coralox-3uwif-appendix-20260613/crates/fr-command)`

Caused by:
  process didn't exit successfully: `/data/projects/.scratch/frankenredis-coralox-3uwif-appendix-20260613/.rch-target-vmi1149989-job-29884606035528098-1781352407939584767-0/release/build/fr-command-2779e1415e3a1ab0/build-script-build` (exit status: 1)
  --- stdout
  cargo:rerun-if-changed=/data/projects/.scratch/frankenredis-coralox-3uwif-appendix-20260613/crates/fr-command/../../legacy_redis_code/redis/src/commands

  --- stderr
  Error: Custom { kind: NotFound, error: "failed to read Redis commands dir /data/projects/.scratch/frankenredis-coralox-3uwif-appendix-20260613/crates/fr-command/../../legacy_redis_code/redis/src/commands: No such file or directory (os error 2)" }
warning: build failed, waiting for other jobs to finish...
  [2m2026-06-13T12:07:50.794740Z[0m [32m INFO[0m [1;32mrch::hook[0m[32m: [32mRemote command finished: exit=101 in 24587ms[0m
    [2;3mat[0m rch/src/hook.rs:6376 [2;3mon[0m ThreadId(1)

[RCH] remote vmi1149989 failed (exit 101)
