addr2line /home/ubuntu/.debug/.build-id/46/307d50d6f59fe08c42c699d2ccde4dda93cad9/elf: unexpected record instead of sentineladdr2line /home/ubuntu/.debug/.build-id/46/307d50d6f59fe08c42c699d2ccde4dda93cad9/elf: unexpected record instead of sentineladdr2line /home/ubuntu/.debug/.build-id/46/307d50d6f59fe08c42c699d2ccde4dda93cad9/elf: could not read sentinel record
addr2line /home/ubuntu/.debug/.build-id/46/307d50d6f59fe08c42c699d2ccde4dda93cad9/elf: unexpected record instead of sentineladdr2line /home/ubuntu/.debug/.build-id/46/307d50d6f59fe08c42c699d2ccde4dda93cad9/elf: could not read sentinel record
addr2line /home/ubuntu/.debug/.build-id/46/307d50d6f59fe08c42c699d2ccde4dda93cad9/elf: unexpected record instead of sentineladdr2line /home/ubuntu/.debug/.build-id/46/307d50d6f59fe08c42c699d2ccde4dda93cad9/elf: could not read sentinel record
addr2line /home/ubuntu/.debug/.build-id/46/307d50d6f59fe08c42c699d2ccde4dda93cad9/elf: unexpected record instead of sentineladdr2line /home/ubuntu/.debug/.build-id/46/307d50d6f59fe08c42c699d2ccde4dda93cad9/elf: could not read first record
addr2line /home/ubuntu/.debug/.build-id/46/307d50d6f59fe08c42c699d2ccde4dda93cad9/elf: could not read sentinel record
addr2line /home/ubuntu/.debug/.build-id/46/307d50d6f59fe08c42c699d2ccde4dda93cad9/elf: could not read sentinel record
addr2line /home/ubuntu/.debug/.build-id/46/307d50d6f59fe08c42c699d2ccde4dda93cad9/elf: unexpected record instead of sentineladdr2line /home/ubuntu/.debug/.build-id/46/307d50d6f59fe08c42c699d2ccde4dda93cad9/elf: unexpected record instead of sentineladdr2line /home/ubuntu/.debug/.build-id/46/307d50d6f59fe08c42c699d2ccde4dda93cad9/elf: could not read sentinel record
addr2line /home/ubuntu/.debug/.build-id/46/307d50d6f59fe08c42c699d2ccde4dda93cad9/elf: could not read sentinel record
addr2line /home/ubuntu/.debug/.build-id/46/307d50d6f59fe08c42c699d2ccde4dda93cad9/elf: could not read sentinel record
addr2line /home/ubuntu/.debug/.build-id/46/307d50d6f59fe08c42c699d2ccde4dda93cad9/elf: unexpected record instead of sentineladdr2line /home/ubuntu/.debug/.build-id/46/307d50d6f59fe08c42c699d2ccde4dda93cad9/elf: unexpected record instead of sentineladdr2line /home/ubuntu/.debug/.build-id/46/307d50d6f59fe08c42c699d2ccde4dda93cad9/elf: unexpected record instead of sentineladdr2line /home/ubuntu/.debug/.build-id/46/307d50d6f59fe08c42c699d2ccde4dda93cad9/elf: could not read sentinel record
addr2line /home/ubuntu/.debug/.build-id/46/307d50d6f59fe08c42c699d2ccde4dda93cad9/elf: could not read first record
addr2line /home/ubuntu/.debug/.build-id/46/307d50d6f59fe08c42c699d2ccde4dda93cad9/elf: could not read sentinel record
addr2line /home/ubuntu/.debug/.build-id/46/307d50d6f59fe08c42c699d2ccde4dda93cad9/elf: unexpected record instead of sentineladdr2line /home/ubuntu/.debug/.build-id/46/307d50d6f59fe08c42c699d2ccde4dda93cad9/elf: could not read first record
addr2line /home/ubuntu/.debug/.build-id/46/307d50d6f59fe08c42c699d2ccde4dda93cad9/elf: unexpected record instead of sentineladdr2line /home/ubuntu/.debug/.build-id/46/307d50d6f59fe08c42c699d2ccde4dda93cad9/elf: could not read sentinel record
addr2line /home/ubuntu/.debug/.build-id/46/307d50d6f59fe08c42c699d2ccde4dda93cad9/elf: could not read sentinel record
addr2line /home/ubuntu/.debug/.build-id/46/307d50d6f59fe08c42c699d2ccde4dda93cad9/elf: unexpected record instead of sentineladdr2line /home/ubuntu/.debug/.build-id/46/307d50d6f59fe08c42c699d2ccde4dda93cad9/elf: could not read sentinel record
addr2line /home/ubuntu/.debug/.build-id/46/307d50d6f59fe08c42c699d2ccde4dda93cad9/elf: unexpected record instead of sentineladdr2line /home/ubuntu/.debug/.build-id/46/307d50d6f59fe08c42c699d2ccde4dda93cad9/elf: unexpected record instead of sentineladdr2line /home/ubuntu/.debug/.build-id/46/307d50d6f59fe08c42c699d2ccde4dda93cad9/elf: unexpected record instead of sentineladdr2line /home/ubuntu/.debug/.build-id/46/307d50d6f59fe08c42c699d2ccde4dda93cad9/elf: could not read first record
addr2line /home/ubuntu/.debug/.build-id/46/307d50d6f59fe08c42c699d2ccde4dda93cad9/elf: could not read sentinel record
addr2line /home/ubuntu/.debug/.build-id/46/307d50d6f59fe08c42c699d2ccde4dda93cad9/elf: could not read sentinel record
addr2line /home/ubuntu/.debug/.build-id/46/307d50d6f59fe08c42c699d2ccde4dda93cad9/elf: unexpected record instead of sentineladdr2line /home/ubuntu/.debug/.build-id/46/307d50d6f59fe08c42c699d2ccde4dda93cad9/elf: could not read sentinel record
addr2line /home/ubuntu/.debug/.build-id/46/307d50d6f59fe08c42c699d2ccde4dda93cad9/elf: unexpected record instead of sentineladdr2line /home/ubuntu/.debug/.build-id/46/307d50d6f59fe08c42c699d2ccde4dda93cad9/elf: could not read sentinel record
addr2line /home/ubuntu/.debug/.build-id/46/307d50d6f59fe08c42c699d2ccde4dda93cad9/elf: could not read first record
addr2line /home/ubuntu/.debug/.build-id/46/307d50d6f59fe08c42c699d2ccde4dda93cad9/elf: unexpected record instead of sentineladdr2line /home/ubuntu/.debug/.build-id/46/307d50d6f59fe08c42c699d2ccde4dda93cad9/elf: unexpected record instead of sentineladdr2line /home/ubuntu/.debug/.build-id/46/307d50d6f59fe08c42c699d2ccde4dda93cad9/elf: could not read sentinel record
addr2line /home/ubuntu/.debug/.build-id/46/307d50d6f59fe08c42c699d2ccde4dda93cad9/elf: could not read sentinel record
addr2line /home/ubuntu/.debug/.build-id/46/307d50d6f59fe08c42c699d2ccde4dda93cad9/elf: could not read sentinel record
addr2line /home/ubuntu/.debug/.build-id/46/307d50d6f59fe08c42c699d2ccde4dda93cad9/elf: unexpected record instead of sentineladdr2line /home/ubuntu/.debug/.build-id/46/307d50d6f59fe08c42c699d2ccde4dda93cad9/elf: could not read first record
addr2line /home/ubuntu/.debug/.build-id/46/307d50d6f59fe08c42c699d2ccde4dda93cad9/elf: unexpected record instead of sentineladdr2line /home/ubuntu/.debug/.build-id/46/307d50d6f59fe08c42c699d2ccde4dda93cad9/elf: could not read sentinel record
addr2line /home/ubuntu/.debug/.build-id/46/307d50d6f59fe08c42c699d2ccde4dda93cad9/elf: could not read sentinel record
addr2line /home/ubuntu/.debug/.build-id/46/307d50d6f59fe08c42c699d2ccde4dda93cad9/elf: could not read sentinel record
addr2line /home/ubuntu/.debug/.build-id/46/307d50d6f59fe08c42c699d2ccde4dda93cad9/elf: unexpected record instead of sentineladdr2line /home/ubuntu/.debug/.build-id/46/307d50d6f59fe08c42c699d2ccde4dda93cad9/elf: could not read sentinel record
addr2line /home/ubuntu/.debug/.build-id/46/307d50d6f59fe08c42c699d2ccde4dda93cad9/elf: unexpected record instead of sentineladdr2line /home/ubuntu/.debug/.build-id/46/307d50d6f59fe08c42c699d2ccde4dda93cad9/elf: unexpected record instead of sentineladdr2line /home/ubuntu/.debug/.build-id/46/307d50d6f59fe08c42c699d2ccde4dda93cad9/elf: unexpected record instead of sentineladdr2line /home/ubuntu/.debug/.build-id/46/307d50d6f59fe08c42c699d2ccde4dda93cad9/elf: could not read first record
addr2line /home/ubuntu/.debug/.build-id/46/307d50d6f59fe08c42c699d2ccde4dda93cad9/elf: could not read first record
addr2line /home/ubuntu/.debug/.build-id/46/307d50d6f59fe08c42c699d2ccde4dda93cad9/elf: unexpected record instead of sentineladdr2line /home/ubuntu/.debug/.build-id/46/307d50d6f59fe08c42c699d2ccde4dda93cad9/elf: could not read sentinel record
addr2line /home/ubuntu/.debug/.build-id/46/307d50d6f59fe08c42c699d2ccde4dda93cad9/elf: could not read sentinel record
addr2line /home/ubuntu/.debug/.build-id/46/307d50d6f59fe08c42c699d2ccde4dda93cad9/elf: unexpected record instead of sentineladdr2line /home/ubuntu/.debug/.build-id/46/307d50d6f59fe08c42c699d2ccde4dda93cad9/elf: unexpected record instead of sentineladdr2line /home/ubuntu/.debug/.build-id/46/307d50d6f59fe08c42c699d2ccde4dda93cad9/elf: unexpected record instead of sentineladdr2line /home/ubuntu/.debug/.build-id/46/307d50d6f59fe08c42c699d2ccde4dda93cad9/elf: could not read sentinel record
addr2line /home/ubuntu/.debug/.build-id/46/307d50d6f59fe08c42c699d2ccde4dda93cad9/elf: unexpected record instead of sentineladdr2line /home/ubuntu/.debug/.build-id/46/307d50d6f59fe08c42c699d2ccde4dda93cad9/elf: could not read sentinel record
addr2line /home/ubuntu/.debug/.build-id/46/307d50d6f59fe08c42c699d2ccde4dda93cad9/elf: could not read first record
addr2line /home/ubuntu/.debug/.build-id/46/307d50d6f59fe08c42c699d2ccde4dda93cad9/elf: could not read sentinel record
addr2line /home/ubuntu/.debug/.build-id/46/307d50d6f59fe08c42c699d2ccde4dda93cad9/elf: could not read first record
addr2line /home/ubuntu/.debug/.build-id/46/307d50d6f59fe08c42c699d2ccde4dda93cad9/elf: unexpected record instead of sentineladdr2line /home/ubuntu/.debug/.build-id/46/307d50d6f59fe08c42c699d2ccde4dda93cad9/elf: could not read sentinel record
addr2line /home/ubuntu/.debug/.build-id/46/307d50d6f59fe08c42c699d2ccde4dda93cad9/elf: unexpected record instead of sentineladdr2line /home/ubuntu/.debug/.build-id/46/307d50d6f59fe08c42c699d2ccde4dda93cad9/elf: could not read sentinel record
addr2line /home/ubuntu/.debug/.build-id/46/307d50d6f59fe08c42c699d2ccde4dda93cad9/elf: could not read sentinel record
addr2line /home/ubuntu/.debug/.build-id/46/307d50d6f59fe08c42c699d2ccde4dda93cad9/elf: unexpected record instead of sentineladdr2line /home/ubuntu/.debug/.build-id/46/307d50d6f59fe08c42c699d2ccde4dda93cad9/elf: unexpected record instead of sentineladdr2line /home/ubuntu/.debug/.build-id/46/307d50d6f59fe08c42c699d2ccde4dda93cad9/elf: could not read sentinel record
addr2line /home/ubuntu/.debug/.build-id/46/307d50d6f59fe08c42c699d2ccde4dda93cad9/elf: could not read first record
addr2line /home/ubuntu/.debug/.build-id/46/307d50d6f59fe08c42c699d2ccde4dda93cad9/elf: could not read first record
addr2line /home/ubuntu/.debug/.build-id/46/307d50d6f59fe08c42c699d2ccde4dda93cad9/elf: unexpected record instead of sentineladdr2line /home/ubuntu/.debug/.build-id/46/307d50d6f59fe08c42c699d2ccde4dda93cad9/elf: unexpected record instead of sentineladdr2line /home/ubuntu/.debug/.build-id/46/307d50d6f59fe08c42c699d2ccde4dda93cad9/elf: could not read sentinel record
addr2line /home/ubuntu/.debug/.build-id/46/307d50d6f59fe08c42c699d2ccde4dda93cad9/elf: unexpected record instead of sentineladdr2line /home/ubuntu/.debug/.build-id/46/307d50d6f59fe08c42c699d2ccde4dda93cad9/elf: unexpected record instead of sentineladdr2line /home/ubuntu/.debug/.build-id/46/307d50d6f59fe08c42c699d2ccde4dda93cad9/elf: could not read sentinel record
addr2line /home/ubuntu/.debug/.build-id/46/307d50d6f59fe08c42c699d2ccde4dda93cad9/elf: unexpected record instead of sentineladdr2line /home/ubuntu/.debug/.build-id/46/307d50d6f59fe08c42c699d2ccde4dda93cad9/elf: could not read sentinel record
addr2line /home/ubuntu/.debug/.build-id/46/307d50d6f59fe08c42c699d2ccde4dda93cad9/elf: unexpected record instead of sentineladdr2line /home/ubuntu/.debug/.build-id/46/307d50d6f59fe08c42c699d2ccde4dda93cad9/elf: could not read sentinel record
addr2line /home/ubuntu/.debug/.build-id/46/307d50d6f59fe08c42c699d2ccde4dda93cad9/elf: could not read sentinel record
addr2line /home/ubuntu/.debug/.build-id/46/307d50d6f59fe08c42c699d2ccde4dda93cad9/elf: unexpected record instead of sentineladdr2line /home/ubuntu/.debug/.build-id/46/307d50d6f59fe08c42c699d2ccde4dda93cad9/elf: unexpected record instead of sentineladdr2line /home/ubuntu/.debug/.build-id/46/307d50d6f59fe08c42c699d2ccde4dda93cad9/elf: could not read sentinel record
addr2line /home/ubuntu/.debug/.build-id/46/307d50d6f59fe08c42c699d2ccde4dda93cad9/elf: could not read sentinel record
addr2line /home/ubuntu/.debug/.build-id/46/307d50d6f59fe08c42c699d2ccde4dda93cad9/elf: unexpected record instead of sentineladdr2line /home/ubuntu/.debug/.build-id/46/307d50d6f59fe08c42c699d2ccde4dda93cad9/elf: unexpected record instead of sentineladdr2line /home/ubuntu/.debug/.build-id/46/307d50d6f59fe08c42c699d2ccde4dda93cad9/elf: could not read sentinel record
addr2line /home/ubuntu/.debug/.build-id/46/307d50d6f59fe08c42c699d2ccde4dda93cad9/elf: could not read sentinel record
addr2line /home/ubuntu/.debug/.build-id/46/307d50d6f59fe08c42c699d2ccde4dda93cad9/elf: unexpected record instead of sentineladdr2line /home/ubuntu/.debug/.build-id/46/307d50d6f59fe08c42c699d2ccde4dda93cad9/elf: could not read sentinel record
addr2line /home/ubuntu/.debug/.build-id/46/307d50d6f59fe08c42c699d2ccde4dda93cad9/elf: could not read first record
addr2line /home/ubuntu/.debug/.build-id/46/307d50d6f59fe08c42c699d2ccde4dda93cad9/elf: unexpected record instead of sentineladdr2line /home/ubuntu/.debug/.build-id/46/307d50d6f59fe08c42c699d2ccde4dda93cad9/elf: could not read sentinel record
addr2line /home/ubuntu/.debug/.build-id/46/307d50d6f59fe08c42c699d2ccde4dda93cad9/elf: unexpected record instead of sentineladdr2line /home/ubuntu/.debug/.build-id/46/307d50d6f59fe08c42c699d2ccde4dda93cad9/elf: unexpected record instead of sentineladdr2line /home/ubuntu/.debug/.build-id/46/307d50d6f59fe08c42c699d2ccde4dda93cad9/elf: unexpected record instead of sentineladdr2line /home/ubuntu/.debug/.build-id/46/307d50d6f59fe08c42c699d2ccde4dda93cad9/elf: could not read sentinel record
addr2line /home/ubuntu/.debug/.build-id/46/307d50d6f59fe08c42c699d2ccde4dda93cad9/elf: unexpected record instead of sentineladdr2line /home/ubuntu/.debug/.build-id/46/307d50d6f59fe08c42c699d2ccde4dda93cad9/elf: unexpected record instead of sentineladdr2line /home/ubuntu/.debug/.build-id/46/307d50d6f59fe08c42c699d2ccde4dda93cad9/elf: could not read sentinel record
addr2line /home/ubuntu/.debug/.build-id/46/307d50d6f59fe08c42c699d2ccde4dda93cad9/elf: could not read first record
addr2line /home/ubuntu/.debug/.build-id/46/307d50d6f59fe08c42c699d2ccde4dda93cad9/elf: could not read sentinel record
addr2line /home/ubuntu/.debug/.build-id/46/307d50d6f59fe08c42c699d2ccde4dda93cad9/elf: could not read first record
addr2line /home/ubuntu/.debug/.build-id/46/307d50d6f59fe08c42c699d2ccde4dda93cad9/elf: could not read sentinel record
addr2line /home/ubuntu/.debug/.build-id/46/307d50d6f59fe08c42c699d2ccde4dda93cad9/elf: unexpected record instead of sentineladdr2line /home/ubuntu/.debug/.build-id/46/307d50d6f59fe08c42c699d2ccde4dda93cad9/elf: could not read first record
addr2line /home/ubuntu/.debug/.build-id/46/307d50d6f59fe08c42c699d2ccde4dda93cad9/elf: could not read sentinel record
addr2line /home/ubuntu/.debug/.build-id/46/307d50d6f59fe08c42c699d2ccde4dda93cad9/elf: could not read sentinel record
addr2line /home/ubuntu/.debug/.build-id/46/307d50d6f59fe08c42c699d2ccde4dda93cad9/elf: could not read sentinel record
addr2line /home/ubuntu/.debug/.build-id/46/307d50d6f59fe08c42c699d2ccde4dda93cad9/elf: unexpected record instead of sentineladdr2line /home/ubuntu/.debug/.build-id/46/307d50d6f59fe08c42c699d2ccde4dda93cad9/elf: unexpected record instead of sentineladdr2line /home/ubuntu/.debug/.build-id/46/307d50d6f59fe08c42c699d2ccde4dda93cad9/elf: could not read sentinel record
addr2line /home/ubuntu/.debug/.build-id/46/307d50d6f59fe08c42c699d2ccde4dda93cad9/elf: could not read first record
addr2line /home/ubuntu/.debug/.build-id/46/307d50d6f59fe08c42c699d2ccde4dda93cad9/elf: could not read sentinel record
addr2line /home/ubuntu/.debug/.build-id/46/307d50d6f59fe08c42c699d2ccde4dda93cad9/elf: could not read sentinel record
addr2line /home/ubuntu/.debug/.build-id/46/307d50d6f59fe08c42c699d2ccde4dda93cad9/elf: could not read sentinel record
addr2line /home/ubuntu/.debug/.build-id/46/307d50d6f59fe08c42c699d2ccde4dda93cad9/elf: could not read sentinel record
addr2line /home/ubuntu/.debug/.build-id/46/307d50d6f59fe08c42c699d2ccde4dda93cad9/elf: could not read sentinel record
Warning:
Kernel address maps (/proc/{kallsyms,modules}) were restricted.

Check /proc/sys/kernel/kptr_restrict before running 'perf record'.

As no suitable kallsyms nor vmlinux was found, kernel samples
can't be resolved.

Samples in kernel modules can't be resolved as well.

