addr2line /home/ubuntu/.debug/.build-id/01/e4f1dbb4061c45802b0af3dd326a76b9155aad/elf: unexpected record instead of sentineladdr2line /home/ubuntu/.debug/.build-id/01/e4f1dbb4061c45802b0af3dd326a76b9155aad/elf: could not read first record
addr2line /home/ubuntu/.debug/.build-id/01/e4f1dbb4061c45802b0af3dd326a76b9155aad/elf: unexpected record instead of sentineladdr2line /home/ubuntu/.debug/.build-id/01/e4f1dbb4061c45802b0af3dd326a76b9155aad/elf: unexpected record instead of sentineladdr2line /home/ubuntu/.debug/.build-id/01/e4f1dbb4061c45802b0af3dd326a76b9155aad/elf: unexpected record instead of sentineladdr2line /home/ubuntu/.debug/.build-id/01/e4f1dbb4061c45802b0af3dd326a76b9155aad/elf: unexpected record instead of sentineladdr2line /home/ubuntu/.debug/.build-id/01/e4f1dbb4061c45802b0af3dd326a76b9155aad/elf: could not read sentinel record
addr2line /home/ubuntu/.debug/.build-id/01/e4f1dbb4061c45802b0af3dd326a76b9155aad/elf: could not read sentinel record
addr2line /home/ubuntu/.debug/.build-id/01/e4f1dbb4061c45802b0af3dd326a76b9155aad/elf: could not read sentinel record
addr2line /home/ubuntu/.debug/.build-id/01/e4f1dbb4061c45802b0af3dd326a76b9155aad/elf: unexpected record instead of sentineladdr2line /home/ubuntu/.debug/.build-id/01/e4f1dbb4061c45802b0af3dd326a76b9155aad/elf: could not read first record
addr2line /home/ubuntu/.debug/.build-id/01/e4f1dbb4061c45802b0af3dd326a76b9155aad/elf: could not read sentinel record
addr2line /home/ubuntu/.debug/.build-id/01/e4f1dbb4061c45802b0af3dd326a76b9155aad/elf: could not read sentinel record
addr2line /home/ubuntu/.debug/.build-id/01/e4f1dbb4061c45802b0af3dd326a76b9155aad/elf: could not read sentinel record
addr2line /home/ubuntu/.debug/.build-id/01/e4f1dbb4061c45802b0af3dd326a76b9155aad/elf: unexpected record instead of sentineladdr2line /home/ubuntu/.debug/.build-id/01/e4f1dbb4061c45802b0af3dd326a76b9155aad/elf: unexpected record instead of sentineladdr2line /home/ubuntu/.debug/.build-id/01/e4f1dbb4061c45802b0af3dd326a76b9155aad/elf: unexpected record instead of sentineladdr2line /home/ubuntu/.debug/.build-id/01/e4f1dbb4061c45802b0af3dd326a76b9155aad/elf: could not read sentinel record
addr2line /home/ubuntu/.debug/.build-id/01/e4f1dbb4061c45802b0af3dd326a76b9155aad/elf: unexpected record instead of sentineladdr2line /home/ubuntu/.debug/.build-id/01/e4f1dbb4061c45802b0af3dd326a76b9155aad/elf: unexpected record instead of sentineladdr2line /home/ubuntu/.debug/.build-id/01/e4f1dbb4061c45802b0af3dd326a76b9155aad/elf: unexpected record instead of sentineladdr2line /home/ubuntu/.debug/.build-id/01/e4f1dbb4061c45802b0af3dd326a76b9155aad/elf: could not read sentinel record
addr2line /home/ubuntu/.debug/.build-id/01/e4f1dbb4061c45802b0af3dd326a76b9155aad/elf: unexpected record instead of sentineladdr2line /home/ubuntu/.debug/.build-id/01/e4f1dbb4061c45802b0af3dd326a76b9155aad/elf: could not read sentinel record
addr2line /home/ubuntu/.debug/.build-id/01/e4f1dbb4061c45802b0af3dd326a76b9155aad/elf: could not read sentinel record
addr2line /home/ubuntu/.debug/.build-id/01/e4f1dbb4061c45802b0af3dd326a76b9155aad/elf: unexpected record instead of sentineladdr2line /home/ubuntu/.debug/.build-id/01/e4f1dbb4061c45802b0af3dd326a76b9155aad/elf: unexpected record instead of sentineladdr2line /home/ubuntu/.debug/.build-id/01/e4f1dbb4061c45802b0af3dd326a76b9155aad/elf: unexpected record instead of sentineladdr2line /home/ubuntu/.debug/.build-id/01/e4f1dbb4061c45802b0af3dd326a76b9155aad/elf: unexpected record instead of sentineladdr2line /home/ubuntu/.debug/.build-id/01/e4f1dbb4061c45802b0af3dd326a76b9155aad/elf: unexpected record instead of sentineladdr2line /home/ubuntu/.debug/.build-id/01/e4f1dbb4061c45802b0af3dd326a76b9155aad/elf: could not read first record
addr2line /home/ubuntu/.debug/.build-id/01/e4f1dbb4061c45802b0af3dd326a76b9155aad/elf: unexpected record instead of sentineladdr2line /home/ubuntu/.debug/.build-id/01/e4f1dbb4061c45802b0af3dd326a76b9155aad/elf: could not read sentinel record
addr2line /home/ubuntu/.debug/.build-id/01/e4f1dbb4061c45802b0af3dd326a76b9155aad/elf: could not read sentinel record
addr2line /home/ubuntu/.debug/.build-id/01/e4f1dbb4061c45802b0af3dd326a76b9155aad/elf: unexpected record instead of sentineladdr2line /home/ubuntu/.debug/.build-id/01/e4f1dbb4061c45802b0af3dd326a76b9155aad/elf: unexpected record instead of sentineladdr2line /home/ubuntu/.debug/.build-id/01/e4f1dbb4061c45802b0af3dd326a76b9155aad/elf: unexpected record instead of sentineladdr2line /home/ubuntu/.debug/.build-id/01/e4f1dbb4061c45802b0af3dd326a76b9155aad/elf: unexpected record instead of sentineladdr2line /home/ubuntu/.debug/.build-id/01/e4f1dbb4061c45802b0af3dd326a76b9155aad/elf: could not read sentinel record
addr2line /home/ubuntu/.debug/.build-id/01/e4f1dbb4061c45802b0af3dd326a76b9155aad/elf: could not read sentinel record
addr2line /home/ubuntu/.debug/.build-id/01/e4f1dbb4061c45802b0af3dd326a76b9155aad/elf: unexpected record instead of sentineladdr2line /home/ubuntu/.debug/.build-id/01/e4f1dbb4061c45802b0af3dd326a76b9155aad/elf: could not read sentinel record
addr2line /home/ubuntu/.debug/.build-id/01/e4f1dbb4061c45802b0af3dd326a76b9155aad/elf: unexpected record instead of sentineladdr2line /home/ubuntu/.debug/.build-id/01/e4f1dbb4061c45802b0af3dd326a76b9155aad/elf: unexpected record instead of sentineladdr2line /home/ubuntu/.debug/.build-id/01/e4f1dbb4061c45802b0af3dd326a76b9155aad/elf: unexpected record instead of sentineladdr2line /home/ubuntu/.debug/.build-id/01/e4f1dbb4061c45802b0af3dd326a76b9155aad/elf: unexpected record instead of sentineladdr2line /home/ubuntu/.debug/.build-id/01/e4f1dbb4061c45802b0af3dd326a76b9155aad/elf: unexpected record instead of sentineladdr2line /home/ubuntu/.debug/.build-id/01/e4f1dbb4061c45802b0af3dd326a76b9155aad/elf: could not read sentinel record
addr2line /home/ubuntu/.debug/.build-id/01/e4f1dbb4061c45802b0af3dd326a76b9155aad/elf: unexpected record instead of sentineladdr2line /home/ubuntu/.debug/.build-id/01/e4f1dbb4061c45802b0af3dd326a76b9155aad/elf: could not read sentinel record
addr2line /home/ubuntu/.debug/.build-id/01/e4f1dbb4061c45802b0af3dd326a76b9155aad/elf: could not read sentinel record
addr2line /home/ubuntu/.debug/.build-id/01/e4f1dbb4061c45802b0af3dd326a76b9155aad/elf: could not read sentinel record
addr2line /home/ubuntu/.debug/.build-id/01/e4f1dbb4061c45802b0af3dd326a76b9155aad/elf: unexpected record instead of sentineladdr2line /home/ubuntu/.debug/.build-id/01/e4f1dbb4061c45802b0af3dd326a76b9155aad/elf: could not read first record
addr2line /home/ubuntu/.debug/.build-id/01/e4f1dbb4061c45802b0af3dd326a76b9155aad/elf: could not read sentinel record
addr2line /home/ubuntu/.debug/.build-id/01/e4f1dbb4061c45802b0af3dd326a76b9155aad/elf: unexpected record instead of sentineladdr2line /home/ubuntu/.debug/.build-id/01/e4f1dbb4061c45802b0af3dd326a76b9155aad/elf: unexpected record instead of sentineladdr2line /home/ubuntu/.debug/.build-id/01/e4f1dbb4061c45802b0af3dd326a76b9155aad/elf: could not read sentinel record
addr2line /home/ubuntu/.debug/.build-id/01/e4f1dbb4061c45802b0af3dd326a76b9155aad/elf: unexpected record instead of sentineladdr2line /home/ubuntu/.debug/.build-id/01/e4f1dbb4061c45802b0af3dd326a76b9155aad/elf: could not read sentinel record
addr2line /home/ubuntu/.debug/.build-id/01/e4f1dbb4061c45802b0af3dd326a76b9155aad/elf: could not read sentinel record
addr2line /home/ubuntu/.debug/.build-id/01/e4f1dbb4061c45802b0af3dd326a76b9155aad/elf: unexpected record instead of sentineladdr2line /home/ubuntu/.debug/.build-id/01/e4f1dbb4061c45802b0af3dd326a76b9155aad/elf: unexpected record instead of sentineladdr2line /home/ubuntu/.debug/.build-id/01/e4f1dbb4061c45802b0af3dd326a76b9155aad/elf: unexpected record instead of sentineladdr2line /home/ubuntu/.debug/.build-id/01/e4f1dbb4061c45802b0af3dd326a76b9155aad/elf: unexpected record instead of sentineladdr2line /home/ubuntu/.debug/.build-id/01/e4f1dbb4061c45802b0af3dd326a76b9155aad/elf: could not read sentinel record
addr2line /home/ubuntu/.debug/.build-id/01/e4f1dbb4061c45802b0af3dd326a76b9155aad/elf: could not read sentinel record
addr2line /home/ubuntu/.debug/.build-id/01/e4f1dbb4061c45802b0af3dd326a76b9155aad/elf: unexpected record instead of sentineladdr2line /home/ubuntu/.debug/.build-id/01/e4f1dbb4061c45802b0af3dd326a76b9155aad/elf: could not read sentinel record
addr2line /home/ubuntu/.debug/.build-id/01/e4f1dbb4061c45802b0af3dd326a76b9155aad/elf: unexpected record instead of sentineladdr2line /home/ubuntu/.debug/.build-id/01/e4f1dbb4061c45802b0af3dd326a76b9155aad/elf: unexpected record instead of sentineladdr2line /home/ubuntu/.debug/.build-id/01/e4f1dbb4061c45802b0af3dd326a76b9155aad/elf: unexpected record instead of sentineladdr2line /home/ubuntu/.debug/.build-id/01/e4f1dbb4061c45802b0af3dd326a76b9155aad/elf: unexpected record instead of sentineladdr2line /home/ubuntu/.debug/.build-id/01/e4f1dbb4061c45802b0af3dd326a76b9155aad/elf: could not read sentinel record
addr2line /home/ubuntu/.debug/.build-id/01/e4f1dbb4061c45802b0af3dd326a76b9155aad/elf: could not read sentinel record
addr2line /home/ubuntu/.debug/.build-id/01/e4f1dbb4061c45802b0af3dd326a76b9155aad/elf: unexpected record instead of sentineladdr2line /home/ubuntu/.debug/.build-id/01/e4f1dbb4061c45802b0af3dd326a76b9155aad/elf: unexpected record instead of sentineladdr2line /home/ubuntu/.debug/.build-id/01/e4f1dbb4061c45802b0af3dd326a76b9155aad/elf: could not read first record
addr2line /home/ubuntu/.debug/.build-id/01/e4f1dbb4061c45802b0af3dd326a76b9155aad/elf: unexpected record instead of sentineladdr2line /home/ubuntu/.debug/.build-id/01/e4f1dbb4061c45802b0af3dd326a76b9155aad/elf: could not read first record
addr2line /home/ubuntu/.debug/.build-id/01/e4f1dbb4061c45802b0af3dd326a76b9155aad/elf: could not read first record
addr2line /home/ubuntu/.debug/.build-id/01/e4f1dbb4061c45802b0af3dd326a76b9155aad/elf: unexpected record instead of sentineladdr2line /home/ubuntu/.debug/.build-id/01/e4f1dbb4061c45802b0af3dd326a76b9155aad/elf: could not read sentinel record
addr2line /home/ubuntu/.debug/.build-id/01/e4f1dbb4061c45802b0af3dd326a76b9155aad/elf: could not read sentinel record
addr2line /home/ubuntu/.debug/.build-id/01/e4f1dbb4061c45802b0af3dd326a76b9155aad/elf: could not read sentinel record
addr2line /home/ubuntu/.debug/.build-id/01/e4f1dbb4061c45802b0af3dd326a76b9155aad/elf: unexpected record instead of sentineladdr2line /home/ubuntu/.debug/.build-id/01/e4f1dbb4061c45802b0af3dd326a76b9155aad/elf: unexpected record instead of sentineladdr2line /home/ubuntu/.debug/.build-id/01/e4f1dbb4061c45802b0af3dd326a76b9155aad/elf: could not read sentinel record
addr2line /home/ubuntu/.debug/.build-id/01/e4f1dbb4061c45802b0af3dd326a76b9155aad/elf: could not read first record
addr2line /home/ubuntu/.debug/.build-id/01/e4f1dbb4061c45802b0af3dd326a76b9155aad/elf: could not read sentinel record
addr2line /home/ubuntu/.debug/.build-id/01/e4f1dbb4061c45802b0af3dd326a76b9155aad/elf: unexpected record instead of sentineladdr2line /home/ubuntu/.debug/.build-id/01/e4f1dbb4061c45802b0af3dd326a76b9155aad/elf: could not read first record
addr2line /home/ubuntu/.debug/.build-id/01/e4f1dbb4061c45802b0af3dd326a76b9155aad/elf: could not read first record
addr2line /home/ubuntu/.debug/.build-id/01/e4f1dbb4061c45802b0af3dd326a76b9155aad/elf: unexpected record instead of sentineladdr2line /home/ubuntu/.debug/.build-id/01/e4f1dbb4061c45802b0af3dd326a76b9155aad/elf: could not read sentinel record
addr2line /home/ubuntu/.debug/.build-id/01/e4f1dbb4061c45802b0af3dd326a76b9155aad/elf: unexpected record instead of sentineladdr2line /home/ubuntu/.debug/.build-id/01/e4f1dbb4061c45802b0af3dd326a76b9155aad/elf: unexpected record instead of sentineladdr2line /home/ubuntu/.debug/.build-id/01/e4f1dbb4061c45802b0af3dd326a76b9155aad/elf: could not read sentinel record
addr2line /home/ubuntu/.debug/.build-id/01/e4f1dbb4061c45802b0af3dd326a76b9155aad/elf: could not read first record
addr2line /home/ubuntu/.debug/.build-id/01/e4f1dbb4061c45802b0af3dd326a76b9155aad/elf: could not read sentinel record
addr2line /home/ubuntu/.debug/.build-id/01/e4f1dbb4061c45802b0af3dd326a76b9155aad/elf: unexpected record instead of sentineladdr2line /home/ubuntu/.debug/.build-id/01/e4f1dbb4061c45802b0af3dd326a76b9155aad/elf: unexpected record instead of sentineladdr2line /home/ubuntu/.debug/.build-id/01/e4f1dbb4061c45802b0af3dd326a76b9155aad/elf: unexpected record instead of sentineladdr2line /home/ubuntu/.debug/.build-id/01/e4f1dbb4061c45802b0af3dd326a76b9155aad/elf: could not read sentinel record
addr2line /home/ubuntu/.debug/.build-id/01/e4f1dbb4061c45802b0af3dd326a76b9155aad/elf: could not read sentinel record
addr2line /home/ubuntu/.debug/.build-id/01/e4f1dbb4061c45802b0af3dd326a76b9155aad/elf: could not read first record
addr2line /home/ubuntu/.debug/.build-id/01/e4f1dbb4061c45802b0af3dd326a76b9155aad/elf: could not read sentinel record
addr2line /home/ubuntu/.debug/.build-id/01/e4f1dbb4061c45802b0af3dd326a76b9155aad/elf: could not read sentinel record
addr2line /home/ubuntu/.debug/.build-id/01/e4f1dbb4061c45802b0af3dd326a76b9155aad/elf: could not read sentinel record
addr2line /home/ubuntu/.debug/.build-id/01/e4f1dbb4061c45802b0af3dd326a76b9155aad/elf: unexpected record instead of sentineladdr2line /home/ubuntu/.debug/.build-id/01/e4f1dbb4061c45802b0af3dd326a76b9155aad/elf: unexpected record instead of sentineladdr2line /home/ubuntu/.debug/.build-id/01/e4f1dbb4061c45802b0af3dd326a76b9155aad/elf: unexpected record instead of sentineladdr2line /home/ubuntu/.debug/.build-id/01/e4f1dbb4061c45802b0af3dd326a76b9155aad/elf: could not read sentinel record
addr2line /home/ubuntu/.debug/.build-id/01/e4f1dbb4061c45802b0af3dd326a76b9155aad/elf: could not read sentinel record
addr2line /home/ubuntu/.debug/.build-id/01/e4f1dbb4061c45802b0af3dd326a76b9155aad/elf: could not read sentinel record
addr2line /home/ubuntu/.debug/.build-id/01/e4f1dbb4061c45802b0af3dd326a76b9155aad/elf: could not read sentinel record
addr2line /home/ubuntu/.debug/.build-id/01/e4f1dbb4061c45802b0af3dd326a76b9155aad/elf: unexpected record instead of sentineladdr2line /home/ubuntu/.debug/.build-id/01/e4f1dbb4061c45802b0af3dd326a76b9155aad/elf: unexpected record instead of sentineladdr2line /home/ubuntu/.debug/.build-id/01/e4f1dbb4061c45802b0af3dd326a76b9155aad/elf: could not read sentinel record
addr2line /home/ubuntu/.debug/.build-id/01/e4f1dbb4061c45802b0af3dd326a76b9155aad/elf: unexpected record instead of sentineladdr2line /home/ubuntu/.debug/.build-id/01/e4f1dbb4061c45802b0af3dd326a76b9155aad/elf: could not read sentinel record
addr2line /home/ubuntu/.debug/.build-id/01/e4f1dbb4061c45802b0af3dd326a76b9155aad/elf: could not read sentinel record
addr2line /home/ubuntu/.debug/.build-id/01/e4f1dbb4061c45802b0af3dd326a76b9155aad/elf: could not read first record
addr2line /home/ubuntu/.debug/.build-id/01/e4f1dbb4061c45802b0af3dd326a76b9155aad/elf: unexpected record instead of sentineladdr2line /home/ubuntu/.debug/.build-id/01/e4f1dbb4061c45802b0af3dd326a76b9155aad/elf: could not read sentinel record
addr2line /home/ubuntu/.debug/.build-id/01/e4f1dbb4061c45802b0af3dd326a76b9155aad/elf: could not read sentinel record
addr2line /home/ubuntu/.debug/.build-id/01/e4f1dbb4061c45802b0af3dd326a76b9155aad/elf: could not read sentinel record
addr2line /home/ubuntu/.debug/.build-id/01/e4f1dbb4061c45802b0af3dd326a76b9155aad/elf: could not read first record
addr2line /home/ubuntu/.debug/.build-id/01/e4f1dbb4061c45802b0af3dd326a76b9155aad/elf: unexpected record instead of sentineladdr2line /home/ubuntu/.debug/.build-id/01/e4f1dbb4061c45802b0af3dd326a76b9155aad/elf: could not read sentinel record
addr2line /home/ubuntu/.debug/.build-id/01/e4f1dbb4061c45802b0af3dd326a76b9155aad/elf: unexpected record instead of sentineladdr2line /home/ubuntu/.debug/.build-id/01/e4f1dbb4061c45802b0af3dd326a76b9155aad/elf: could not read sentinel record
addr2line /home/ubuntu/.debug/.build-id/01/e4f1dbb4061c45802b0af3dd326a76b9155aad/elf: could not read sentinel record
addr2line /home/ubuntu/.debug/.build-id/01/e4f1dbb4061c45802b0af3dd326a76b9155aad/elf: unexpected record instead of sentineladdr2line /home/ubuntu/.debug/.build-id/01/e4f1dbb4061c45802b0af3dd326a76b9155aad/elf: unexpected record instead of sentineladdr2line /home/ubuntu/.debug/.build-id/01/e4f1dbb4061c45802b0af3dd326a76b9155aad/elf: could not read first record
addr2line /home/ubuntu/.debug/.build-id/01/e4f1dbb4061c45802b0af3dd326a76b9155aad/elf: could not read sentinel record
addr2line /home/ubuntu/.debug/.build-id/01/e4f1dbb4061c45802b0af3dd326a76b9155aad/elf: could not read first record
addr2line /home/ubuntu/.debug/.build-id/01/e4f1dbb4061c45802b0af3dd326a76b9155aad/elf: unexpected record instead of sentineladdr2line /home/ubuntu/.debug/.build-id/01/e4f1dbb4061c45802b0af3dd326a76b9155aad/elf: could not read sentinel record
addr2line /home/ubuntu/.debug/.build-id/01/e4f1dbb4061c45802b0af3dd326a76b9155aad/elf: could not read sentinel record
addr2line /home/ubuntu/.debug/.build-id/01/e4f1dbb4061c45802b0af3dd326a76b9155aad/elf: unexpected record instead of sentineladdr2line /home/ubuntu/.debug/.build-id/01/e4f1dbb4061c45802b0af3dd326a76b9155aad/elf: could not read sentinel record
addr2line /home/ubuntu/.debug/.build-id/01/e4f1dbb4061c45802b0af3dd326a76b9155aad/elf: could not read sentinel record
addr2line /home/ubuntu/.debug/.build-id/01/e4f1dbb4061c45802b0af3dd326a76b9155aad/elf: unexpected record instead of sentineladdr2line /home/ubuntu/.debug/.build-id/01/e4f1dbb4061c45802b0af3dd326a76b9155aad/elf: could not read sentinel record
addr2line /home/ubuntu/.debug/.build-id/01/e4f1dbb4061c45802b0af3dd326a76b9155aad/elf: unexpected record instead of sentineladdr2line /home/ubuntu/.debug/.build-id/01/e4f1dbb4061c45802b0af3dd326a76b9155aad/elf: could not read sentinel record
Warning:
Kernel address maps (/proc/{kallsyms,modules}) were restricted.

Check /proc/sys/kernel/kptr_restrict before running 'perf record'.

As no suitable kallsyms nor vmlinux was found, kernel samples
can't be resolved.

Samples in kernel modules can't be resolved as well.

