  [2m2026-06-13T00:59:28.631042Z[0m [32m INFO[0m [1;32mrch::hook[0m[32m: [32mSelected worker: hz1 at root@87.99.133.171 (3 slots remaining after reservation, speed 50.0)[0m
    [2;3mat[0m rch/src/hook.rs:514 [2;3mon[0m ThreadId(1)

  [2m2026-06-13T00:59:28.806687Z[0m [32m INFO[0m [1;32mrch::hook[0m[32m: [32mStarting remote compilation pipeline for frankenredis-coralox-pass149-20260613T001226Z (hash: 3ea69445350f3119)[0m
    [2;3mat[0m rch/src/hook.rs:5994 [2;3mon[0m ThreadId(1)

  [2m2026-06-13T00:59:28.806739Z[0m [32m INFO[0m [1;32mrch::hook[0m[32m: [32mPrepared dependency sync manifest for 14 roots[0m
    [2;3mat[0m rch/src/hook.rs:6016 [2;3mon[0m ThreadId(1)

  [2m2026-06-13T00:59:31.377483Z[0m [32m INFO[0m [1;32mrch::hook[0m[32m: [32mSyncing project to worker hz1...[0m
    [2;3mat[0m rch/src/hook.rs:6046 [2;3mon[0m ThreadId(1)

  [2m2026-06-13T00:59:31.377558Z[0m [32m INFO[0m [1;32mrch::transfer[0m[32m: [32mSyncing /data/projects/.scratch/frankenredis-coralox-pass149-20260613T001226Z -> /data/projects/.scratch/frankenredis-coralox-pass149-20260613T001226Z on hz1[0m
    [2;3mat[0m rch/src/transfer.rs:1434 [2;3mon[0m ThreadId(1)

  [2m2026-06-13T00:59:34.295846Z[0m [32m INFO[0m [1;32mrch::transfer[0m[32m: [32mSync completed in 2918ms[0m
    [2;3mat[0m rch/src/transfer.rs:1503 [2;3mon[0m ThreadId(1)

  [2m2026-06-13T00:59:34.295978Z[0m [32m INFO[0m [1;32mrch::transfer[0m[32m: [32mSyncing /data/projects/.scratch/frankenredis-coralox-pass149-20260613T001226Z/crates/fr-bench -> /data/projects/.scratch/frankenredis-coralox-pass149-20260613T001226Z/crates/fr-bench on hz1[0m
    [2;3mat[0m rch/src/transfer.rs:1434 [2;3mon[0m ThreadId(1)

  [2m2026-06-13T00:59:34.718998Z[0m [32m INFO[0m [1;32mrch::transfer[0m[32m: [32mSync completed in 422ms[0m
    [2;3mat[0m rch/src/transfer.rs:1503 [2;3mon[0m ThreadId(1)

  [2m2026-06-13T00:59:34.719071Z[0m [32m INFO[0m [1;32mrch::transfer[0m[32m: [32mSyncing /data/projects/.scratch/frankenredis-coralox-pass149-20260613T001226Z/crates/fr-command -> /data/projects/.scratch/frankenredis-coralox-pass149-20260613T001226Z/crates/fr-command on hz1[0m
    [2;3mat[0m rch/src/transfer.rs:1434 [2;3mon[0m ThreadId(1)

  [2m2026-06-13T00:59:35.102086Z[0m [32m INFO[0m [1;32mrch::transfer[0m[32m: [32mSync completed in 382ms[0m
    [2;3mat[0m rch/src/transfer.rs:1503 [2;3mon[0m ThreadId(1)

  [2m2026-06-13T00:59:35.102172Z[0m [32m INFO[0m [1;32mrch::transfer[0m[32m: [32mSyncing /data/projects/.scratch/frankenredis-coralox-pass149-20260613T001226Z/crates/fr-config -> /data/projects/.scratch/frankenredis-coralox-pass149-20260613T001226Z/crates/fr-config on hz1[0m
    [2;3mat[0m rch/src/transfer.rs:1434 [2;3mon[0m ThreadId(1)

  [2m2026-06-13T00:59:35.517095Z[0m [32m INFO[0m [1;32mrch::transfer[0m[32m: [32mSync completed in 414ms[0m
    [2;3mat[0m rch/src/transfer.rs:1503 [2;3mon[0m ThreadId(1)

  [2m2026-06-13T00:59:35.517191Z[0m [32m INFO[0m [1;32mrch::transfer[0m[32m: [32mSyncing /data/projects/.scratch/frankenredis-coralox-pass149-20260613T001226Z/crates/fr-conformance -> /data/projects/.scratch/frankenredis-coralox-pass149-20260613T001226Z/crates/fr-conformance on hz1[0m
    [2;3mat[0m rch/src/transfer.rs:1434 [2;3mon[0m ThreadId(1)

  [2m2026-06-13T00:59:35.903755Z[0m [32m INFO[0m [1;32mrch::transfer[0m[32m: [32mSync completed in 386ms[0m
    [2;3mat[0m rch/src/transfer.rs:1503 [2;3mon[0m ThreadId(1)

  [2m2026-06-13T00:59:35.903844Z[0m [32m INFO[0m [1;32mrch::transfer[0m[32m: [32mSyncing /data/projects/.scratch/frankenredis-coralox-pass149-20260613T001226Z/crates/fr-eventloop -> /data/projects/.scratch/frankenredis-coralox-pass149-20260613T001226Z/crates/fr-eventloop on hz1[0m
    [2;3mat[0m rch/src/transfer.rs:1434 [2;3mon[0m ThreadId(1)

  [2m2026-06-13T00:59:36.305658Z[0m [32m INFO[0m [1;32mrch::transfer[0m[32m: [32mSync completed in 401ms[0m
    [2;3mat[0m rch/src/transfer.rs:1503 [2;3mon[0m ThreadId(1)

  [2m2026-06-13T00:59:36.305773Z[0m [32m INFO[0m [1;32mrch::transfer[0m[32m: [32mSyncing /data/projects/.scratch/frankenredis-coralox-pass149-20260613T001226Z/crates/fr-expire -> /data/projects/.scratch/frankenredis-coralox-pass149-20260613T001226Z/crates/fr-expire on hz1[0m
    [2;3mat[0m rch/src/transfer.rs:1434 [2;3mon[0m ThreadId(1)

  [2m2026-06-13T00:59:36.832014Z[0m [32m INFO[0m [1;32mrch::transfer[0m[32m: [32mSync completed in 526ms[0m
    [2;3mat[0m rch/src/transfer.rs:1503 [2;3mon[0m ThreadId(1)

  [2m2026-06-13T00:59:36.832111Z[0m [32m INFO[0m [1;32mrch::transfer[0m[32m: [32mSyncing /data/projects/.scratch/frankenredis-coralox-pass149-20260613T001226Z/crates/fr-persist -> /data/projects/.scratch/frankenredis-coralox-pass149-20260613T001226Z/crates/fr-persist on hz1[0m
    [2;3mat[0m rch/src/transfer.rs:1434 [2;3mon[0m ThreadId(1)

  [2m2026-06-13T00:59:37.237602Z[0m [32m INFO[0m [1;32mrch::transfer[0m[32m: [32mSync completed in 405ms[0m
    [2;3mat[0m rch/src/transfer.rs:1503 [2;3mon[0m ThreadId(1)

  [2m2026-06-13T00:59:37.237704Z[0m [32m INFO[0m [1;32mrch::transfer[0m[32m: [32mSyncing /data/projects/.scratch/frankenredis-coralox-pass149-20260613T001226Z/crates/fr-protocol -> /data/projects/.scratch/frankenredis-coralox-pass149-20260613T001226Z/crates/fr-protocol on hz1[0m
    [2;3mat[0m rch/src/transfer.rs:1434 [2;3mon[0m ThreadId(1)

  [2m2026-06-13T00:59:37.676206Z[0m [32m INFO[0m [1;32mrch::transfer[0m[32m: [32mSync completed in 438ms[0m
    [2;3mat[0m rch/src/transfer.rs:1503 [2;3mon[0m ThreadId(1)

  [2m2026-06-13T00:59:37.676324Z[0m [32m INFO[0m [1;32mrch::transfer[0m[32m: [32mSyncing /data/projects/.scratch/frankenredis-coralox-pass149-20260613T001226Z/crates/fr-repl -> /data/projects/.scratch/frankenredis-coralox-pass149-20260613T001226Z/crates/fr-repl on hz1[0m
    [2;3mat[0m rch/src/transfer.rs:1434 [2;3mon[0m ThreadId(1)

  [2m2026-06-13T00:59:38.138572Z[0m [32m INFO[0m [1;32mrch::transfer[0m[32m: [32mSync completed in 462ms[0m
    [2;3mat[0m rch/src/transfer.rs:1503 [2;3mon[0m ThreadId(1)

  [2m2026-06-13T00:59:38.138668Z[0m [32m INFO[0m [1;32mrch::transfer[0m[32m: [32mSyncing /data/projects/.scratch/frankenredis-coralox-pass149-20260613T001226Z/crates/fr-runtime -> /data/projects/.scratch/frankenredis-coralox-pass149-20260613T001226Z/crates/fr-runtime on hz1[0m
    [2;3mat[0m rch/src/transfer.rs:1434 [2;3mon[0m ThreadId(1)

  [2m2026-06-13T00:59:38.531809Z[0m [32m INFO[0m [1;32mrch::transfer[0m[32m: [32mSync completed in 393ms[0m
    [2;3mat[0m rch/src/transfer.rs:1503 [2;3mon[0m ThreadId(1)

  [2m2026-06-13T00:59:38.531895Z[0m [32m INFO[0m [1;32mrch::transfer[0m[32m: [32mSyncing /data/projects/.scratch/frankenredis-coralox-pass149-20260613T001226Z/crates/fr-sentinel -> /data/projects/.scratch/frankenredis-coralox-pass149-20260613T001226Z/crates/fr-sentinel on hz1[0m
    [2;3mat[0m rch/src/transfer.rs:1434 [2;3mon[0m ThreadId(1)

  [2m2026-06-13T00:59:38.928739Z[0m [32m INFO[0m [1;32mrch::transfer[0m[32m: [32mSync completed in 396ms[0m
    [2;3mat[0m rch/src/transfer.rs:1503 [2;3mon[0m ThreadId(1)

  [2m2026-06-13T00:59:38.928830Z[0m [32m INFO[0m [1;32mrch::transfer[0m[32m: [32mSyncing /data/projects/.scratch/frankenredis-coralox-pass149-20260613T001226Z/crates/fr-server -> /data/projects/.scratch/frankenredis-coralox-pass149-20260613T001226Z/crates/fr-server on hz1[0m
    [2;3mat[0m rch/src/transfer.rs:1434 [2;3mon[0m ThreadId(1)

  [2m2026-06-13T00:59:39.321983Z[0m [32m INFO[0m [1;32mrch::transfer[0m[32m: [32mSync completed in 393ms[0m
    [2;3mat[0m rch/src/transfer.rs:1503 [2;3mon[0m ThreadId(1)

  [2m2026-06-13T00:59:39.322089Z[0m [32m INFO[0m [1;32mrch::transfer[0m[32m: [32mSyncing /data/projects/.scratch/frankenredis-coralox-pass149-20260613T001226Z/crates/fr-store -> /data/projects/.scratch/frankenredis-coralox-pass149-20260613T001226Z/crates/fr-store on hz1[0m
    [2;3mat[0m rch/src/transfer.rs:1434 [2;3mon[0m ThreadId(1)

  [2m2026-06-13T00:59:39.713615Z[0m [32m INFO[0m [1;32mrch::transfer[0m[32m: [32mSync completed in 391ms[0m
    [2;3mat[0m rch/src/transfer.rs:1503 [2;3mon[0m ThreadId(1)

  [2m2026-06-13T00:59:39.713670Z[0m [32m INFO[0m [1;32mrch::hook[0m[32m: [32mSync complete: 94067 files, 14836748 bytes in 8327ms[0m
    [2;3mat[0m rch/src/hook.rs:6209 [2;3mon[0m ThreadId(1)

  [2m2026-06-13T00:59:40.765249Z[0m [32m INFO[0m [1;32mrch::hook[0m[32m: [32mExecuting command remotely: cargo check -p fr-server --all-targets[0m
    [2;3mat[0m rch/src/hook.rs:6252 [2;3mon[0m ThreadId(1)

  [2m2026-06-13T00:59:40.765314Z[0m [32m INFO[0m [1;32mrch::transfer[0m[32m: [32mRewriting CARGO_TARGET_DIR for remote execution (worker-scoped path): /data/tmp/cargo-target -> /data/projects/.scratch/frankenredis-coralox-pass149-20260613T001226Z/.rch-target-hz1-job-29884606035526370-1781312371377475404-0[0m
    [2;3mat[0m rch/src/transfer.rs:712 [2;3mon[0m ThreadId(1)

    Updating crates.io index
 Downloading crates ...
  Downloaded block-buffer v0.12.0
  Downloaded crypto-common v0.2.1
  Downloaded equivalent v1.0.2
  Downloaded foldhash v0.1.5
  Downloaded find-msvc-tools v0.1.9
  Downloaded itoa v1.0.18
  Downloaded hex v0.4.3
  Downloaded digest v0.11.2
  Downloaded cfg-if v1.0.4
  Downloaded cpufeatures v0.3.0
  Downloaded mimalloc v0.1.49
  Downloaded zmij v1.0.21
  Downloaded shlex v1.3.0
  Downloaded sha2 v0.11.0
  Downloaded const-oid v0.10.2
  Downloaded log v0.4.29
  Downloaded hybrid-array v0.4.10
  Downloaded serde_core v1.0.228
  Downloaded indexmap v2.14.0
  Downloaded memchr v2.8.0
  Downloaded cc v1.2.60
  Downloaded mio v1.2.0
  Downloaded serde_json v1.0.149
  Downloaded typenum v1.20.0
  Downloaded hashbrown v0.17.0
  Downloaded libmimalloc-sys v0.1.46
  Downloaded libc v0.2.185
   Compiling serde_core v1.0.228
   Compiling zmij v1.0.21
    Checking typenum v1.20.0
   Compiling serde_json v1.0.149
   Compiling libc v0.2.185
   Compiling find-msvc-tools v0.1.9
    Checking fr-protocol v0.1.0 (/data/projects/.scratch/frankenredis-coralox-pass149-20260613T001226Z/crates/fr-protocol)
   Compiling memchr v2.8.0
   Compiling itoa v1.0.18
   Compiling shlex v1.3.0
    Checking hashbrown v0.17.0
    Checking equivalent v1.0.2
   Compiling cc v1.2.60
    Checking const-oid v0.10.2
    Checking fr-sentinel v0.1.0 (/data/projects/.scratch/frankenredis-coralox-pass149-20260613T001226Z/crates/fr-sentinel)
    Checking fr-persist v0.1.0 (/data/projects/.scratch/frankenredis-coralox-pass149-20260613T001226Z/crates/fr-persist)
    Checking indexmap v2.14.0
    Checking hybrid-array v0.4.10
    Checking cpufeatures v0.3.0
    Checking cfg-if v1.0.4
    Checking fr-expire v0.1.0 (/data/projects/.scratch/frankenredis-coralox-pass149-20260613T001226Z/crates/fr-expire)
    Checking foldhash v0.1.5
    Checking fr-config v0.1.0 (/data/projects/.scratch/frankenredis-coralox-pass149-20260613T001226Z/crates/fr-config)
    Checking fr-repl v0.1.0 (/data/projects/.scratch/frankenredis-coralox-pass149-20260613T001226Z/crates/fr-repl)
    Checking fr-store v0.1.0 (/data/projects/.scratch/frankenredis-coralox-pass149-20260613T001226Z/crates/fr-store)
    Checking crypto-common v0.2.1
    Checking block-buffer v0.12.0
    Checking hex v0.4.3
    Checking fr-eventloop v0.1.0 (/data/projects/.scratch/frankenredis-coralox-pass149-20260613T001226Z/crates/fr-eventloop)
    Checking log v0.4.29
   Compiling libmimalloc-sys v0.1.46
    Checking mio v1.2.0
    Checking digest v0.11.2
    Checking sha2 v0.11.0
    Checking mimalloc v0.1.49
   Compiling fr-command v0.1.0 (/data/projects/.scratch/frankenredis-coralox-pass149-20260613T001226Z/crates/fr-command)
    Checking fr-runtime v0.1.0 (/data/projects/.scratch/frankenredis-coralox-pass149-20260613T001226Z/crates/fr-runtime)
warning: method `is_zpop` is never used
   --> crates/fr-runtime/src/lib.rs:365:8
    |
341 | impl PlainKeyedPopCmd {
    | --------------------- method in this implementation
...
365 |     fn is_zpop(self) -> bool {
    |        ^^^^^^^
    |
    = note: `#[warn(dead_code)]` (part of `#[warn(unused)]`) on by default

warning: `fr-runtime` (lib) generated 1 warning
    Checking fr-server v0.1.0 (/data/projects/.scratch/frankenredis-coralox-pass149-20260613T001226Z/crates/fr-server)
error: lifetime may not live long enough
    --> crates/fr-server/src/main.rs:2352:11
     |
2343 |       unparsed: &[u8],
     |                 - let's call the lifetime of this reference `'1`
...
2348 |       borrowed_args: &mut Vec<&[u8]>,
     |                               - let's call the lifetime of this reference `'2`
...
2352 |       match fr_protocol::parse_command_args_borrowed_into(
     |  ___________^
2353 | |         unparsed,
2354 | |         &parser_config,
2355 | |         borrowed_args,
2356 | |     ) {
     | |_____^ argument requires that `'1` must outlive `'2`
     |
     = note: requirement occurs because of a mutable reference to `Vec<&[u8]>`
     = note: mutable references are invariant over their type parameter
     = help: see <https://doc.rust-lang.org/nomicon/subtyping.html> for more information about variance
help: consider introducing a named lifetime parameter
     |
2342 ~ fn parse_borrowed_multibulk_action<'a>(
2343 ~     unparsed: &'a [u8],
2344 |     parser_config: ParserConfig,
 ...
2347 |     out: &mut Vec<u8>,
2348 ~     borrowed_args: &mut Vec<&'a [u8]>,
     |

error: could not compile `fr-server` (bin "frankenredis") due to 1 previous error
warning: build failed, waiting for other jobs to finish...
error: could not compile `fr-server` (bin "frankenredis" test) due to 1 previous error
  [2m2026-06-13T00:59:51.756521Z[0m [32m INFO[0m [1;32mrch::hook[0m[32m: [32mRemote command finished: exit=101 in 10991ms[0m
    [2;3mat[0m rch/src/hook.rs:6376 [2;3mon[0m ThreadId(1)

[RCH] remote hz1 failed (exit 101)
